[Jul 18, 2021 21:56:18] [INFO] Initializing mautrix-whatsapp 0.1.7+dev.unknown (unknown)
[Jul 18, 2021 21:56:18] [DEBUG] Initializing database connection
[Jul 18, 2021 21:56:18] [DEBUG] Initializing state store
[Jul 18, 2021 21:56:18] [DEBUG] Initializing Matrix event processor
[Jul 18, 2021 21:56:18] [DEBUG] Initializing Matrix event handler
[Jul 18, 2021 21:56:18] [DEBUG] Bridge built with end-to-bridge encryption, but disabled in config
[Jul 18, 2021 21:56:18] [INFO] Bridge initialization complete, starting...
[Jul 18, 2021 21:56:18] [DEBUG] Running database upgrades
[Jul 18, 2021 21:56:18] [Database/Upgrade/INFO] Database currently on v21, latest: v21
[Jul 18, 2021 21:56:18] [DEBUG] Checking connection to homeserver
[Jul 18, 2021 21:56:18] [DEBUG] Starting application service HTTP server
[Jul 18, 2021 21:56:18] [DEBUG] Starting event processor
[Jul 18, 2021 21:56:18] [Matrix/INFO] Listening on 0.0.0.0:29318
[Jul 18, 2021 21:56:18] [INFO] Bridge started!
[Jul 18, 2021 21:56:18] [DEBUG] Updating bot profile
[Jul 18, 2021 21:56:18] [DEBUG] Starting users
[Jul 18, 2021 21:56:18] [DEBUG] Starting custom puppets
[Jul 18, 2021 21:56:18] [User/@rodrigo:lenovo/DEBUG] Connecting to WhatsApp
[Jul 18, 2021 21:56:18] [User/@rodrigo:lenovo/Conn/DEBUG] Dialing wss://web.whatsapp.com/ws
[Jul 18, 2021 21:56:18] [User/@rodrigo:lenovo/Conn/DEBUG] Successfully connected to websocket
[Jul 18, 2021 21:56:18] [User/@rodrigo:lenovo/Conn/DEBUG] Websocket keepalive loop starting 0xc000582050
[Jul 18, 2021 21:56:18] [User/@rodrigo:lenovo/Conn/DEBUG] Websocket read pump starting 0xc000582050
[Jul 18, 2021 21:59:18] [User/@rodrigo:lenovo/ERROR] Failed to restore session: login context finished: context deadline exceeded
[Jul 18, 2021 21:59:18] [User/@rodrigo:lenovo/DEBUG] Disconnecting due to failed session restore...
[Jul 18, 2021 21:59:18] [User/@rodrigo:lenovo/Conn/DEBUG] Disconnecting websocket
[Jul 18, 2021 21:59:18] [User/@rodrigo:lenovo/Conn/DEBUG] Websocket read pump exiting 0xc000582050
[Jul 18, 2021 21:59:18] [User/@rodrigo:lenovo/Conn/DEBUG] Websocket keepalive loop exiting 0xc000582050
[Jul 18, 2021 21:59:18] [User/@rodrigo:lenovo/Conn/DEBUG] Websocket disconnection complete
[Jul 18, 2021 22:31:40] [INFO] Interrupt received, stopping...
[Jul 18, 2021 22:31:40] [Matrix/DEBUG] Listener stopped.
[Jul 18, 2021 22:31:40] [DEBUG] Disconnecting @rodrigo:lenovo
[Jul 18, 2021 22:31:40] [ERROR] Error while disconnecting @rodrigo:lenovo: not connected
[Jul 18, 2021 22:31:40] [INFO] Bridge stopped.
