[Aug  8, 2021 19:49:27] [INFO] Initializing mautrix-whatsapp 0.1.7+dev.unknown (unknown)
[Aug  8, 2021 19:49:27] [DEBUG] Initializing database connection
[Aug  8, 2021 19:49:27] [DEBUG] Initializing state store
[Aug  8, 2021 19:49:27] [DEBUG] Initializing Matrix event processor
[Aug  8, 2021 19:49:27] [DEBUG] Initializing Matrix event handler
[Aug  8, 2021 19:49:27] [DEBUG] Bridge built with end-to-bridge encryption, but disabled in config
[Aug  8, 2021 19:49:27] [INFO] Bridge initialization complete, starting...
[Aug  8, 2021 19:49:27] [DEBUG] Running database upgrades
[Aug  8, 2021 19:49:27] [Database/Upgrade/INFO] Database currently on v21, latest: v21
[Aug  8, 2021 19:49:27] [DEBUG] Checking connection to homeserver
[Aug  8, 2021 19:49:27] [DEBUG] Starting application service HTTP server
[Aug  8, 2021 19:49:27] [DEBUG] Starting event processor
[Aug  8, 2021 19:49:27] [Matrix/INFO] Listening on 0.0.0.0:29318
[Aug  8, 2021 19:49:27] [INFO] Bridge started!
[Aug  8, 2021 19:49:27] [DEBUG] Updating bot profile
[Aug  8, 2021 19:49:27] [DEBUG] Starting users
[Aug  8, 2021 19:49:27] [DEBUG] Starting custom puppets
[Aug  8, 2021 19:49:27] [User/@rodrigo:lenovo/DEBUG] Connecting to WhatsApp
[Aug  8, 2021 19:49:27] [User/@rodrigo:lenovo/Conn/DEBUG] Dialing wss://web.whatsapp.com/ws
[Aug  8, 2021 19:49:28] [User/@rodrigo:lenovo/Conn/DEBUG] Successfully connected to websocket
[Aug  8, 2021 19:49:28] [User/@rodrigo:lenovo/Conn/DEBUG] Websocket keepalive loop starting 0xc00009d040
[Aug  8, 2021 19:49:28] [User/@rodrigo:lenovo/Conn/DEBUG] Websocket read pump starting 0xc00009d040
[Aug  8, 2021 19:49:33] [User/@rodrigo:lenovo/DEBUG] Received new tokens
[Aug  8, 2021 19:49:34] [User/@rodrigo:lenovo/DEBUG] JSON message with tag s1: ["Conn",{"ref":"1@wIHyGIURrqK+x5RxaBX4+1J7cGRaL2iO84jgPPX05orD3a7gYGTpIcMf2XdaNDSI5KBFjS8HWB+HeA==","wid":"5511992798005@c.us","connected":true,"isResponse":"true","serverToken":"1@HCQoRu39DMBGQkmgdMSZfMZ8oc9DAUoE+Oc7NpCEA8q34ofMWQLKkK9UKh1xKEFjUARVqjXqeRvdww==","browserToken":"1@3cvyo/suUylm6nuTNGvMWZQehcNOvto/jmpPYiTquFKCxwjEgwovOoV2qRr9uBkQZuhn3JflSsRULmsl0tqhee8Y/AjH+zyfFO9NPb5hP8STauGLxn3Ffww1zLPbnvpT/d/8F+6ImOp+nPScO+OaGA==","clientToken":"acWzZE21Vh8BOxHTevMDxyrAEokufHvLScQyue6D51A=","lc":"BR","lg":"pt","locales":"pt-BR","is24h":true,"protoVersion":[0,17],"binVersion":11,"battery":22,"plugged":true,"platform":"android","features":{"URL":true,"FLAGS":"EAEYASgBOAFAAUgBWAFgAWgBeAGYAQGgAQGwAQK4AQHIAQHYAQHgAQPoAQLwAQP4AQOAAgOIAgGgAgOoAgPAAgHQAgPYAgPgAgPwAgE="},"phone":{"wa_version":"2.21.14.24","mcc":"724","mnc":"005","os_version":"5.1.1","device_manufacturer":"asus","device_model":"err_value","os_build_number":"LMY47V.WW_Phone-13.0209.1705.117-20170627"},"pushname":"Rodrigo Gabriel","tos":0}]
[Aug  8, 2021 19:49:34] [User/@rodrigo:lenovo/DEBUG] JSON message with tag s2: ["Blocklist",{"id":1,"blocklist":["5511998609808@c.us"]}]
[Aug  8, 2021 19:49:34] [User/@rodrigo:lenovo/INFO] Stream event: {Type:update IsOutdated:false Version:2.2126.14 Extra:[]}
[Aug  8, 2021 19:49:34] [User/@rodrigo:lenovo/DEBUG] JSON message with tag s3: ["Stream","update",false,"2.2126.14"]
[Aug  8, 2021 19:49:34] [User/@rodrigo:lenovo/DEBUG] Session restored successfully
[Aug  8, 2021 19:49:34] [User/@rodrigo:lenovo/DEBUG] Locking processing of incoming messages and starting post-login sync
[Aug  8, 2021 19:49:34] [User/@rodrigo:lenovo/DEBUG] Processing of incoming messages is locked
[Aug  8, 2021 19:49:34] [User/@rodrigo:lenovo/DEBUG] Waiting for chat list receive confirmation
[Aug  8, 2021 19:49:34] [User/@rodrigo:lenovo/DEBUG] Unknown type of event in HandleEvent: whatsapp.ProtocolProps
[Aug  8, 2021 19:49:34] [User/@rodrigo:lenovo/DEBUG] JSON message with tag s4: ["Props",{"stickers":1,"productCatalogOpenDeeplink":1,"productCatalogDeeplink":1,"catalogPdpNewDesign":1,"catalogMessage":1,"suspiciousLinks":1,"webBizProfileV3M2":false,"webBizProfileV3":false,"webProductListMessageFallback":true,"webProductListMessage":true,"webYouTubePlayerEnhancements":false,"webMediaCustomCroppingEnabled":true,"webCatalogProductsOnOff":true,"pttPlaybackSpeedHideDelay":1500,"pttPlaybackSpeedEnabled":true,"pttDraftEnabled":false,"webBizProfileEdit":true,"bizProfileEdit":false,"mmsCatV1ForwardHotOverrideEnabled":true,"webSendDocumentThumbInMessageDisabled":false,"webDownloadLinkThumbMmsEnabled":false,"webUploadLinkThumbMmsEnabled":false,"webDownloadDocumentThumbMmsEnabled":false,"webUploadDocumentThumbMmsEnabled":false,"mmsHotContentTimespan":86400,"mmsVCacheAggregationEnabled":true,"webSMBUpsellInBizProfile":true,"greenAlertBannerDuration":86400000,"webCatalogApiREH":true,"webButtonsMessage":true,"webCatalogManagement":true,"webCartV11OrderMessageChanges":true,"webCart":true,"webCatalogCart":false,"webGroupV2Enabled":1,"stickerSearchEnabled":false,"webVoipWindowsOsMinVersion":"10.0.18362","webVoipMacOsMinVersion":"17.0.0","webVoip":false,"webListMessage":true,"ctwaContextCompose":true,"aliteContactUsEnabled":true,"camelotWeb":true,"preloadStickers":true,"webBizProfileOptions":116,"wsCanCacheRequests":true,"bucket":"","gifSearch":"tenor","maxFileSize":100,"media":64,"maxSubject":25,"maxParticipants":257,"imageMaxKBytes":1024,"imageMaxEdge":1280,"statusVideoMaxDuration":30,"frequentlyForwardedMessages":1,"webShopsChatHeaderButtonEnabled":1,"ephemeralMessages":1,"newCommerceEntryPointEnabled":1,"shopsProfileDrawerEntrypoint":1,"viewOnceWrite":0,"ephemeralMessagesSetting":1,"upgradeToMDModal":1,"shopsHeaderDropdownMenuItem":1,"mmsVcardAutodownloadSizeKb":64,"multicastLimitGlobal":5,"wallpapersV2":1,"vcardAsDocumentSizeKb":64,"quickMessageSearch":1,"ctwaContextRender":1,"frequentlyForwardedMax":1,"vcardMaxSizeKb":5000,"hfmStringChanges":1,"muteAlways":1,"shopsHideCatalogAttachmentEntrypoint":1,"viewOnceRead":0,"frequentlyForwardedThreshold":5,"groupDescLength":512}]
[Aug  8, 2021 19:49:34] [User/@rodrigo:lenovo/DEBUG] Unknown binary message: &{Description:contacts Attributes:map[type:frequent] Content:[{Description:message Attributes:map[jid:5511985133939@c.us] Content:<nil>} {Description:image Attributes:map[jid:5511985133939@c.us] Content:<nil>} {Description:video Attributes:map[jid:5511985133939@c.us] Content:<nil>}]}
[Aug  8, 2021 19:49:34] [User/@rodrigo:lenovo/INFO] Syncing puppet info from contacts
[Aug  8, 2021 19:49:34] [User/@rodrigo:lenovo/INFO] Chat list received
[Aug  8, 2021 19:49:34] [User/@rodrigo:lenovo/DEBUG] Chat list receive confirmation received in PostLogin
[Aug  8, 2021 19:49:34] [User/@rodrigo:lenovo/INFO] Reading chat list
[Aug  8, 2021 19:49:34] [User/@rodrigo:lenovo/DEBUG] Making post-connection ping
[Aug  8, 2021 19:49:34] [User/@rodrigo:lenovo/Conn/DEBUG] Sending admin test request with tag 1628462974.--2
[Aug  8, 2021 19:49:35] [Matrix/@whatsapp_553499419289:lenovo/DEBUG] req #4: POST http://localhost:8008/_matrix/client/r0/register?user_id=%40whatsapp_553499419289%3Alenovo {"username":"whatsapp_553499419289","type":"m.login.application_service"}
[Aug  8, 2021 19:49:35] [User/@rodrigo:lenovo/INFO] Read chat list, updating user-portal mapping
[Aug  8, 2021 19:49:36] [User/@rodrigo:lenovo/INFO] Syncing portals
[Aug  8, 2021 19:49:36] [User/@rodrigo:lenovo/DEBUG] Syncing chat map[count:1 jid:5511955578335-1614918606@g.us message:true modify_tag:572721 mute:0 name:Grupo dos amigos spam:false t:1628461860]
[Aug  8, 2021 19:49:36] [Portal/5511955578335-1614918606@g.us/INFO] Syncing portal for @rodrigo:lenovo
[Aug  8, 2021 19:49:49] [User/@rodrigo:lenovo/DEBUG] Post-connection ping OK
[Aug  8, 2021 19:49:49] [User/@rodrigo:lenovo/DEBUG] Waiting for portal sync complete confirmation
[Aug  8, 2021 19:49:49] [Matrix/@whatsapp_556793249313:lenovo/DEBUG] req #5: POST http://localhost:8008/_matrix/client/r0/rooms/%21FyrrPSJccePLRZcFAj:lenovo/join?user_id=%40whatsapp_556793249313%3Alenovo
[Aug  8, 2021 19:49:50] [Matrix/@whatsapp_556793249313:lenovo/DEBUG] req #7: POST http://localhost:8008/_matrix/client/r0/rooms/%21FyrrPSJccePLRZcFAj:lenovo/join?user_id=%40whatsapp_556793249313%3Alenovo
[Aug  8, 2021 19:49:54] [Puppet/553288681037@s.whatsapp.net/DEBUG] Syncing contact info through @rodrigo:lenovo / 5511992798005@s.whatsapp.net because puppet has no displayname
[Aug  8, 2021 19:50:04] [Puppet/553499419289@s.whatsapp.net/WARN] Failed to download avatar: Get "https://pps.whatsapp.net/v/t61.24694-24/220792538_412033216793896_2644875449456534183_n.jpg?ccb=11-4&oh=205ccbae9e8e59654e38031915a769cb&oe=611541E7": dial tcp: lookup pps.whatsapp.net: device or resource busy
[Aug  8, 2021 19:50:04] [User/@rodrigo:lenovo/DEBUG] Syncing chat map[count:0 jid:5511985133939@c.us modify_tag:852751 mute:0 name:Daniel - Darck spam:false t:1628364763]
[Aug  8, 2021 19:50:04] [Portal/5511985133939@s.whatsapp.net-5511992798005@s.whatsapp.net/INFO] Syncing portal for @rodrigo:lenovo
[Aug  8, 2021 19:50:04] [Portal/5511985133939@s.whatsapp.net-5511992798005@s.whatsapp.net/INFO] Creating Matrix room. Info source: @rodrigo:lenovo
[Aug  8, 2021 19:50:04] [Matrix/@whatsapp_5511985133939:lenovo/DEBUG] req #11: POST http://localhost:8008/_matrix/client/r0/createRoom?user_id=%40whatsapp_5511985133939%3Alenovo {"visibility":"private","topic":"WhatsApp private chat","invite":["@rodrigo:lenovo"],"initial_state":[{"sender":"","type":"m.room.power_levels","origin_server_ts":0,"event_id":"","room_id":"","content":{"users":{"@whatsapp_5511985133939:lenovo":100},"users_default":0,"events":{"m.room.avatar":0,"m.room.name":0,"m.room.topic":0},"events_default":0,"state_default":99,"invite":50,"ban":99,"redact":0},"unsigned":{"m.relations":{"m.annotation":{"chunk":[],"limited":false,"count":0},"m.reference":{"chunk":[],"limited":false,"count":0},"m.replace":{"chunk":[],"limited":false,"count":0}},"invite_room_state":null}},{"state_key":"net.maunium.whatsapp://whatsapp/5511985133939@s.whatsapp.net","sender":"","type":"m.bridge","origin_server_ts":0,"event_id":"","room_id":"","content":{"bridgebot":"@whatsappbot:lenovo","creator":"@whatsapp_5511985133939:lenovo","protocol":{"id":"whatsapp","displayname":"WhatsApp","avatar_url":"mxc://maunium.net/NeXNQarUbrlYBiPCpprYsRqr","external_url":"https://www.whatsapp.com/"},"channel":{"id":"5511985133939@s.whatsapp.net"}},"unsigned":{"m.relations":{"m.annotation":{"chunk":[],"limited":false,"count":0},"m.reference":{"chunk":[],"limited":false,"count":0},"m.replace":{"chunk":[],"limited":false,"count":0}},"invite_room_state":null}},{"state_key":"net.maunium.whatsapp://whatsapp/5511985133939@s.whatsapp.net","sender":"","type":"uk.half-shot.bridge","origin_server_ts":0,"event_id":"","room_id":"","content":{"bridgebot":"@whatsappbot:lenovo","creator":"@whatsapp_5511985133939:lenovo","protocol":{"id":"whatsapp","displayname":"WhatsApp","avatar_url":"mxc://maunium.net/NeXNQarUbrlYBiPCpprYsRqr","external_url":"https://www.whatsapp.com/"},"channel":{"id":"5511985133939@s.whatsapp.net"}},"unsigned":{"m.relations":{"m.annotation":{"chunk":[],"limited":false,"count":0},"m.reference":{"chunk":[],"limited":false,"count":0},"m.replace":{"chunk":[],"limited":false,"count":0}},"invite_room_state":null}}],"preset":"private_chat","is_direct":true}
[Aug  8, 2021 19:50:06] [Matrix/@whatsapp_5511953390113:lenovo/DEBUG] req #12: POST http://localhost:8008/_matrix/client/r0/register?user_id=%40whatsapp_5511953390113%3Alenovo {"username":"whatsapp_5511953390113","type":"m.login.application_service"}
[Aug  8, 2021 19:50:09] [Matrix/@whatsapp_5511953390113:lenovo/DEBUG] req #13: PUT http://localhost:8008/_matrix/client/r0/profile/@whatsapp_5511953390113:lenovo/displayname?user_id=%40whatsapp_5511953390113%3Alenovo {"displayname":"Luan Marreiros (WA)"}
[Aug  8, 2021 19:50:34] [Matrix/DEBUG] Not parsing content of $iM5C94lUtFVdMGKfj7MxEukmn-McO3hpr3i8M515vRc: unsupported event type m.bridge (state)
[Aug  8, 2021 19:50:36] [Matrix/DEBUG] Not parsing content of $4XSkwk21B8AFEyuQzqLslmlW0waCJTa1K32mFdxq0Jc: unsupported event type uk.half-shot.bridge (state)
[Aug  8, 2021 19:50:43] [Matrix/@whatsapp_5511953390113:lenovo/DEBUG] req #14: POST http://localhost:8008/_matrix/media/r0/upload?user_id=%40whatsapp_5511953390113%3Alenovo 43723 bytes
[Aug  8, 2021 19:50:44] [Database/User/DEBUG] Creating new portal 5511985133939@s.whatsapp.net for 5511992798005@s.whatsapp.net
[Aug  8, 2021 19:50:44] [Database/User/WARN] Failed to insert @rodrigo:lenovo: UNIQUE constraint failed: user_portal.user_jid, user_portal.portal_jid, user_portal.portal_receiver
[Aug  8, 2021 19:50:44] [Matrix/@whatsapp_5511985133939:lenovo/DEBUG] req #15: POST http://localhost:8008/_matrix/client/r0/rooms/%21eDTDQnVuPXsHyRIUam:lenovo/invite?user_id=%40whatsapp_5511985133939%3Alenovo {"user_id":"@whatsapp_5511992798005:lenovo"}
[Aug  8, 2021 19:50:47] [Matrix/@whatsapp_5511992798005:lenovo/DEBUG] req #16: POST http://localhost:8008/_matrix/client/r0/rooms/%21eDTDQnVuPXsHyRIUam:lenovo/join?user_id=%40whatsapp_5511992798005%3Alenovo
[Aug  8, 2021 19:50:52] [Matrix/@whatsapp_5511953390113:lenovo/DEBUG] req #17: PUT http://localhost:8008/_matrix/client/r0/profile/@whatsapp_5511953390113:lenovo/avatar_url?user_id=%40whatsapp_5511953390113%3Alenovo {"avatar_url":"mxc://lenovo/HoXCOwDJKBhkNmqXCqoUFtZv"}
[Aug  8, 2021 19:50:53] [Matrix/@whatsapp_5514997744347:lenovo/DEBUG] req #18: PUT http://localhost:8008/_matrix/client/r0/profile/@whatsapp_5514997744347:lenovo/avatar_url?user_id=%40whatsapp_5514997744347%3Alenovo {"avatar_url":""}
[Aug  8, 2021 19:50:53] [Portal/5511985133939@s.whatsapp.net-5511992798005@s.whatsapp.net/INFO] Filling initial history, maximum 20 messages
[Aug  8, 2021 19:50:53] [Portal/5511985133939@s.whatsapp.net-5511992798005@s.whatsapp.net/DEBUG] Fetching chunk 1 (20 messages / 20 cap) before message
[Aug  8, 2021 19:50:59] [Matrix/@whatsapp_5511997994198:lenovo/DEBUG] req #19: PUT http://localhost:8008/_matrix/client/r0/profile/@whatsapp_5511997994198:lenovo/displayname?user_id=%40whatsapp_5511997994198%3Alenovo {"displayname":"Thiago (WA)"}
[Aug  8, 2021 19:51:02] [Matrix/@whatsapp_558189203197:lenovo/DEBUG] req #20: PUT http://localhost:8008/_matrix/client/r0/profile/@whatsapp_558189203197:lenovo/displayname?user_id=%40whatsapp_558189203197%3Alenovo {"displayname":"Vinícius (WA)"}
[Aug  8, 2021 19:51:06] [Matrix/@whatsapp_558189203197:lenovo/DEBUG] req #21: POST http://localhost:8008/_matrix/media/r0/upload?user_id=%40whatsapp_558189203197%3Alenovo 12330 bytes
[Aug  8, 2021 19:51:07] [Portal/5511985133939@s.whatsapp.net-5511992798005@s.whatsapp.net/DEBUG] Fetched chunk and received 21 messages
[Aug  8, 2021 19:51:07] [Portal/5511985133939@s.whatsapp.net-5511992798005@s.whatsapp.net/INFO] Handling 21 messages of history
[Aug  8, 2021 19:51:07] [Portal/5511985133939@s.whatsapp.net-5511992798005@s.whatsapp.net/DEBUG] Fetching last message from database to get its timestamp
[Aug  8, 2021 19:51:07] [Portal/5511985133939@s.whatsapp.net-5511992798005@s.whatsapp.net/DEBUG] Starting handling of F39725A971B0D4F8DFA1F02758456616 (text, ts: 1627296602)
[Aug  8, 2021 19:51:07] [Matrix/@whatsapp_5511992798005:lenovo/DEBUG] req #22: PUT http://localhost:8008/_matrix/client/r0/rooms/%21eDTDQnVuPXsHyRIUam:lenovo/send/m.room.message/mautrix-go_1628463067738310417_1?ts=1627296602000&user_id=%40whatsapp_5511992798005%3Alenovo {"msgtype":"m.text","body":"Doutor foi mals"}
[Aug  8, 2021 19:51:08] [Portal/5511985133939@s.whatsapp.net-5511992798005@s.whatsapp.net/DEBUG] Handled message F39725A971B0D4F8DFA1F02758456616 -> $hdN9P1ErttUsj3uZ3NpTWXf1LJQtgIDAza640p0aNLQ
[Aug  8, 2021 19:51:08] [Portal/5511985133939@s.whatsapp.net-5511992798005@s.whatsapp.net/DEBUG] Starting handling of 27187D1F3D68EC0D58517EE163D508AE (text, ts: 1627296609)
[Aug  8, 2021 19:51:08] [Matrix/@whatsapp_5511992798005:lenovo/DEBUG] req #23: PUT http://localhost:8008/_matrix/client/r0/rooms/%21eDTDQnVuPXsHyRIUam:lenovo/send/m.room.message/mautrix-go_1628463068716724505_2?ts=1627296609000&user_id=%40whatsapp_5511992798005%3Alenovo {"msgtype":"m.text","body":"Nem respondi ontem"}
[Aug  8, 2021 19:51:09] [Matrix/@whatsapp_558189203197:lenovo/DEBUG] req #24: PUT http://localhost:8008/_matrix/client/r0/profile/@whatsapp_558189203197:lenovo/avatar_url?user_id=%40whatsapp_558189203197%3Alenovo {"avatar_url":"mxc://lenovo/dVCZMArRjlEqZrszHvvgUJJD"}
[Aug  8, 2021 19:51:12] [User/@rodrigo:lenovo/DEBUG] Battery message: {Plugged:true Powersave:false Percentage:23}
[Aug  8, 2021 19:51:13] [Portal/5511985133939@s.whatsapp.net-5511992798005@s.whatsapp.net/DEBUG] Handled message 27187D1F3D68EC0D58517EE163D508AE -> $ar0OhJTSXvXbRRnSnjy4ukY67n44CN6q4RuhYhx3bLc
[Aug  8, 2021 19:51:13] [Portal/5511985133939@s.whatsapp.net-5511992798005@s.whatsapp.net/DEBUG] Starting handling of 70C74497313F236456FE948CC63DC150 (text, ts: 1627296635)
[Aug  8, 2021 19:51:13] [Matrix/@whatsapp_5511992798005:lenovo/DEBUG] req #25: PUT http://localhost:8008/_matrix/client/r0/rooms/%21eDTDQnVuPXsHyRIUam:lenovo/send/m.room.message/mautrix-go_1628463073345546903_3?ts=1627296635000&user_id=%40whatsapp_5511992798005%3Alenovo {"msgtype":"m.text","body":"Tava fazendo uma coisa no pc"}
[Aug  8, 2021 19:51:17] [Portal/5511985133939@s.whatsapp.net-5511992798005@s.whatsapp.net/DEBUG] Handled message 70C74497313F236456FE948CC63DC150 -> $JEI9_auPjYBACy0L6gwglp1UN7Nhip8iz-A_KoPc80A
[Aug  8, 2021 19:51:17] [Portal/5511985133939@s.whatsapp.net-5511992798005@s.whatsapp.net/DEBUG] Starting handling of EDEAA010422517D24BF380D2FF9C467B (text, ts: 1627296645)
[Aug  8, 2021 19:51:17] [Matrix/@whatsapp_5511992798005:lenovo/DEBUG] req #26: PUT http://localhost:8008/_matrix/client/r0/rooms/%21eDTDQnVuPXsHyRIUam:lenovo/send/m.room.message/mautrix-go_1628463077285052486_4?ts=1627296645000&user_id=%40whatsapp_5511992798005%3Alenovo {"msgtype":"m.text","body":"Ai nem mexi no celular ontem"}
[Aug  8, 2021 19:51:23] [Portal/5511985133939@s.whatsapp.net-5511992798005@s.whatsapp.net/DEBUG] Handled message EDEAA010422517D24BF380D2FF9C467B -> $_w_6B5zB316m8lywsowEvgJsX1BEreVBqMEH3WAtWbc
[Aug  8, 2021 19:51:23] [Portal/5511985133939@s.whatsapp.net-5511992798005@s.whatsapp.net/DEBUG] Starting handling of DD9284DA05047014F4D6830846BAE558 (text, ts: 1627321701)
[Aug  8, 2021 19:51:23] [Matrix/@whatsapp_5511985133939:lenovo/DEBUG] req #27: PUT http://localhost:8008/_matrix/client/r0/rooms/%21eDTDQnVuPXsHyRIUam:lenovo/send/m.room.message/mautrix-go_1628463083728865203_1?ts=1627321701000&user_id=%40whatsapp_5511985133939%3Alenovo {"msgtype":"m.text","body":"Ataa"}
[Aug  8, 2021 19:51:24] [Matrix/@whatsapp_5511968706237:lenovo/DEBUG] req #28: POST http://localhost:8008/_matrix/media/r0/upload?user_id=%40whatsapp_5511968706237%3Alenovo 50329 bytes
[Aug  8, 2021 19:51:27] [Portal/5511985133939@s.whatsapp.net-5511992798005@s.whatsapp.net/DEBUG] Handled message DD9284DA05047014F4D6830846BAE558 -> $q-rvnyyz49UZTIvf96LeNd8wLsG_ID57cZuQ_raM7fw
[Aug  8, 2021 19:51:27] [Portal/5511985133939@s.whatsapp.net-5511992798005@s.whatsapp.net/DEBUG] Starting handling of C7079850A0D4622BEEFF9DDA88B76484 (text, ts: 1627321702)
[Aug  8, 2021 19:51:27] [Matrix/@whatsapp_5511985133939:lenovo/DEBUG] req #29: PUT http://localhost:8008/_matrix/client/r0/rooms/%21eDTDQnVuPXsHyRIUam:lenovo/send/m.room.message/mautrix-go_1628463087186397891_2?ts=1627321702000&user_id=%40whatsapp_5511985133939%3Alenovo {"msgtype":"m.text","body":"Pow"}
[Aug  8, 2021 19:51:31] [Matrix/@whatsapp_5511968706237:lenovo/DEBUG] req #30: PUT http://localhost:8008/_matrix/client/r0/profile/@whatsapp_5511968706237:lenovo/avatar_url?user_id=%40whatsapp_5511968706237%3Alenovo {"avatar_url":"mxc://lenovo/tYaNnKsUZSRQmiIskBSCetHN"}
[Aug  8, 2021 19:51:33] [Portal/5511985133939@s.whatsapp.net-5511992798005@s.whatsapp.net/DEBUG] Handled message C7079850A0D4622BEEFF9DDA88B76484 -> $V_7uoM07Jc9XC_C-Mrsl--3cshLg1MiJByUE3B6rGuU
[Aug  8, 2021 19:51:33] [Portal/5511985133939@s.whatsapp.net-5511992798005@s.whatsapp.net/DEBUG] Starting handling of 6C0CC886F4F6BACB8C56AE8135A8F603 (text, ts: 1627333488)
[Aug  8, 2021 19:51:33] [Matrix/@whatsapp_5511992798005:lenovo/DEBUG] req #31: PUT http://localhost:8008/_matrix/client/r0/rooms/%21eDTDQnVuPXsHyRIUam:lenovo/send/m.room.message/mautrix-go_1628463093658691698_5?ts=1627333488000&user_id=%40whatsapp_5511992798005%3Alenovo {"msgtype":"m.text","body":"Vou jogar hoje doutot"}
[Aug  8, 2021 19:51:36] [Portal/5511985133939@s.whatsapp.net-5511992798005@s.whatsapp.net/DEBUG] Handled message 6C0CC886F4F6BACB8C56AE8135A8F603 -> $w6pqw8QsIokSEPKqJ9sz8Lv6DKG2M9gJumerHlDGiqY
[Aug  8, 2021 19:51:36] [Portal/5511985133939@s.whatsapp.net-5511992798005@s.whatsapp.net/DEBUG] Starting handling of 091F433E39B277D67B761F1234D1CE30 (text, ts: 1627333498)
[Aug  8, 2021 19:51:36] [Matrix/@whatsapp_5511992798005:lenovo/DEBUG] req #32: PUT http://localhost:8008/_matrix/client/r0/rooms/%21eDTDQnVuPXsHyRIUam:lenovo/send/m.room.message/mautrix-go_1628463096503143017_6?ts=1627333498000&user_id=%40whatsapp_5511992798005%3Alenovo {"msgtype":"m.text","body":"*doutor"}
[Aug  8, 2021 19:51:39] [Portal/5511985133939@s.whatsapp.net-5511992798005@s.whatsapp.net/DEBUG] Handled message 091F433E39B277D67B761F1234D1CE30 -> $O0KEsF_U2FHEkvNjVfMjoR9ts5MBwihtyTJzt0nOY_0
[Aug  8, 2021 19:51:39] [Portal/5511985133939@s.whatsapp.net-5511992798005@s.whatsapp.net/DEBUG] Starting handling of 4B8A471C7123F835A51EFE389C4390F6 (text, ts: 1627400941)
[Aug  8, 2021 19:51:39] [Matrix/@whatsapp_5511992798005:lenovo/DEBUG] req #33: PUT http://localhost:8008/_matrix/client/r0/rooms/%21eDTDQnVuPXsHyRIUam:lenovo/send/m.room.message/mautrix-go_1628463099265724614_7?ts=1627400941000&user_id=%40whatsapp_5511992798005%3Alenovo {"msgtype":"m.text","body":"Dá pra jogar agora no doutor"}
[Aug  8, 2021 19:51:41] [Matrix/@whatsapp_5511989621988:lenovo/DEBUG] req #34: PUT http://localhost:8008/_matrix/client/r0/profile/@whatsapp_5511989621988:lenovo/displayname?user_id=%40whatsapp_5511989621988%3Alenovo {"displayname":"geovanykam (WA)"}
[Aug  8, 2021 19:51:45] [Portal/5511985133939@s.whatsapp.net-5511992798005@s.whatsapp.net/DEBUG] Handled message 4B8A471C7123F835A51EFE389C4390F6 -> $dXBeGin36L_-MbVw_Tdl5U070Nluy3kvNQlz8dU_Hho
[Aug  8, 2021 19:51:45] [Portal/5511985133939@s.whatsapp.net-5511992798005@s.whatsapp.net/DEBUG] Starting handling of D8BCC60230C1F26365D4CEA699C2926F (text, ts: 1627400952)
[Aug  8, 2021 19:51:45] [Matrix/@whatsapp_5511992798005:lenovo/DEBUG] req #35: PUT http://localhost:8008/_matrix/client/r0/rooms/%21eDTDQnVuPXsHyRIUam:lenovo/send/m.room.message/mautrix-go_1628463105047476592_8?ts=1627400952000&user_id=%40whatsapp_5511992798005%3Alenovo {"msgtype":"m.text","body":"Tou no horário de almoço"}
[Aug  8, 2021 19:51:48] [Portal/5511985133939@s.whatsapp.net-5511992798005@s.whatsapp.net/DEBUG] Handled message D8BCC60230C1F26365D4CEA699C2926F -> $wDpn0zE66Dj_dHPDqFfwNlIsi1s9pvzDY327OBC8kpQ
[Aug  8, 2021 19:51:49] [Portal/5511985133939@s.whatsapp.net-5511992798005@s.whatsapp.net/DEBUG] Starting handling of E676EE9C6117167E3B72854D77AEC6AC (text, ts: 1627400968)
[Aug  8, 2021 19:51:49] [Matrix/@whatsapp_5511985133939:lenovo/DEBUG] req #36: PUT http://localhost:8008/_matrix/client/r0/rooms/%21eDTDQnVuPXsHyRIUam:lenovo/send/m.room.message/mautrix-go_1628463109063138051_3?ts=1627400968000&user_id=%40whatsapp_5511985133939%3Alenovo {"msgtype":"m.text","body":"Blzzz bom almoço"}
[Aug  8, 2021 19:51:50] [Matrix/@whatsapp_5511985133939:lenovo/DEBUG] req #37: PUT http://localhost:8008/_matrix/client/r0/profile/@whatsapp_5511985133939:lenovo/avatar_url?user_id=%40whatsapp_5511985133939%3Alenovo {"avatar_url":""}
[Aug  8, 2021 19:51:55] [Portal/5511985133939@s.whatsapp.net-5511992798005@s.whatsapp.net/DEBUG] Handled message E676EE9C6117167E3B72854D77AEC6AC -> $A_0tYcXthk_O-7VU0W36Yv1pOZWbZ_o2gDTzAq3HelU
[Aug  8, 2021 19:51:55] [Portal/5511985133939@s.whatsapp.net-5511992798005@s.whatsapp.net/DEBUG] Starting handling of F095CF11DA1C28A9BF45541BDAD02177 (text, ts: 1627401059)
[Aug  8, 2021 19:51:55] [Matrix/@whatsapp_5511992798005:lenovo/DEBUG] req #38: PUT http://localhost:8008/_matrix/client/r0/rooms/%21eDTDQnVuPXsHyRIUam:lenovo/send/m.room.message/mautrix-go_1628463115752345534_9?ts=1627401059000&user_id=%40whatsapp_5511992798005%3Alenovo {"msgtype":"m.text","body":"Valeu doutor"}
[Aug  8, 2021 19:52:03] [Portal/5511985133939@s.whatsapp.net-5511992798005@s.whatsapp.net/DEBUG] Handled message F095CF11DA1C28A9BF45541BDAD02177 -> $QKaxlv3qPT4sGaIpTdFtHvRQOvDZTymDH4lT5yV4F2U
[Aug  8, 2021 19:52:03] [Portal/5511985133939@s.whatsapp.net-5511992798005@s.whatsapp.net/DEBUG] Starting handling of CF92A42D389CC6E9F129906110AD2E06 (text, ts: 1627405554)
[Aug  8, 2021 19:52:03] [Matrix/@whatsapp_5511992798005:lenovo/DEBUG] req #39: PUT http://localhost:8008/_matrix/client/r0/rooms/%21eDTDQnVuPXsHyRIUam:lenovo/send/m.room.message/mautrix-go_1628463123199194613_10?ts=1627405554000&user_id=%40whatsapp_5511992798005%3Alenovo {"msgtype":"m.text","body":"Depois do trampo eu jogo doutor"}
[Aug  8, 2021 19:52:10] [Portal/5511985133939@s.whatsapp.net-5511992798005@s.whatsapp.net/DEBUG] Handled message CF92A42D389CC6E9F129906110AD2E06 -> $I4iQUkHhwU2Qq0sCd1B0RSwJzGa99PQIjVcSxxMYPA8
[Aug  8, 2021 19:52:10] [Portal/5511985133939@s.whatsapp.net-5511992798005@s.whatsapp.net/DEBUG] Starting handling of 12B111CB2A15AC55C4298836E96FE2FB (text, ts: 1627405560)
[Aug  8, 2021 19:52:10] [Matrix/@whatsapp_5511992798005:lenovo/DEBUG] req #40: PUT http://localhost:8008/_matrix/client/r0/rooms/%21eDTDQnVuPXsHyRIUam:lenovo/send/m.room.message/mautrix-go_1628463130254562156_11?ts=1627405560000&user_id=%40whatsapp_5511992798005%3Alenovo {"msgtype":"m.text","body":"Ai eu te chamo"}
[Aug  8, 2021 19:52:16] [Portal/5511985133939@s.whatsapp.net-5511992798005@s.whatsapp.net/DEBUG] Handled message 12B111CB2A15AC55C4298836E96FE2FB -> $xRE-gcrekqQAKliqS78sLTF_ZcpiHaJbZ0bphU8OdzM
[Aug  8, 2021 19:52:16] [Portal/5511985133939@s.whatsapp.net-5511992798005@s.whatsapp.net/DEBUG] Starting handling of 494B9AA2DCD9D97AF32CC616EB275B81 (text, ts: 1627405615)
[Aug  8, 2021 19:52:16] [Matrix/@whatsapp_5511985133939:lenovo/DEBUG] req #41: PUT http://localhost:8008/_matrix/client/r0/rooms/%21eDTDQnVuPXsHyRIUam:lenovo/send/m.room.message/mautrix-go_1628463136887644959_4?ts=1627405615000&user_id=%40whatsapp_5511985133939%3Alenovo {"msgtype":"m.text","body":"Blzzz"}
[Aug  8, 2021 19:52:27] [Matrix/@whatsapp_5511959758060:lenovo/DEBUG] req #42: POST http://localhost:8008/_matrix/media/r0/upload?user_id=%40whatsapp_5511959758060%3Alenovo 40035 bytes
[Aug  8, 2021 19:52:32] [Portal/5511985133939@s.whatsapp.net-5511992798005@s.whatsapp.net/DEBUG] Handled message 494B9AA2DCD9D97AF32CC616EB275B81 -> $vj56NrZ1BgMA3IR8rOl31bI0js9DrRXL2lDzTcgo8PQ
[Aug  8, 2021 19:52:32] [Portal/5511985133939@s.whatsapp.net-5511992798005@s.whatsapp.net/DEBUG] Starting handling of 372F0F4CCE7F8DA47D255ED4D50192B7 (text, ts: 1627421383)
[Aug  8, 2021 19:52:32] [Matrix/@whatsapp_5511992798005:lenovo/DEBUG] req #43: PUT http://localhost:8008/_matrix/client/r0/rooms/%21eDTDQnVuPXsHyRIUam:lenovo/send/m.room.message/mautrix-go_1628463152694444249_12?ts=1627421383000&user_id=%40whatsapp_5511992798005%3Alenovo {"msgtype":"m.text","body":"Ai mano vou ligar o play"}
[Aug  8, 2021 19:52:41] [Portal/5511985133939@s.whatsapp.net-5511992798005@s.whatsapp.net/DEBUG] Handled message 372F0F4CCE7F8DA47D255ED4D50192B7 -> $rWFB8GjyjXpOxMDJHMZDeTK4N64Fv9LChLlreqIYt78
[Aug  8, 2021 19:52:41] [Portal/5511985133939@s.whatsapp.net-5511992798005@s.whatsapp.net/DEBUG] Starting handling of 9FCB10884FCB3CF9E7D78463FC47CA0B (text, ts: 1627421399)
[Aug  8, 2021 19:52:41] [Matrix/@whatsapp_5511985133939:lenovo/DEBUG] req #44: PUT http://localhost:8008/_matrix/client/r0/rooms/%21eDTDQnVuPXsHyRIUam:lenovo/send/m.room.message/mautrix-go_1628463161082553946_5?ts=1627421399000&user_id=%40whatsapp_5511985133939%3Alenovo {"msgtype":"m.text","body":"Suave tbm vou"}
[Aug  8, 2021 19:52:42] [Matrix/@whatsapp_5511959758060:lenovo/DEBUG] req #45: PUT http://localhost:8008/_matrix/client/r0/profile/@whatsapp_5511959758060:lenovo/avatar_url?user_id=%40whatsapp_5511959758060%3Alenovo {"avatar_url":"mxc://lenovo/iKRWJPmhuLisAcwGTUPzhfYL"}
[Aug  8, 2021 19:52:52] [Portal/5511985133939@s.whatsapp.net-5511992798005@s.whatsapp.net/DEBUG] Handled message 9FCB10884FCB3CF9E7D78463FC47CA0B -> $JN-ChN0Ec0CM0aRnfkTxBuNUdBUwwIppSw6UYQ1xuOg
[Aug  8, 2021 19:52:52] [Portal/5511985133939@s.whatsapp.net-5511992798005@s.whatsapp.net/DEBUG] Starting handling of C7ABABBF7DE5E21E7749C1596A8EE65A (text, ts: 1627421637)
[Aug  8, 2021 19:52:52] [Matrix/@whatsapp_5511992798005:lenovo/DEBUG] req #46: PUT http://localhost:8008/_matrix/client/r0/rooms/%21eDTDQnVuPXsHyRIUam:lenovo/send/m.room.message/mautrix-go_1628463172054509511_13?ts=1627421637000&user_id=%40whatsapp_5511992798005%3Alenovo {"msgtype":"m.text","body":"Boa"}
[Aug  8, 2021 19:52:55] [Matrix/@whatsapp_5511955578335:lenovo/DEBUG] req #47: PUT http://localhost:8008/_matrix/client/r0/profile/@whatsapp_5511955578335:lenovo/displayname?user_id=%40whatsapp_5511955578335%3Alenovo {"displayname":"Kaua Santos ✨ (WA)"}
[Aug  8, 2021 19:52:58] [Portal/5511985133939@s.whatsapp.net-5511992798005@s.whatsapp.net/DEBUG] Handled message C7ABABBF7DE5E21E7749C1596A8EE65A -> $0zmy7Csp8tG1VrgmnPD1nCKtq2Orq2LeBTicvfe3V9g
[Aug  8, 2021 19:52:58] [Portal/5511985133939@s.whatsapp.net-5511992798005@s.whatsapp.net/DEBUG] Starting handling of DF45974BB62A3BC7C2BC3B8C1139E030 (text, ts: 1628360802)
[Aug  8, 2021 19:52:58] [Matrix/@whatsapp_5511985133939:lenovo/DEBUG] req #48: PUT http://localhost:8008/_matrix/client/r0/rooms/%21eDTDQnVuPXsHyRIUam:lenovo/send/m.room.message/mautrix-go_1628463178295182187_6?ts=1628360802000&user_id=%40whatsapp_5511985133939%3Alenovo {"msgtype":"m.text","body":"Vai jogar Zé?"}
[Aug  8, 2021 19:53:04] [Portal/5511985133939@s.whatsapp.net-5511992798005@s.whatsapp.net/DEBUG] Handled message DF45974BB62A3BC7C2BC3B8C1139E030 -> $YvsWtNj8akl71u5V5tmwTX6iaEIirooLyQ2f15K0F1U
[Aug  8, 2021 19:53:04] [Portal/5511985133939@s.whatsapp.net-5511992798005@s.whatsapp.net/DEBUG] Starting handling of 6B7BC390388FD52366BF4CDB5E037192 (text, ts: 1628364594)
[Aug  8, 2021 19:53:04] [Matrix/@whatsapp_5511992798005:lenovo/DEBUG] req #49: PUT http://localhost:8008/_matrix/client/r0/rooms/%21eDTDQnVuPXsHyRIUam:lenovo/send/m.room.message/mautrix-go_1628463184031174025_14?ts=1628364594000&user_id=%40whatsapp_5511992798005%3Alenovo {"msgtype":"m.text","body":"Vou mano"}
[Aug  8, 2021 19:53:07] [User/@rodrigo:lenovo/DEBUG] Battery message: {Plugged:true Powersave:false Percentage:24}
[Aug  8, 2021 19:53:10] [Portal/5511985133939@s.whatsapp.net-5511992798005@s.whatsapp.net/DEBUG] Handled message 6B7BC390388FD52366BF4CDB5E037192 -> $UIwm9a864P_iwvXA0tW3PTi8_UWQWPyNnUhe8ci47_s
[Aug  8, 2021 19:53:10] [Portal/5511985133939@s.whatsapp.net-5511992798005@s.whatsapp.net/DEBUG] Starting handling of EB4262F9FCEDB9ADB9579A3F3FADFA98 (text, ts: 1628364763)
[Aug  8, 2021 19:53:10] [Matrix/@whatsapp_5511985133939:lenovo/DEBUG] req #50: PUT http://localhost:8008/_matrix/client/r0/rooms/%21eDTDQnVuPXsHyRIUam:lenovo/send/m.room.message/mautrix-go_1628463190198882244_7?ts=1628364763000&user_id=%40whatsapp_5511985133939%3Alenovo {"msgtype":"m.text","body":"Opa"}
[Aug  8, 2021 19:53:15] [Portal/5511985133939@s.whatsapp.net-5511992798005@s.whatsapp.net/DEBUG] Handled message EB4262F9FCEDB9ADB9579A3F3FADFA98 -> $7L_tzf9MaU5OnwLqLA2bz548-fuhq62aij0AwY4AwWs
[Aug  8, 2021 19:53:15] [Portal/5511985133939@s.whatsapp.net-5511992798005@s.whatsapp.net/INFO] Initial history fill complete
[Aug  8, 2021 19:53:15] [Matrix/@whatsapp_5511992798005:lenovo/DEBUG] req #51: POST http://localhost:8008/_matrix/client/r0/rooms/%21eDTDQnVuPXsHyRIUam:lenovo/leave?user_id=%40whatsapp_5511992798005%3Alenovo {}
[Aug  8, 2021 19:53:32] [User/@rodrigo:lenovo/DEBUG] Syncing chat map[count:91 jid:5519991400502-1505137163@g.us modify_tag:741252 mute:0 name:SPRP - FiveM🎮 spam:false t:1628360836]
[Aug  8, 2021 19:53:32] [Portal/5519991400502-1505137163@g.us/INFO] Syncing portal for @rodrigo:lenovo
[Aug  8, 2021 19:54:02] [User/@rodrigo:lenovo/Conn/ERROR] Websocket keepalive for 0xc00009d040 failed (error #1): connection timed out
[Aug  8, 2021 19:54:06] [Matrix/@whatsapp_5511955578335:lenovo/DEBUG] req #52: POST http://localhost:8008/_matrix/media/r0/upload?user_id=%40whatsapp_5511955578335%3Alenovo 29375 bytes
[Aug  8, 2021 19:54:15] [Puppet/5511996358954@s.whatsapp.net/DEBUG] Syncing contact info through @rodrigo:lenovo / 5511992798005@s.whatsapp.net because puppet has no displayname
[Aug  8, 2021 19:54:16] [User/@rodrigo:lenovo/Conn/ERROR] WhatsApp JSON parse error: json: cannot unmarshal number into Go value of type whatsapp.JSONMessage
[Aug  8, 2021 19:54:16] [User/@rodrigo:lenovo/DEBUG] JSON message with tag !: 1628463242662
[Aug  8, 2021 19:54:16] [User/@rodrigo:lenovo/Conn/DEBUG] Websocket keepalive for %p is working again after %d errors &{{0 0} {{} [0 2 0]} 0xc0004a2420 0xc00020d540 0x4b9700 0 1 0xc00048afc0} 1
[Aug  8, 2021 19:54:17] [Matrix/@whatsapp_5511955578335:lenovo/DEBUG] req #54: PUT http://localhost:8008/_matrix/client/r0/profile/@whatsapp_5511955578335:lenovo/avatar_url?user_id=%40whatsapp_5511955578335%3Alenovo {"avatar_url":"mxc://lenovo/rAwgiYbUErozAHMafslKSTQc"}
[Aug  8, 2021 19:54:22] [User/@rodrigo:lenovo/DEBUG] Syncing chat map[count:0 jid:5511947430375-1531832995@g.us modify_tag:387333 mute:0 name:L5 DEV - Sem brigas spam:false t:1628205227]
[Aug  8, 2021 19:54:22] [Portal/5511947430375-1531832995@g.us/INFO] Syncing portal for @rodrigo:lenovo
[Aug  8, 2021 19:54:22] [Portal/5511947430375-1531832995@g.us/INFO] Creating Matrix room. Info source: @rodrigo:lenovo
[Aug  8, 2021 19:54:35] [Matrix/@whatsapp_5511958461198:lenovo/DEBUG] req #57: POST http://localhost:8008/_matrix/media/r0/upload?user_id=%40whatsapp_5511958461198%3Alenovo 34100 bytes
[Aug  8, 2021 19:54:43] [Matrix/@whatsapp_5511958461198:lenovo/DEBUG] req #58: PUT http://localhost:8008/_matrix/client/r0/profile/@whatsapp_5511958461198:lenovo/avatar_url?user_id=%40whatsapp_5511958461198%3Alenovo {"avatar_url":"mxc://lenovo/LCEgnPuzVeGKjPEYjMaxoyeh"}
[Aug  8, 2021 19:54:49] [User/@rodrigo:lenovo/DEBUG] Battery message: {Plugged:true Powersave:false Percentage:25}
[Aug  8, 2021 19:55:04] [Matrix/DEBUG] Not parsing content of $akGAfAsNDpLcMdU3MPtPdHoZg7EOHmwu46YEJDSdZSE: unsupported event type m.bridge (state)
[Aug  8, 2021 19:55:07] [Matrix/DEBUG] Not parsing content of $jEEVxe-0HzLFzO4c9r5hhFInE7BNyGGfOsOaKUZaCIA: unsupported event type uk.half-shot.bridge (state)
[Aug  8, 2021 19:55:21] [Matrix/@whatsapp_553591522391:lenovo/DEBUG] req #59: POST http://localhost:8008/_matrix/client/r0/rooms/%21AglgqoaidGLJRmfwkX:lenovo/join?user_id=%40whatsapp_553591522391%3Alenovo
[Aug  8, 2021 19:55:38] [Matrix/@whatsapp_553591522391:lenovo/DEBUG] req #61: POST http://localhost:8008/_matrix/client/r0/rooms/%21AglgqoaidGLJRmfwkX:lenovo/join?user_id=%40whatsapp_553591522391%3Alenovo
[Aug  8, 2021 19:55:44] [Puppet/5519997881363@s.whatsapp.net/DEBUG] Syncing contact info through @rodrigo:lenovo / 5511992798005@s.whatsapp.net because puppet has no displayname
[Aug  8, 2021 19:55:44] [Matrix/@whatsapp_5519997881363:lenovo/DEBUG] req #62: POST http://localhost:8008/_matrix/client/r0/register?user_id=%40whatsapp_5519997881363%3Alenovo {"username":"whatsapp_5519997881363","type":"m.login.application_service"}
[Aug  8, 2021 19:55:50] [Matrix/@whatsapp_5519997881363:lenovo/DEBUG] req #63: POST http://localhost:8008/_matrix/client/r0/rooms/%21AglgqoaidGLJRmfwkX:lenovo/join?user_id=%40whatsapp_5519997881363%3Alenovo
[Aug  8, 2021 19:55:50] [Matrix/@whatsapp_5519997881363:lenovo/DEBUG] req #65: POST http://localhost:8008/_matrix/client/r0/rooms/%21AglgqoaidGLJRmfwkX:lenovo/join?user_id=%40whatsapp_5519997881363%3Alenovo
[Aug  8, 2021 19:55:56] [Matrix/@whatsapp_5519981758100:lenovo/DEBUG] req #66: POST http://localhost:8008/_matrix/client/r0/rooms/%21AglgqoaidGLJRmfwkX:lenovo/join?user_id=%40whatsapp_5519981758100%3Alenovo
[Aug  8, 2021 19:56:06] [Matrix/@whatsapp_5519981758100:lenovo/DEBUG] req #68: POST http://localhost:8008/_matrix/client/r0/rooms/%21AglgqoaidGLJRmfwkX:lenovo/join?user_id=%40whatsapp_5519981758100%3Alenovo
[Aug  8, 2021 19:56:19] [Puppet/5515998288610@s.whatsapp.net/DEBUG] Syncing contact info through @rodrigo:lenovo / 5511992798005@s.whatsapp.net because puppet has no displayname
[Aug  8, 2021 19:56:19] [Matrix/@whatsapp_5515998288610:lenovo/DEBUG] req #69: POST http://localhost:8008/_matrix/client/r0/register?user_id=%40whatsapp_5515998288610%3Alenovo {"username":"whatsapp_5515998288610","type":"m.login.application_service"}
[Aug  8, 2021 19:56:24] [Matrix/@whatsapp_5515998288610:lenovo/DEBUG] req #70: POST http://localhost:8008/_matrix/client/r0/rooms/%21AglgqoaidGLJRmfwkX:lenovo/join?user_id=%40whatsapp_5515998288610%3Alenovo
[Aug  8, 2021 19:56:24] [User/@rodrigo:lenovo/DEBUG] Battery message: {Plugged:true Powersave:false Percentage:26}
[Aug  8, 2021 19:56:41] [Matrix/@whatsapp_5515998288610:lenovo/DEBUG] req #72: POST http://localhost:8008/_matrix/client/r0/rooms/%21AglgqoaidGLJRmfwkX:lenovo/join?user_id=%40whatsapp_5515998288610%3Alenovo
[Aug  8, 2021 19:56:52] [Puppet/5511999612724@s.whatsapp.net/DEBUG] Syncing contact info through @rodrigo:lenovo / 5511992798005@s.whatsapp.net because puppet has no displayname
[Aug  8, 2021 19:56:53] [Matrix/@whatsapp_5511999612724:lenovo/DEBUG] req #73: POST http://localhost:8008/_matrix/client/r0/rooms/%21AglgqoaidGLJRmfwkX:lenovo/join?user_id=%40whatsapp_5511999612724%3Alenovo
[Aug  8, 2021 19:57:07] [Matrix/@whatsapp_5511999612724:lenovo/DEBUG] req #75: POST http://localhost:8008/_matrix/client/r0/rooms/%21AglgqoaidGLJRmfwkX:lenovo/join?user_id=%40whatsapp_5511999612724%3Alenovo
[Aug  8, 2021 19:57:18] [Puppet/5511999605099@s.whatsapp.net/DEBUG] Syncing contact info through @rodrigo:lenovo / 5511992798005@s.whatsapp.net because puppet has no displayname
[Aug  8, 2021 19:57:18] [Matrix/@whatsapp_5511999605099:lenovo/DEBUG] req #76: POST http://localhost:8008/_matrix/client/r0/rooms/%21AglgqoaidGLJRmfwkX:lenovo/join?user_id=%40whatsapp_5511999605099%3Alenovo
[Aug  8, 2021 19:57:29] [Puppet/553591522391@s.whatsapp.net/WARN] Failed to download avatar: read tcp 192.168.100.10:41418->157.240.226.60:443: read: connection reset by peer
[Aug  8, 2021 19:57:32] [Matrix/@whatsapp_5511992623078:lenovo/DEBUG] req #78: POST http://localhost:8008/_matrix/media/r0/upload?user_id=%40whatsapp_5511992623078%3Alenovo 65950 bytes
[Aug  8, 2021 19:57:38] [Matrix/@whatsapp_5511999605099:lenovo/DEBUG] req #79: POST http://localhost:8008/_matrix/client/r0/rooms/%21AglgqoaidGLJRmfwkX:lenovo/join?user_id=%40whatsapp_5511999605099%3Alenovo
[Aug  8, 2021 19:57:44] [Matrix/@whatsapp_5511992623078:lenovo/DEBUG] req #80: PUT http://localhost:8008/_matrix/client/r0/profile/@whatsapp_5511992623078:lenovo/avatar_url?user_id=%40whatsapp_5511992623078%3Alenovo {"avatar_url":"mxc://lenovo/PrfUpndMlKPRYJOTcYwYNrCi"}
[Aug  8, 2021 19:57:51] [Matrix/@whatsapp_5511954300449:lenovo/DEBUG] req #81: PUT http://localhost:8008/_matrix/client/r0/profile/@whatsapp_5511954300449:lenovo/displayname?user_id=%40whatsapp_5511954300449%3Alenovo {"displayname":"Lucas Marques (WA)"}
[Aug  8, 2021 19:57:57] [Matrix/@whatsapp_5511998894976:lenovo/DEBUG] req #82: POST http://localhost:8008/_matrix/client/r0/rooms/%21AglgqoaidGLJRmfwkX:lenovo/join?user_id=%40whatsapp_5511998894976%3Alenovo
[Aug  8, 2021 19:58:03] [User/@rodrigo:lenovo/DEBUG] Battery message: {Plugged:true Powersave:false Percentage:27}
[Aug  8, 2021 19:58:06] [Matrix/@whatsapp_5511954300449:lenovo/DEBUG] req #84: POST http://localhost:8008/_matrix/media/r0/upload?user_id=%40whatsapp_5511954300449%3Alenovo 66583 bytes
[Aug  8, 2021 19:58:08] [Matrix/@whatsapp_5511998894976:lenovo/DEBUG] req #85: POST http://localhost:8008/_matrix/client/r0/rooms/%21AglgqoaidGLJRmfwkX:lenovo/join?user_id=%40whatsapp_5511998894976%3Alenovo
[Aug  8, 2021 19:58:13] [Matrix/@whatsapp_5511954300449:lenovo/DEBUG] req #86: PUT http://localhost:8008/_matrix/client/r0/profile/@whatsapp_5511954300449:lenovo/avatar_url?user_id=%40whatsapp_5511954300449%3Alenovo {"avatar_url":"mxc://lenovo/tlREngteAGcDMVjOklizNeAF"}
[Aug  8, 2021 19:58:17] [Matrix/@whatsapp_5511998496691:lenovo/DEBUG] req #87: POST http://localhost:8008/_matrix/client/r0/rooms/%21AglgqoaidGLJRmfwkX:lenovo/join?user_id=%40whatsapp_5511998496691%3Alenovo
[Aug  8, 2021 19:58:29] [Matrix/@whatsapp_5511979738113:lenovo/DEBUG] req #89: POST http://localhost:8008/_matrix/media/r0/upload?user_id=%40whatsapp_5511979738113%3Alenovo 46103 bytes
[Aug  8, 2021 19:58:29] [Matrix/@whatsapp_5511998496691:lenovo/DEBUG] req #90: POST http://localhost:8008/_matrix/client/r0/rooms/%21AglgqoaidGLJRmfwkX:lenovo/join?user_id=%40whatsapp_5511998496691%3Alenovo
[Aug  8, 2021 19:58:38] [Matrix/@whatsapp_5511979738113:lenovo/DEBUG] req #91: PUT http://localhost:8008/_matrix/client/r0/profile/@whatsapp_5511979738113:lenovo/avatar_url?user_id=%40whatsapp_5511979738113%3Alenovo {"avatar_url":"mxc://lenovo/VYUZqUMGEdnoavQzoJrSKcLQ"}
[Aug  8, 2021 19:58:41] [Matrix/@whatsapp_5511992798005:lenovo/DEBUG] req #92: POST http://localhost:8008/_matrix/client/r0/rooms/%21AglgqoaidGLJRmfwkX:lenovo/join?user_id=%40whatsapp_5511992798005%3Alenovo
[Aug  8, 2021 19:58:49] [Matrix/@whatsapp_5511999857416:lenovo/DEBUG] req #94: POST http://localhost:8008/_matrix/media/r0/upload?user_id=%40whatsapp_5511999857416%3Alenovo 42803 bytes
[Aug  8, 2021 19:58:51] [Matrix/@whatsapp_5511992798005:lenovo/DEBUG] req #95: POST http://localhost:8008/_matrix/client/r0/rooms/%21AglgqoaidGLJRmfwkX:lenovo/join?user_id=%40whatsapp_5511992798005%3Alenovo
[Aug  8, 2021 19:58:55] [Matrix/@whatsapp_5511999857416:lenovo/DEBUG] req #96: PUT http://localhost:8008/_matrix/client/r0/profile/@whatsapp_5511999857416:lenovo/avatar_url?user_id=%40whatsapp_5511999857416%3Alenovo {"avatar_url":"mxc://lenovo/YamMtulVcNeeAIzWbnnrzBDS"}
[Aug  8, 2021 19:58:59] [Matrix/@whatsapp_5511989764438:lenovo/DEBUG] req #97: POST http://localhost:8008/_matrix/client/r0/rooms/%21AglgqoaidGLJRmfwkX:lenovo/join?user_id=%40whatsapp_5511989764438%3Alenovo
[Aug  8, 2021 19:59:02] [Matrix/@whatsapp_5511989764438:lenovo/DEBUG] req #99: POST http://localhost:8008/_matrix/client/r0/rooms/%21AglgqoaidGLJRmfwkX:lenovo/join?user_id=%40whatsapp_5511989764438%3Alenovo
[Aug  8, 2021 19:59:05] [Matrix/@whatsapp_5511969194493:lenovo/DEBUG] req #100: POST http://localhost:8008/_matrix/media/r0/upload?user_id=%40whatsapp_5511969194493%3Alenovo 58020 bytes
[Aug  8, 2021 19:59:06] [Matrix/@whatsapp_5511989621988:lenovo/DEBUG] req #101: POST http://localhost:8008/_matrix/client/r0/rooms/%21AglgqoaidGLJRmfwkX:lenovo/join?user_id=%40whatsapp_5511989621988%3Alenovo
[Aug  8, 2021 19:59:10] [Matrix/@whatsapp_5511969194493:lenovo/DEBUG] req #103: PUT http://localhost:8008/_matrix/client/r0/profile/@whatsapp_5511969194493:lenovo/avatar_url?user_id=%40whatsapp_5511969194493%3Alenovo {"avatar_url":"mxc://lenovo/wHXrrssqwBZjCvbriGjvBbZo"}
[Aug  8, 2021 19:59:10] [Matrix/@whatsapp_556793249313:lenovo/DEBUG] req #104: PUT http://localhost:8008/_matrix/client/r0/profile/@whatsapp_556793249313:lenovo/displayname?user_id=%40whatsapp_556793249313%3Alenovo {"displayname":"Fabiano Vieira ⚓️ (WA)"}
[Aug  8, 2021 19:59:11] [Matrix/@whatsapp_5511989621988:lenovo/DEBUG] req #105: POST http://localhost:8008/_matrix/client/r0/rooms/%21AglgqoaidGLJRmfwkX:lenovo/join?user_id=%40whatsapp_5511989621988%3Alenovo
[Aug  8, 2021 19:59:17] [Puppet/5511987732003@s.whatsapp.net/DEBUG] Syncing contact info through @rodrigo:lenovo / 5511992798005@s.whatsapp.net because puppet has no displayname
[Aug  8, 2021 19:59:17] [Matrix/@whatsapp_5511987732003:lenovo/DEBUG] req #106: PUT http://localhost:8008/_matrix/client/r0/profile/@whatsapp_5511987732003:lenovo/displayname?user_id=%40whatsapp_5511987732003%3Alenovo {"displayname":"Danni Perrucci (WA)"}
[Aug  8, 2021 19:59:23] [Matrix/@whatsapp_5511987732003:lenovo/DEBUG] req #107: POST http://localhost:8008/_matrix/client/r0/rooms/%21AglgqoaidGLJRmfwkX:lenovo/join?user_id=%40whatsapp_5511987732003%3Alenovo
[Aug  8, 2021 19:59:26] [Matrix/@whatsapp_5511979632653:lenovo/DEBUG] req #109: POST http://localhost:8008/_matrix/client/r0/register?user_id=%40whatsapp_5511979632653%3Alenovo {"username":"whatsapp_5511979632653","type":"m.login.application_service"}
[Aug  8, 2021 19:59:26] [Matrix/@whatsapp_5511987732003:lenovo/DEBUG] req #110: POST http://localhost:8008/_matrix/client/r0/rooms/%21AglgqoaidGLJRmfwkX:lenovo/join?user_id=%40whatsapp_5511987732003%3Alenovo
[Aug  8, 2021 19:59:33] [Matrix/@whatsapp_5511979632653:lenovo/DEBUG] req #111: PUT http://localhost:8008/_matrix/client/r0/profile/@whatsapp_5511979632653:lenovo/displayname?user_id=%40whatsapp_5511979632653%3Alenovo {"displayname":"Fernando Tec. Space (WA)"}
[Aug  8, 2021 19:59:34] [User/@rodrigo:lenovo/DEBUG] JSON message with tag s23: ["Stream","asleep"]
[Aug  8, 2021 19:59:35] [Matrix/@whatsapp_5511979632653:lenovo/DEBUG] req #112: PUT http://localhost:8008/_matrix/client/r0/profile/@whatsapp_5511979632653:lenovo/avatar_url?user_id=%40whatsapp_5511979632653%3Alenovo {"avatar_url":""}
[Aug  8, 2021 19:59:37] [Matrix/@whatsapp_5511987276466:lenovo/DEBUG] req #113: POST http://localhost:8008/_matrix/client/r0/rooms/%21AglgqoaidGLJRmfwkX:lenovo/join?user_id=%40whatsapp_5511987276466%3Alenovo
[Aug  8, 2021 19:59:41] [Matrix/@whatsapp_5512991785005:lenovo/DEBUG] req #115: POST http://localhost:8008/_matrix/media/r0/upload?user_id=%40whatsapp_5512991785005%3Alenovo 53387 bytes
[Aug  8, 2021 19:59:45] [Matrix/@whatsapp_5511987276466:lenovo/DEBUG] req #116: POST http://localhost:8008/_matrix/client/r0/rooms/%21AglgqoaidGLJRmfwkX:lenovo/join?user_id=%40whatsapp_5511987276466%3Alenovo
[Aug  8, 2021 19:59:47] [Matrix/@whatsapp_5512991785005:lenovo/DEBUG] req #117: PUT http://localhost:8008/_matrix/client/r0/profile/@whatsapp_5512991785005:lenovo/avatar_url?user_id=%40whatsapp_5512991785005%3Alenovo {"avatar_url":"mxc://lenovo/fKKsgzAREbJlXMmitPowWVpC"}
[Aug  8, 2021 19:59:49] [User/@rodrigo:lenovo/WARN] Timed out waiting for portal sync to complete! Unlocking processing of incoming messages.
[Aug  8, 2021 19:59:49] [User/@rodrigo:lenovo/DEBUG] Processing of incoming messages unlocked
[Aug  8, 2021 19:59:49] [Portal/5511979696751-1434226498@g.us/DEBUG] Not creating portal room for incoming message: message is too old
[Aug  8, 2021 19:59:49] [Portal/5511999605099@s.whatsapp.net-5511992798005@s.whatsapp.net/DEBUG] Not creating portal room for incoming message: message is too old
[Aug  8, 2021 19:59:49] [Portal/15128722274@s.whatsapp.net-5511992798005@s.whatsapp.net/DEBUG] Not creating portal room for incoming message: message is too old
[Aug  8, 2021 19:59:49] [Portal/5511958743365@s.whatsapp.net-5511992798005@s.whatsapp.net/DEBUG] Not creating portal room for incoming message: message is too old
[Aug  8, 2021 19:59:49] [Portal/5511999910621@s.whatsapp.net-5511992798005@s.whatsapp.net/DEBUG] Not creating portal room for incoming message: message is too old
[Aug  8, 2021 19:59:49] [Portal/5511981062303@s.whatsapp.net-5511992798005@s.whatsapp.net/DEBUG] Fetching last message from database to get its timestamp
[Aug  8, 2021 19:59:49] [Portal/5511985133939@s.whatsapp.net-5511992798005@s.whatsapp.net/DEBUG] Not handling EB4262F9FCEDB9ADB9579A3F3FADFA98 (text): message is duplicate
[Aug  8, 2021 19:59:49] [Portal/5511998219298@s.whatsapp.net-5511992798005@s.whatsapp.net/DEBUG] Not creating portal room for incoming message: message is too old
[Aug  8, 2021 19:59:49] [Portal/5511958461198@s.whatsapp.net-5511992798005@s.whatsapp.net/DEBUG] Not creating portal room for incoming message: message is too old
[Aug  8, 2021 19:59:49] [Portal/5493515193732@s.whatsapp.net-5511992798005@s.whatsapp.net/DEBUG] Not creating portal room for incoming message: message is too old
[Aug  8, 2021 19:59:49] [Portal/5511992798005@s.whatsapp.net/DEBUG] Not creating portal room for incoming message: message is too old
[Aug  8, 2021 19:59:49] [Portal/5511981062303@s.whatsapp.net-5511992798005@s.whatsapp.net/DEBUG] Starting handling of 2E1E0FA083BAD3CEED2E843C299BD719 (text, ts: 1627479843)
[Aug  8, 2021 19:59:49] [Portal/5511955578335-1614918606@g.us/DEBUG] Fetching last message from database to get its timestamp
[Aug  8, 2021 19:59:49] [Matrix/@whatsapp_5511981062303:lenovo/DEBUG] req #118: PUT http://localhost:8008/_matrix/client/r0/rooms/%21sWJCargLltBkLWdTpa:lenovo/send/m.room.message/mautrix-go_1628463589074248582_1?ts=1627479843000&user_id=%40whatsapp_5511981062303%3Alenovo {"msgtype":"m.text","body":"Showww"}
[Aug  8, 2021 19:59:49] [Portal/5511955578335-1614918606@g.us/DEBUG] Starting handling of 69031B25C67670A10A03F4AB715700DF (media video/mp4, ts: 1628461860)
[Aug  8, 2021 19:59:49] [Portal/5511947430375-1531832995@g.us/DEBUG] Fetching last message from database to get its timestamp
[Aug  8, 2021 19:59:49] [Portal/5511947430375-1531832995@g.us/DEBUG] Starting handling of A3617F501CC4212B20B0ECB694036871 (text, ts: 1628205227)
[Aug  8, 2021 19:59:49] [Matrix/@whatsapp_5511981062303:lenovo/DEBUG] req #119: POST http://localhost:8008/_matrix/client/r0/rooms/%21AglgqoaidGLJRmfwkX:lenovo/join?user_id=%40whatsapp_5511981062303%3Alenovo
[Aug  8, 2021 19:59:49] [Portal/5511996685073@s.whatsapp.net-5511992798005@s.whatsapp.net/DEBUG] Not creating portal room for incoming message: message is too old
[Aug  8, 2021 19:59:49] [Portal/5511933967566@s.whatsapp.net-5511992798005@s.whatsapp.net/DEBUG] Not creating portal room for incoming message: message is too old
[Aug  8, 2021 19:59:49] [Portal/5511994783987@s.whatsapp.net-5511992798005@s.whatsapp.net/DEBUG] Not creating portal room for incoming message: message is too old
[Aug  8, 2021 19:59:49] [Portal/5511979632653@s.whatsapp.net-5511992798005@s.whatsapp.net/DEBUG] Not creating portal room for incoming message: message is too old
[Aug  8, 2021 19:59:49] [Portal/5511979696751@s.whatsapp.net-5511992798005@s.whatsapp.net/DEBUG] Not creating portal room for incoming message: message is too old
[Aug  8, 2021 19:59:49] [Portal/5511945747756@s.whatsapp.net-5511992798005@s.whatsapp.net/DEBUG] Not creating portal room for incoming message: message is too old
[Aug  8, 2021 19:59:49] [Portal/5511993155252@s.whatsapp.net-5511992798005@s.whatsapp.net/DEBUG] Not creating portal room for incoming message: message is too old
[Aug  8, 2021 19:59:49] [Portal/5511951192934@s.whatsapp.net-5511992798005@s.whatsapp.net/DEBUG] Not creating portal room for incoming message: message is too old
[Aug  8, 2021 19:59:49] [Portal/5511998894976@s.whatsapp.net-5511992798005@s.whatsapp.net/DEBUG] Not creating portal room for incoming message: message is too old
[Aug  8, 2021 19:59:49] [Portal/5519991400502-1505137163@g.us/DEBUG] Fetching last message from database to get its timestamp
[Aug  8, 2021 19:59:49] [Portal/5511933392421@s.whatsapp.net-5511992798005@s.whatsapp.net/DEBUG] Not creating portal room for incoming message: message is too old
[Aug  8, 2021 19:59:49] [Portal/5511969194493@s.whatsapp.net-5511992798005@s.whatsapp.net/DEBUG] Not creating portal room for incoming message: message is too old
[Aug  8, 2021 19:59:49] [Portal/5511966433176@s.whatsapp.net-5511992798005@s.whatsapp.net/DEBUG] Not creating portal room for incoming message: message is too old
[Aug  8, 2021 19:59:49] [Portal/5511949914081@s.whatsapp.net-5511992798005@s.whatsapp.net/DEBUG] Not creating portal room for incoming message: message is too old
[Aug  8, 2021 19:59:49] [Portal/5511953298678@s.whatsapp.net-5511992798005@s.whatsapp.net/DEBUG] Not creating portal room for incoming message: message is too old
[Aug  8, 2021 19:59:49] [Portal/5514997744347-1560702554@g.us/DEBUG] Not creating portal room for incoming message: message is too old
[Aug  8, 2021 19:59:49] [Portal/5511983374733@s.whatsapp.net-5511992798005@s.whatsapp.net/DEBUG] Not creating portal room for incoming message: message is too old
[Aug  8, 2021 19:59:49] [Portal/5511952381690@s.whatsapp.net-5511992798005@s.whatsapp.net/DEBUG] Not creating portal room for incoming message: message is too old
[Aug  8, 2021 19:59:49] [Portal/5511980668612@s.whatsapp.net-5511992798005@s.whatsapp.net/DEBUG] Not creating portal room for incoming message: message is too old
[Aug  8, 2021 19:59:49] [Portal/5514997744347@s.whatsapp.net-5511992798005@s.whatsapp.net/DEBUG] Not creating portal room for incoming message: message is too old
[Aug  8, 2021 19:59:49] [Portal/5511932578429@s.whatsapp.net-5511992798005@s.whatsapp.net/DEBUG] Not creating portal room for incoming message: message is too old
[Aug  8, 2021 19:59:49] [Portal/5511932948779@s.whatsapp.net-5511992798005@s.whatsapp.net/DEBUG] Not creating portal room for incoming message: message is too old
[Aug  8, 2021 19:59:49] [Portal/5511948907772@s.whatsapp.net-5511992798005@s.whatsapp.net/DEBUG] Fetching last message from database to get its timestamp
[Aug  8, 2021 19:59:49] [Portal/5519991400502-1505137163@g.us/DEBUG] Starting handling of 5C85CEB3F3632B0101B0DC853195B31C (text, ts: 1628360836)
[Aug  8, 2021 19:59:49] [Matrix/@whatsapp_5511984091456:lenovo/DEBUG] req #120: PUT http://localhost:8008/_matrix/client/r0/rooms/%21AicmlGOTtVzWbVIpgt:lenovo/send/m.room.message/mautrix-go_1628463589075817460_1?ts=1628360836000&user_id=%40whatsapp_5511984091456%3Alenovo {"msgtype":"m.text","body":"Oq tiver de trampo eu quero"}
[Aug  8, 2021 19:59:49] [Portal/5511989872131@s.whatsapp.net-5511992798005@s.whatsapp.net/DEBUG] Not creating portal room for incoming message: message is too old
[Aug  8, 2021 19:59:49] [Portal/5519991400502-1576521989@g.us/DEBUG] Not creating portal room for incoming message: message is too old
[Aug  8, 2021 19:59:49] [Portal/5511948907772@s.whatsapp.net-5511992798005@s.whatsapp.net/DEBUG] Not handling 24B9366507DB95307AC46378818FFF0E (text): message is duplicate
[Aug  8, 2021 19:59:49] [Portal/5511989717011@s.whatsapp.net-5511992798005@s.whatsapp.net/DEBUG] Not creating portal room for incoming message: message is too old
[Aug  8, 2021 19:59:49] [Portal/551139847914@s.whatsapp.net-5511992798005@s.whatsapp.net/DEBUG] Not creating portal room for incoming message: message is too old
[Aug  8, 2021 19:59:49] [Portal/5511945254201@s.whatsapp.net-5511992798005@s.whatsapp.net/DEBUG] Not creating portal room for incoming message: message is too old
[Aug  8, 2021 19:59:49] [Portal/5493515193933@s.whatsapp.net-5511992798005@s.whatsapp.net/DEBUG] Not creating portal room for incoming message: message is too old
[Aug  8, 2021 19:59:49] [Portal/5511958353856-1502499190@g.us/DEBUG] Not creating portal room for incoming message: message is too old
[Aug  8, 2021 19:59:52] [Matrix/@whatsapp_5511934875086:lenovo/DEBUG] req #121: POST http://localhost:8008/_matrix/client/r0/register?user_id=%40whatsapp_5511934875086%3Alenovo {"username":"whatsapp_5511934875086","type":"m.login.application_service"}
[Aug  8, 2021 19:59:57] [Matrix/@whatsapp_5511986475731:lenovo/DEBUG] req #122: POST http://localhost:8008/_matrix/client/r0/rooms/%21AglgqoaidGLJRmfwkX:lenovo/join?user_id=%40whatsapp_5511986475731%3Alenovo
[Aug  8, 2021 19:59:58] [Matrix/@whatsapp_5511934875086:lenovo/DEBUG] req #123: PUT http://localhost:8008/_matrix/client/r0/profile/@whatsapp_5511934875086:lenovo/displayname?user_id=%40whatsapp_5511934875086%3Alenovo {"displayname":"Clebson Araújo (WA)"}
[Aug  8, 2021 20:00:05] [Portal/5519991400502-1505137163@g.us/DEBUG] Handled message 5C85CEB3F3632B0101B0DC853195B31C -> $M2XtoveF3I-1AZrK6LYbU_Q6uIMBgSNI0iaTZqOnKZE
[Aug  8, 2021 20:00:08] [Portal/5511981062303@s.whatsapp.net-5511992798005@s.whatsapp.net/DEBUG] Handled message 2E1E0FA083BAD3CEED2E843C299BD719 -> $DNGFBaRl78LyHLdMKhL9fmmprzbBhd2xisirEpGHfEE
[Aug  8, 2021 20:00:10] [Matrix/@whatsapp_5511994783987:lenovo/DEBUG] req #126: POST http://localhost:8008/_matrix/media/r0/upload?user_id=%40whatsapp_5511994783987%3Alenovo 39840 bytes
[Aug  8, 2021 20:00:13] [Matrix/@whatsapp_5511981062303:lenovo/DEBUG] req #127: POST http://localhost:8008/_matrix/client/r0/rooms/%21AglgqoaidGLJRmfwkX:lenovo/join?user_id=%40whatsapp_5511981062303%3Alenovo
[Aug  8, 2021 20:00:17] [Matrix/@whatsapp_5511994783987:lenovo/DEBUG] req #128: PUT http://localhost:8008/_matrix/client/r0/profile/@whatsapp_5511994783987:lenovo/avatar_url?user_id=%40whatsapp_5511994783987%3Alenovo {"avatar_url":"mxc://lenovo/oaFYkwpKasmDixzPxrBlOGSM"}
[Aug  8, 2021 20:00:20] [Matrix/@whatsapp_5511986475731:lenovo/DEBUG] req #129: POST http://localhost:8008/_matrix/client/r0/rooms/%21AglgqoaidGLJRmfwkX:lenovo/join?user_id=%40whatsapp_5511986475731%3Alenovo
[Aug  8, 2021 20:00:29] [Matrix/@whatsapp_5511942624915:lenovo/DEBUG] req #130: POST http://localhost:8008/_matrix/client/r0/register?user_id=%40whatsapp_5511942624915%3Alenovo {"username":"whatsapp_5511942624915","type":"m.login.application_service"}
[Aug  8, 2021 20:00:30] [Matrix/@whatsapp_5511981062303:lenovo/DEBUG] req #131: PUT http://localhost:8008/_matrix/client/r0/rooms/%21AglgqoaidGLJRmfwkX:lenovo/send/m.room.message/mautrix-go_1628463630162278392_2?ts=1628205227000&user_id=%40whatsapp_5511981062303%3Alenovo {"msgtype":"m.text","body":"Sim hahhaa"}
[Aug  8, 2021 20:00:36] [Matrix/@whatsapp_5511942624915:lenovo/DEBUG] req #132: PUT http://localhost:8008/_matrix/client/r0/profile/@whatsapp_5511942624915:lenovo/displayname?user_id=%40whatsapp_5511942624915%3Alenovo {"displayname":"Karina Fonseca (WA)"}
[Aug  8, 2021 20:00:37] [Portal/5511947430375-1531832995@g.us/DEBUG] Handled message A3617F501CC4212B20B0ECB694036871 -> $USKdQFQP26VVCjuo4KXgGmalMwy3UG8jn_8JDNYSwpY
[Aug  8, 2021 20:00:45] [Matrix/@whatsapp_5511981912020:lenovo/DEBUG] req #133: POST http://localhost:8008/_matrix/client/r0/rooms/%21AglgqoaidGLJRmfwkX:lenovo/join?user_id=%40whatsapp_5511981912020%3Alenovo
[Aug  8, 2021 20:00:49] [Matrix/@whatsapp_5511981912020:lenovo/DEBUG] req #135: POST http://localhost:8008/_matrix/client/r0/rooms/%21AglgqoaidGLJRmfwkX:lenovo/join?user_id=%40whatsapp_5511981912020%3Alenovo
[Aug  8, 2021 20:00:53] [Matrix/@whatsapp_5511980539766:lenovo/DEBUG] req #136: POST http://localhost:8008/_matrix/client/r0/rooms/%21AglgqoaidGLJRmfwkX:lenovo/join?user_id=%40whatsapp_5511980539766%3Alenovo
[Aug  8, 2021 20:00:57] [Matrix/@whatsapp_5511980539766:lenovo/DEBUG] req #138: POST http://localhost:8008/_matrix/client/r0/rooms/%21AglgqoaidGLJRmfwkX:lenovo/join?user_id=%40whatsapp_5511980539766%3Alenovo
[Aug  8, 2021 20:01:00] [Matrix/@whatsapp_5511974066333:lenovo/DEBUG] req #139: POST http://localhost:8008/_matrix/client/r0/rooms/%21AglgqoaidGLJRmfwkX:lenovo/join?user_id=%40whatsapp_5511974066333%3Alenovo
[Aug  8, 2021 20:01:05] [Matrix/@whatsapp_5511974066333:lenovo/DEBUG] req #141: POST http://localhost:8008/_matrix/client/r0/rooms/%21AglgqoaidGLJRmfwkX:lenovo/join?user_id=%40whatsapp_5511974066333%3Alenovo
[Aug  8, 2021 20:01:06] [User/@rodrigo:lenovo/Conn/ERROR] Websocket keepalive for 0xc00009d040 failed (error #1): connection timed out
[Aug  8, 2021 20:01:08] [User/@rodrigo:lenovo/Conn/DEBUG] Websocket keepalive for %p is working again after %d errors &{{0 0} {{} [0 2 0]} 0xc0004a2420 0xc00020d540 0x4b9700 0 1 0xc00048afc0} 1
[Aug  8, 2021 20:01:08] [User/@rodrigo:lenovo/Conn/ERROR] WhatsApp JSON parse error: json: cannot unmarshal number into Go value of type whatsapp.JSONMessage
[Aug  8, 2021 20:01:08] [User/@rodrigo:lenovo/DEBUG] JSON message with tag !: 1628463666996
[Aug  8, 2021 20:01:09] [Puppet/5511965787751@s.whatsapp.net/DEBUG] Syncing contact info through @rodrigo:lenovo / 5511992798005@s.whatsapp.net because puppet has no displayname
[Aug  8, 2021 20:01:09] [Matrix/@whatsapp_5511942624915:lenovo/DEBUG] req #142: POST http://localhost:8008/_matrix/media/r0/upload?user_id=%40whatsapp_5511942624915%3Alenovo 58725 bytes
[Aug  8, 2021 20:01:09] [Matrix/@whatsapp_5511965787751:lenovo/DEBUG] req #143: POST http://localhost:8008/_matrix/client/r0/rooms/%21AglgqoaidGLJRmfwkX:lenovo/join?user_id=%40whatsapp_5511965787751%3Alenovo
[Aug  8, 2021 20:01:14] [Matrix/@whatsapp_5511965787751:lenovo/DEBUG] req #145: POST http://localhost:8008/_matrix/client/r0/rooms/%21AglgqoaidGLJRmfwkX:lenovo/join?user_id=%40whatsapp_5511965787751%3Alenovo
[Aug  8, 2021 20:01:15] [Matrix/@whatsapp_5511942624915:lenovo/DEBUG] req #146: PUT http://localhost:8008/_matrix/client/r0/profile/@whatsapp_5511942624915:lenovo/avatar_url?user_id=%40whatsapp_5511942624915%3Alenovo {"avatar_url":"mxc://lenovo/wjNcTTHvYqFcaGNAEfOEdaYU"}
[Aug  8, 2021 20:01:19] [Matrix/@whatsapp_5511949333759:lenovo/DEBUG] req #147: POST http://localhost:8008/_matrix/media/r0/upload?user_id=%40whatsapp_5511949333759%3Alenovo 41085 bytes
[Aug  8, 2021 20:01:20] [Matrix/@whatsapp_5511965202007:lenovo/DEBUG] req #148: POST http://localhost:8008/_matrix/client/r0/rooms/%21AglgqoaidGLJRmfwkX:lenovo/join?user_id=%40whatsapp_5511965202007%3Alenovo
[Aug  8, 2021 20:01:25] [Matrix/@whatsapp_5511965202007:lenovo/DEBUG] req #150: POST http://localhost:8008/_matrix/client/r0/rooms/%21AglgqoaidGLJRmfwkX:lenovo/join?user_id=%40whatsapp_5511965202007%3Alenovo
[Aug  8, 2021 20:01:25] [Matrix/@whatsapp_5511949333759:lenovo/DEBUG] req #151: PUT http://localhost:8008/_matrix/client/r0/profile/@whatsapp_5511949333759:lenovo/avatar_url?user_id=%40whatsapp_5511949333759%3Alenovo {"avatar_url":"mxc://lenovo/BfZosliPCgzrBHNlqyQiyBMx"}
[Aug  8, 2021 20:01:29] [Matrix/@whatsapp_5511945254201:lenovo/DEBUG] req #152: POST http://localhost:8008/_matrix/media/r0/upload?user_id=%40whatsapp_5511945254201%3Alenovo 1674082 bytes
[Aug  8, 2021 20:01:30] [Matrix/@whatsapp_5511964483890:lenovo/DEBUG] req #153: POST http://localhost:8008/_matrix/client/r0/rooms/%21AglgqoaidGLJRmfwkX:lenovo/join?user_id=%40whatsapp_5511964483890%3Alenovo
[Aug  8, 2021 20:01:30] [Matrix/@whatsapp_554185237620:lenovo/DEBUG] req #154: POST http://localhost:8008/_matrix/media/r0/upload?user_id=%40whatsapp_554185237620%3Alenovo 34450 bytes
[Aug  8, 2021 20:01:31] [Matrix/@whatsapp_5511945254201:lenovo/DEBUG] req #155: PUT http://localhost:8008/_matrix/client/r0/rooms/%21FyrrPSJccePLRZcFAj:lenovo/send/m.room.message/mautrix-go_1628463691877031260_1?ts=1628461860000&user_id=%40whatsapp_5511945254201%3Alenovo {"msgtype":"m.video","body":"video.m4v","url":"mxc://lenovo/UtiHeHoEBMilmvCCjsZPFhcQ","info":{"mimetype":"video/mp4","duration":14,"size":1674082}}
[Aug  8, 2021 20:01:36] [Portal/5511955578335-1614918606@g.us/DEBUG] Handled message 69031B25C67670A10A03F4AB715700DF -> $ZckfEy9ZIaTIVUIPka5TREOZHXK_kooO7rK0oE0Z-5E
[Aug  8, 2021 20:01:36] [Portal/5511955578335-1614918606@g.us/DEBUG] Not handling 8D80ED56C882D6BCC0D9CA7A5A972712 (media video/mp4): message is older (1628298651) than last bridge message (1628461860)
[Aug  8, 2021 20:01:36] [Portal/5511955578335-1614918606@g.us/DEBUG] Not handling 4DD5EC1FC2A53FAE67AAF9F46F8019DF (media video/mp4): message is older (1628301933) than last bridge message (1628461860)
[Aug  8, 2021 20:01:36] [Portal/5511955578335-1614918606@g.us/DEBUG] Not handling 425EE23D69EDDD46787A246621A4E807 (media video/mp4): message is older (1628312403) than last bridge message (1628461860)
[Aug  8, 2021 20:01:36] [Portal/5511955578335-1614918606@g.us/DEBUG] Not handling 09B606C8C977DC7F0124F3B8520D67F7 (text): message is older (1628319070) than last bridge message (1628461860)
[Aug  8, 2021 20:01:36] [Portal/5511955578335-1614918606@g.us/DEBUG] Not handling 68464F31F0D8C6C95F291819EF58477F (text): message is older (1628319107) than last bridge message (1628461860)
[Aug  8, 2021 20:01:36] [Portal/5511955578335-1614918606@g.us/DEBUG] Not handling 191643BD8047C10E25F4809F08CA30CE (text): message is older (1628319113) than last bridge message (1628461860)
[Aug  8, 2021 20:01:36] [Portal/5511955578335-1614918606@g.us/DEBUG] Not handling C59919D0D7A984B214974216D635EAE7 (text): message is older (1628319121) than last bridge message (1628461860)
[Aug  8, 2021 20:01:36] [Portal/5511955578335-1614918606@g.us/DEBUG] Not handling 58F73C13D29F20E839BEB93ECE162557 (text): message is older (1628319144) than last bridge message (1628461860)
[Aug  8, 2021 20:01:36] [Portal/5511955578335-1614918606@g.us/DEBUG] Not handling DE23F9C7FFE599D38A6547916F7E5848 (text): message is older (1628319152) than last bridge message (1628461860)
[Aug  8, 2021 20:01:36] [Portal/5511955578335-1614918606@g.us/DEBUG] Not handling DC5BD730F095E7946919CAE6695CCDEF (text): message is older (1628319164) than last bridge message (1628461860)
[Aug  8, 2021 20:01:36] [Portal/5511955578335-1614918606@g.us/DEBUG] Not handling 861EA31C7051426A9F45DA0F272BC2E5 (text): message is older (1628319167) than last bridge message (1628461860)
[Aug  8, 2021 20:01:36] [Portal/5511955578335-1614918606@g.us/DEBUG] Not handling 02C0A0CC1572FE186BC6C6AB6D722835 (text): message is older (1628319173) than last bridge message (1628461860)
[Aug  8, 2021 20:01:36] [Portal/5511955578335-1614918606@g.us/DEBUG] Not handling EDD4DD080F0D0B6E66341E834CAF3D4D (text): message is older (1628319234) than last bridge message (1628461860)
[Aug  8, 2021 20:01:36] [Portal/5511955578335-1614918606@g.us/DEBUG] Not handling C8801756507DB69421F95328B6F7C9A8 (text): message is older (1628319244) than last bridge message (1628461860)
[Aug  8, 2021 20:01:36] [Portal/5511955578335-1614918606@g.us/DEBUG] Not handling 6800EF0C9CAA1CE70ADA4078CAE3710A (media image/jpeg): message is older (1628366508) than last bridge message (1628461860)
[Aug  8, 2021 20:01:36] [Portal/5511955578335-1614918606@g.us/DEBUG] Not handling B2D7E6AD3C8E8EA70D65D25449F867C7 (media image/jpeg): message is older (1628381513) than last bridge message (1628461860)
[Aug  8, 2021 20:01:36] [Portal/5511955578335-1614918606@g.us/DEBUG] Not handling 872B8391B80FEEE39BE46EE983D918EC (text): message is older (1628389742) than last bridge message (1628461860)
[Aug  8, 2021 20:01:36] [Portal/5511955578335-1614918606@g.us/DEBUG] Not handling 6AF242436E9F2CE65FA35EC6E3A53E6C (text): message is older (1628389944) than last bridge message (1628461860)
[Aug  8, 2021 20:01:36] [Portal/5511955578335-1614918606@g.us/DEBUG] Not handling 5B099C661DD0403CFE8F9E869049C7C4 (text): message is older (1628390040) than last bridge message (1628461860)
[Aug  8, 2021 20:01:36] [Portal/5511955578335-1614918606@g.us/DEBUG] Not handling BF750B5585813195A8B55F23FE18EDC4 (text): message is older (1628390042) than last bridge message (1628461860)
[Aug  8, 2021 20:01:37] [Matrix/@whatsapp_554185237620:lenovo/DEBUG] req #157: PUT http://localhost:8008/_matrix/client/r0/profile/@whatsapp_554185237620:lenovo/avatar_url?user_id=%40whatsapp_554185237620%3Alenovo {"avatar_url":"mxc://lenovo/MDhlbPzBkYUylynmuwglgowY"}
[Aug  8, 2021 20:01:40] [Matrix/@whatsapp_5511964483890:lenovo/DEBUG] req #158: POST http://localhost:8008/_matrix/client/r0/rooms/%21AglgqoaidGLJRmfwkX:lenovo/join?user_id=%40whatsapp_5511964483890%3Alenovo
[Aug  8, 2021 20:01:47] [Matrix/@whatsapp_5511954300449:lenovo/DEBUG] req #159: POST http://localhost:8008/_matrix/client/r0/rooms/%21AglgqoaidGLJRmfwkX:lenovo/join?user_id=%40whatsapp_5511954300449%3Alenovo
[Aug  8, 2021 20:01:47] [Matrix/@whatsapp_5519981552303:lenovo/DEBUG] req #160: POST http://localhost:8008/_matrix/media/r0/upload?user_id=%40whatsapp_5519981552303%3Alenovo 47166 bytes
[Aug  8, 2021 20:01:53] [Matrix/@whatsapp_5519981552303:lenovo/DEBUG] req #162: PUT http://localhost:8008/_matrix/client/r0/profile/@whatsapp_5519981552303:lenovo/avatar_url?user_id=%40whatsapp_5519981552303%3Alenovo {"avatar_url":"mxc://lenovo/TdfDrNMBUdXtWrGEYICcvssP"}
[Aug  8, 2021 20:01:55] [Matrix/@whatsapp_5511954300449:lenovo/DEBUG] req #163: POST http://localhost:8008/_matrix/client/r0/rooms/%21AglgqoaidGLJRmfwkX:lenovo/join?user_id=%40whatsapp_5511954300449%3Alenovo
[Aug  8, 2021 20:01:55] [Portal/status@broadcast-5511992798005@s.whatsapp.net/INFO] Syncing portal for @rodrigo:lenovo
[Aug  8, 2021 20:01:58] [Matrix/@whatsapp_5511953298678:lenovo/DEBUG] req #164: POST http://localhost:8008/_matrix/media/r0/upload?user_id=%40whatsapp_5511953298678%3Alenovo 58265 bytes
[Aug  8, 2021 20:02:00] [Matrix/@whatsapp_5511953390113:lenovo/DEBUG] req #165: POST http://localhost:8008/_matrix/client/r0/rooms/%21AglgqoaidGLJRmfwkX:lenovo/join?user_id=%40whatsapp_5511953390113%3Alenovo
[Aug  8, 2021 20:02:04] [Matrix/@whatsapp_5511953298678:lenovo/DEBUG] req #167: PUT http://localhost:8008/_matrix/client/r0/profile/@whatsapp_5511953298678:lenovo/avatar_url?user_id=%40whatsapp_5511953298678%3Alenovo {"avatar_url":"mxc://lenovo/uEGXwDvauQTWhKVYiMbVEemm"}
[Aug  8, 2021 20:02:05] [User/@rodrigo:lenovo/INFO] Finished syncing puppet info from contacts
[Aug  8, 2021 20:02:06] [Matrix/@whatsapp_5511953390113:lenovo/DEBUG] req #168: POST http://localhost:8008/_matrix/client/r0/rooms/%21AglgqoaidGLJRmfwkX:lenovo/join?user_id=%40whatsapp_5511953390113%3Alenovo
[Aug  8, 2021 20:02:11] [Matrix/@whatsapp_5511948105081:lenovo/DEBUG] req #169: POST http://localhost:8008/_matrix/client/r0/rooms/%21AglgqoaidGLJRmfwkX:lenovo/join?user_id=%40whatsapp_5511948105081%3Alenovo
[Aug  8, 2021 20:02:15] [Matrix/@whatsapp_5511948105081:lenovo/DEBUG] req #171: POST http://localhost:8008/_matrix/client/r0/rooms/%21AglgqoaidGLJRmfwkX:lenovo/join?user_id=%40whatsapp_5511948105081%3Alenovo
[Aug  8, 2021 20:02:21] [Matrix/@whatsapp_5511947430375:lenovo/DEBUG] req #172: POST http://localhost:8008/_matrix/client/r0/rooms/%21AglgqoaidGLJRmfwkX:lenovo/join?user_id=%40whatsapp_5511947430375%3Alenovo
[Aug  8, 2021 20:02:25] [Matrix/@whatsapp_5511947430375:lenovo/DEBUG] req #174: POST http://localhost:8008/_matrix/client/r0/rooms/%21AglgqoaidGLJRmfwkX:lenovo/join?user_id=%40whatsapp_5511947430375%3Alenovo
[Aug  8, 2021 20:02:30] [Matrix/@whatsapp_5511942624915:lenovo/DEBUG] req #175: POST http://localhost:8008/_matrix/client/r0/rooms/%21AglgqoaidGLJRmfwkX:lenovo/join?user_id=%40whatsapp_5511942624915%3Alenovo
[Aug  8, 2021 20:02:34] [Matrix/@whatsapp_5511942624915:lenovo/DEBUG] req #177: POST http://localhost:8008/_matrix/client/r0/rooms/%21AglgqoaidGLJRmfwkX:lenovo/join?user_id=%40whatsapp_5511942624915%3Alenovo
[Aug  8, 2021 20:02:38] [Matrix/@whatsapp_5511934875086:lenovo/DEBUG] req #178: POST http://localhost:8008/_matrix/client/r0/rooms/%21AglgqoaidGLJRmfwkX:lenovo/join?user_id=%40whatsapp_5511934875086%3Alenovo
[Aug  8, 2021 20:02:42] [Matrix/@whatsapp_5511934875086:lenovo/DEBUG] req #180: POST http://localhost:8008/_matrix/client/r0/rooms/%21AglgqoaidGLJRmfwkX:lenovo/join?user_id=%40whatsapp_5511934875086%3Alenovo
[Aug  8, 2021 20:02:57] [Database/StateStore/WARN] Failed to store power levels of !AglgqoaidGLJRmfwkX:lenovo: database is locked
[Aug  8, 2021 20:02:58] [Database/User/DEBUG] Creating new portal 5511947430375-1531832995@g.us for 5511947430375-1531832995@g.us
[Aug  8, 2021 20:02:58] [Database/User/WARN] Failed to insert @rodrigo:lenovo: UNIQUE constraint failed: user_portal.user_jid, user_portal.portal_jid, user_portal.portal_receiver
[Aug  8, 2021 20:02:58] [Portal/5511947430375-1531832995@g.us/INFO] Filling initial history, maximum 20 messages
[Aug  8, 2021 20:02:58] [Portal/5511947430375-1531832995@g.us/DEBUG] Fetching chunk 1 (20 messages / 20 cap) before message
[Aug  8, 2021 20:03:00] [User/@rodrigo:lenovo/DEBUG] JSON message with tag s28: ["Conn",{"protoVersion":[0,17],"binVersion":11,"phone":{"wa_version":"2.21.14.24","mcc":"724","mnc":"005","os_version":"5.1.1","device_manufacturer":"asus","device_model":"err_value","os_build_number":"LMY47V.WW_Phone-13.0209.1705.117-20170627"},"features":{"URL":true,"FLAGS":"EAEYASgBOAFAAUgBWAFgAWgBeAGYAQGgAQGwAQK4AQHIAQHYAQHgAQPoAQLwAQP4AQOAAgOIAgGgAgOoAgPAAgHQAgPYAgPgAgPwAgE="},"pushname":"Rodrigo Gabriel"}]
[Aug  8, 2021 20:03:00] [User/@rodrigo:lenovo/DEBUG] Unknown type of event in HandleEvent: whatsapp.ProtocolProps
[Aug  8, 2021 20:03:00] [User/@rodrigo:lenovo/DEBUG] JSON message with tag s29: ["Props",{"stickers":1,"productCatalogOpenDeeplink":1,"productCatalogDeeplink":1,"catalogPdpNewDesign":1,"catalogMessage":1,"suspiciousLinks":1,"webBizProfileV3M2":false,"webBizProfileV3":false,"webProductListMessageFallback":true,"webProductListMessage":true,"webYouTubePlayerEnhancements":false,"webMediaCustomCroppingEnabled":true,"webCatalogProductsOnOff":true,"pttPlaybackSpeedHideDelay":1500,"pttPlaybackSpeedEnabled":true,"pttDraftEnabled":false,"webBizProfileEdit":true,"bizProfileEdit":false,"mmsCatV1ForwardHotOverrideEnabled":true,"webSendDocumentThumbInMessageDisabled":false,"webDownloadLinkThumbMmsEnabled":false,"webUploadLinkThumbMmsEnabled":false,"webDownloadDocumentThumbMmsEnabled":false,"webUploadDocumentThumbMmsEnabled":false,"mmsHotContentTimespan":86400,"mmsVCacheAggregationEnabled":true,"webSMBUpsellInBizProfile":true,"greenAlertBannerDuration":86400000,"webCatalogApiREH":true,"webButtonsMessage":true,"webCatalogManagement":true,"webCartV11OrderMessageChanges":true,"webCart":true,"webCatalogCart":false,"webGroupV2Enabled":1,"stickerSearchEnabled":false,"webVoipWindowsOsMinVersion":"10.0.18362","webVoipMacOsMinVersion":"17.0.0","webVoip":false,"webListMessage":true,"ctwaContextCompose":true,"aliteContactUsEnabled":true,"camelotWeb":true,"preloadStickers":true,"webBizProfileOptions":116,"wsCanCacheRequests":true,"bucket":"","gifSearch":"tenor","maxFileSize":100,"media":64,"maxSubject":25,"maxParticipants":257,"imageMaxKBytes":1024,"imageMaxEdge":1280,"statusVideoMaxDuration":30,"frequentlyForwardedMessages":1,"webShopsChatHeaderButtonEnabled":1,"ephemeralMessages":1,"newCommerceEntryPointEnabled":1,"shopsProfileDrawerEntrypoint":1,"viewOnceWrite":0,"ephemeralMessagesSetting":1,"upgradeToMDModal":1,"shopsHeaderDropdownMenuItem":1,"mmsVcardAutodownloadSizeKb":64,"multicastLimitGlobal":5,"wallpapersV2":1,"vcardAsDocumentSizeKb":64,"quickMessageSearch":1,"ctwaContextRender":1,"frequentlyForwardedMax":1,"vcardMaxSizeKb":5000,"hfmStringChanges":1,"muteAlways":1,"shopsHideCatalogAttachmentEntrypoint":1,"viewOnceRead":0,"frequentlyForwardedThreshold":5,"groupDescLength":512}]
[Aug  8, 2021 20:03:01] [User/@rodrigo:lenovo/DEBUG] Battery message: {Plugged:true Powersave:false Percentage:28}
[Aug  8, 2021 20:03:01] [User/@rodrigo:lenovo/DEBUG] Battery message: {Plugged:true Powersave:false Percentage:29}
[Aug  8, 2021 20:03:01] [User/@rodrigo:lenovo/DEBUG] Unknown binary message: &{Description:notice Attributes:map[] Content:<nil>}
[Aug  8, 2021 20:03:01] [Portal/5511947430375-1531832995@g.us/DEBUG] Fetched chunk and received 21 messages
[Aug  8, 2021 20:03:01] [Portal/5511947430375-1531832995@g.us/INFO] Handling 21 messages of history
[Aug  8, 2021 20:03:01] [Portal/5511947430375-1531832995@g.us/DEBUG] Not handling 8D65E3EBA3EE0597FE88417B1351B3E9 (text): message is older (1627480370) than last bridge message (1628205227)
[Aug  8, 2021 20:03:01] [Portal/5511947430375-1531832995@g.us/DEBUG] Not handling 18B34C70B224B9376432132E760289AB (text): message is older (1627481318) than last bridge message (1628205227)
[Aug  8, 2021 20:03:01] [Portal/5511947430375-1531832995@g.us/DEBUG] Not handling 711FD4A3CB6F21B8E9FE33164432CB6F (media image/webp): message is older (1627481466) than last bridge message (1628205227)
[Aug  8, 2021 20:03:01] [Portal/5511947430375-1531832995@g.us/DEBUG] Not handling 868044E3F98C1765949737A9CF8FD09E (text): message is older (1627485164) than last bridge message (1628205227)
[Aug  8, 2021 20:03:01] [Portal/5511947430375-1531832995@g.us/DEBUG] Not handling 74AE1B1DADE5051DE78DA08522916545 (text): message is older (1627487498) than last bridge message (1628205227)
[Aug  8, 2021 20:03:01] [Portal/5511947430375-1531832995@g.us/DEBUG] Not handling 27A16CA3E69015073D5579D712A5A256 (text): message is older (1627488011) than last bridge message (1628205227)
[Aug  8, 2021 20:03:01] [Portal/5511947430375-1531832995@g.us/DEBUG] Not handling 5F7DE0B600D25654AE87204AA9E05B1C (text): message is older (1627489331) than last bridge message (1628205227)
[Aug  8, 2021 20:03:01] [Portal/5511947430375-1531832995@g.us/DEBUG] Not handling A928AE6A97FE6F25A73E932C712E9D84 (text): message is older (1627490145) than last bridge message (1628205227)
[Aug  8, 2021 20:03:01] [Portal/5511947430375-1531832995@g.us/DEBUG] Not handling E4EB983B0612AF1B2B3813884D4BA1F3 (text): message is older (1627490226) than last bridge message (1628205227)
[Aug  8, 2021 20:03:01] [Portal/5511947430375-1531832995@g.us/DEBUG] Not handling 3A11D83187CB511A46DD (text): message is older (1627502112) than last bridge message (1628205227)
[Aug  8, 2021 20:03:01] [Portal/5511947430375-1531832995@g.us/DEBUG] Not handling 3A70513D453CDF55503D (text): message is older (1627502137) than last bridge message (1628205227)
[Aug  8, 2021 20:03:01] [Portal/5511947430375-1531832995@g.us/DEBUG] Not handling 238CF5CB02B2EF290FF2C013E9835B54 (text): message is older (1627505943) than last bridge message (1628205227)
[Aug  8, 2021 20:03:01] [Portal/5511947430375-1531832995@g.us/DEBUG] Not handling 43E66715732AC03DEF36C4E2351C7A54 (text): message is older (1627509730) than last bridge message (1628205227)
[Aug  8, 2021 20:03:01] [Portal/5511947430375-1531832995@g.us/DEBUG] Not handling 45A7E854C20103FF677EF00B4B89D4E5 (text): message is older (1627510446) than last bridge message (1628205227)
[Aug  8, 2021 20:03:01] [Portal/5511947430375-1531832995@g.us/DEBUG] Not handling 05E66D1843A2A72B1D5C0327B259DD97 (text): message is older (1627510648) than last bridge message (1628205227)
[Aug  8, 2021 20:03:01] [Portal/5511947430375-1531832995@g.us/DEBUG] Not handling 208FBA0FD03D490EE51E1C1AA1B2C877 (media video/mp4): message is older (1628204783) than last bridge message (1628205227)
[Aug  8, 2021 20:03:01] [Portal/5511947430375-1531832995@g.us/DEBUG] Not handling 0083AE4E3BE3967AC8524D7F149528A6 (text): message is older (1628205171) than last bridge message (1628205227)
[Aug  8, 2021 20:03:01] [Portal/5511947430375-1531832995@g.us/DEBUG] Not handling 243DB1CC547A61166A2DC158939EB3F7 (text): message is older (1628205172) than last bridge message (1628205227)
[Aug  8, 2021 20:03:01] [Portal/5511947430375-1531832995@g.us/DEBUG] Not handling A3617F501CC4212B20B0ECB694036871 (text): message is duplicate
[Aug  8, 2021 20:03:01] [Portal/5511947430375-1531832995@g.us/INFO] Initial history fill complete
[Aug  8, 2021 20:03:02] [Puppet/5519997881363@s.whatsapp.net/DEBUG] Syncing contact info through @rodrigo:lenovo / 5511992798005@s.whatsapp.net because puppet has no displayname
[Aug  8, 2021 20:03:02] [Puppet/5515998288610@s.whatsapp.net/DEBUG] Syncing contact info through @rodrigo:lenovo / 5511992798005@s.whatsapp.net because puppet has no displayname
[Aug  8, 2021 20:03:02] [Puppet/5511999612724@s.whatsapp.net/DEBUG] Syncing contact info through @rodrigo:lenovo / 5511992798005@s.whatsapp.net because puppet has no displayname
[Aug  8, 2021 20:03:03] [Puppet/5511999605099@s.whatsapp.net/DEBUG] Syncing contact info through @rodrigo:lenovo / 5511992798005@s.whatsapp.net because puppet has no displayname
[Aug  8, 2021 20:03:03] [Puppet/5511965787751@s.whatsapp.net/DEBUG] Syncing contact info through @rodrigo:lenovo / 5511992798005@s.whatsapp.net because puppet has no displayname
[Aug  8, 2021 20:03:07] [User/@rodrigo:lenovo/INFO] Finished syncing portals
[Aug  8, 2021 20:03:17] [User/@rodrigo:lenovo/DEBUG] Battery message: {Plugged:true Powersave:false Percentage:30}
[Aug  8, 2021 20:05:05] [User/@rodrigo:lenovo/DEBUG] Battery message: {Plugged:true Powersave:false Percentage:31}
[Aug  8, 2021 20:06:43] [User/@rodrigo:lenovo/DEBUG] Battery message: {Plugged:true Powersave:false Percentage:32}
[Aug  8, 2021 20:08:29] [User/@rodrigo:lenovo/DEBUG] Battery message: {Plugged:true Powersave:false Percentage:33}
[Aug  8, 2021 20:10:01] [User/@rodrigo:lenovo/DEBUG] Battery message: {Plugged:true Powersave:false Percentage:34}
[Aug  8, 2021 20:11:43] [User/@rodrigo:lenovo/DEBUG] Battery message: {Plugged:true Powersave:false Percentage:35}
[Aug  8, 2021 20:13:02] [User/@rodrigo:lenovo/DEBUG] JSON message with tag s34: ["Stream","asleep"]
[Aug  8, 2021 20:36:59] [User/@rodrigo:lenovo/DEBUG] JSON message with tag s36: ["Conn",{"protoVersion":[0,17],"binVersion":11,"phone":{"wa_version":"2.21.14.24","mcc":"724","mnc":"005","os_version":"5.1.1","device_manufacturer":"asus","device_model":"err_value","os_build_number":"LMY47V.WW_Phone-13.0209.1705.117-20170627"},"features":{"URL":true,"FLAGS":"EAEYASgBOAFAAUgBWAFgAWgBeAGYAQGgAQGwAQK4AQHIAQHYAQHgAQPoAQLwAQP4AQOAAgOIAgGgAgOoAgPAAgHQAgPYAgPgAgPwAgE="},"pushname":"Rodrigo Gabriel"}]
[Aug  8, 2021 20:36:59] [User/@rodrigo:lenovo/DEBUG] Unknown type of event in HandleEvent: whatsapp.ProtocolProps
[Aug  8, 2021 20:36:59] [User/@rodrigo:lenovo/DEBUG] JSON message with tag s37: ["Props",{"stickers":1,"productCatalogOpenDeeplink":1,"productCatalogDeeplink":1,"catalogPdpNewDesign":1,"catalogMessage":1,"suspiciousLinks":1,"webBizProfileV3M2":false,"webBizProfileV3":false,"webProductListMessageFallback":true,"webProductListMessage":true,"webYouTubePlayerEnhancements":false,"webMediaCustomCroppingEnabled":true,"webCatalogProductsOnOff":true,"pttPlaybackSpeedHideDelay":1500,"pttPlaybackSpeedEnabled":true,"pttDraftEnabled":false,"webBizProfileEdit":true,"bizProfileEdit":false,"mmsCatV1ForwardHotOverrideEnabled":true,"webSendDocumentThumbInMessageDisabled":false,"webDownloadLinkThumbMmsEnabled":false,"webUploadLinkThumbMmsEnabled":false,"webDownloadDocumentThumbMmsEnabled":false,"webUploadDocumentThumbMmsEnabled":false,"mmsHotContentTimespan":86400,"mmsVCacheAggregationEnabled":true,"webSMBUpsellInBizProfile":true,"greenAlertBannerDuration":86400000,"webCatalogApiREH":true,"webButtonsMessage":true,"webCatalogManagement":true,"webCartV11OrderMessageChanges":true,"webCart":true,"webCatalogCart":false,"webGroupV2Enabled":1,"stickerSearchEnabled":false,"webVoipWindowsOsMinVersion":"10.0.18362","webVoipMacOsMinVersion":"17.0.0","webVoip":false,"webListMessage":true,"ctwaContextCompose":true,"aliteContactUsEnabled":true,"camelotWeb":true,"preloadStickers":true,"webBizProfileOptions":116,"wsCanCacheRequests":true,"bucket":"","gifSearch":"tenor","maxFileSize":100,"media":64,"maxSubject":25,"maxParticipants":257,"imageMaxKBytes":1024,"imageMaxEdge":1280,"statusVideoMaxDuration":30,"frequentlyForwardedMessages":1,"webShopsChatHeaderButtonEnabled":1,"ephemeralMessages":1,"newCommerceEntryPointEnabled":1,"shopsProfileDrawerEntrypoint":1,"viewOnceWrite":0,"ephemeralMessagesSetting":1,"upgradeToMDModal":1,"shopsHeaderDropdownMenuItem":1,"mmsVcardAutodownloadSizeKb":64,"multicastLimitGlobal":5,"wallpapersV2":1,"vcardAsDocumentSizeKb":64,"quickMessageSearch":1,"ctwaContextRender":1,"frequentlyForwardedMax":1,"vcardMaxSizeKb":5000,"hfmStringChanges":1,"muteAlways":1,"shopsHideCatalogAttachmentEntrypoint":1,"viewOnceRead":0,"frequentlyForwardedThreshold":5,"groupDescLength":512}]
[Aug  8, 2021 20:37:00] [User/@rodrigo:lenovo/DEBUG] JSON message with tag s38: ["Stream","asleep"]
[Aug  8, 2021 20:39:15] [User/@rodrigo:lenovo/DEBUG] JSON message with tag s40: ["Conn",{"protoVersion":[0,17],"binVersion":11,"phone":{"wa_version":"2.21.14.24","mcc":"724","mnc":"005","os_version":"5.1.1","device_manufacturer":"asus","device_model":"err_value","os_build_number":"LMY47V.WW_Phone-13.0209.1705.117-20170627"},"features":{"URL":true,"FLAGS":"EAEYASgBOAFAAUgBWAFgAWgBeAGYAQGgAQGwAQK4AQHIAQHYAQHgAQPoAQLwAQP4AQOAAgOIAgGgAgOoAgPAAgHQAgPYAgPgAgPwAgE="},"pushname":"Rodrigo Gabriel"}]
[Aug  8, 2021 20:39:15] [User/@rodrigo:lenovo/DEBUG] Unknown type of event in HandleEvent: whatsapp.ProtocolProps
[Aug  8, 2021 20:39:15] [User/@rodrigo:lenovo/DEBUG] JSON message with tag s41: ["Props",{"stickers":1,"productCatalogOpenDeeplink":1,"productCatalogDeeplink":1,"catalogPdpNewDesign":1,"catalogMessage":1,"suspiciousLinks":1,"webBizProfileV3M2":false,"webBizProfileV3":false,"webProductListMessageFallback":true,"webProductListMessage":true,"webYouTubePlayerEnhancements":false,"webMediaCustomCroppingEnabled":true,"webCatalogProductsOnOff":true,"pttPlaybackSpeedHideDelay":1500,"pttPlaybackSpeedEnabled":true,"pttDraftEnabled":false,"webBizProfileEdit":true,"bizProfileEdit":false,"mmsCatV1ForwardHotOverrideEnabled":true,"webSendDocumentThumbInMessageDisabled":false,"webDownloadLinkThumbMmsEnabled":false,"webUploadLinkThumbMmsEnabled":false,"webDownloadDocumentThumbMmsEnabled":false,"webUploadDocumentThumbMmsEnabled":false,"mmsHotContentTimespan":86400,"mmsVCacheAggregationEnabled":true,"webSMBUpsellInBizProfile":true,"greenAlertBannerDuration":86400000,"webCatalogApiREH":true,"webButtonsMessage":true,"webCatalogManagement":true,"webCartV11OrderMessageChanges":true,"webCart":true,"webCatalogCart":false,"webGroupV2Enabled":1,"stickerSearchEnabled":false,"webVoipWindowsOsMinVersion":"10.0.18362","webVoipMacOsMinVersion":"17.0.0","webVoip":false,"webListMessage":true,"ctwaContextCompose":true,"aliteContactUsEnabled":true,"camelotWeb":true,"preloadStickers":true,"webBizProfileOptions":116,"wsCanCacheRequests":true,"bucket":"","gifSearch":"tenor","maxFileSize":100,"media":64,"maxSubject":25,"maxParticipants":257,"imageMaxKBytes":1024,"imageMaxEdge":1280,"statusVideoMaxDuration":30,"frequentlyForwardedMessages":1,"webShopsChatHeaderButtonEnabled":1,"ephemeralMessages":1,"newCommerceEntryPointEnabled":1,"shopsProfileDrawerEntrypoint":1,"viewOnceWrite":0,"ephemeralMessagesSetting":1,"upgradeToMDModal":1,"shopsHeaderDropdownMenuItem":1,"mmsVcardAutodownloadSizeKb":64,"multicastLimitGlobal":5,"wallpapersV2":1,"vcardAsDocumentSizeKb":64,"quickMessageSearch":1,"ctwaContextRender":1,"frequentlyForwardedMax":1,"vcardMaxSizeKb":5000,"hfmStringChanges":1,"muteAlways":1,"shopsHideCatalogAttachmentEntrypoint":1,"viewOnceRead":0,"frequentlyForwardedThreshold":5,"groupDescLength":512}]
[Aug  8, 2021 20:39:16] [User/@rodrigo:lenovo/DEBUG] JSON message with tag s42: ["Stream","asleep"]
[Aug  8, 2021 20:48:28] [User/@rodrigo:lenovo/DEBUG] JSON message with tag s44: ["Conn",{"protoVersion":[0,17],"binVersion":11,"phone":{"wa_version":"2.21.14.24","mcc":"724","mnc":"005","os_version":"5.1.1","device_manufacturer":"asus","device_model":"err_value","os_build_number":"LMY47V.WW_Phone-13.0209.1705.117-20170627"},"features":{"URL":true,"FLAGS":"EAEYASgBOAFAAUgBWAFgAWgBeAGYAQGgAQGwAQK4AQHIAQHYAQHgAQPoAQLwAQP4AQOAAgOIAgGgAgOoAgPAAgHQAgPYAgPgAgPwAgE="},"pushname":"Rodrigo Gabriel"}]
[Aug  8, 2021 20:48:28] [User/@rodrigo:lenovo/DEBUG] Unknown type of event in HandleEvent: whatsapp.ProtocolProps
[Aug  8, 2021 20:48:28] [User/@rodrigo:lenovo/DEBUG] JSON message with tag s45: ["Props",{"stickers":1,"productCatalogOpenDeeplink":1,"productCatalogDeeplink":1,"catalogPdpNewDesign":1,"catalogMessage":1,"suspiciousLinks":1,"webBizProfileV3M2":false,"webBizProfileV3":false,"webProductListMessageFallback":true,"webProductListMessage":true,"webYouTubePlayerEnhancements":false,"webMediaCustomCroppingEnabled":true,"webCatalogProductsOnOff":true,"pttPlaybackSpeedHideDelay":1500,"pttPlaybackSpeedEnabled":true,"pttDraftEnabled":false,"webBizProfileEdit":true,"bizProfileEdit":false,"mmsCatV1ForwardHotOverrideEnabled":true,"webSendDocumentThumbInMessageDisabled":false,"webDownloadLinkThumbMmsEnabled":false,"webUploadLinkThumbMmsEnabled":false,"webDownloadDocumentThumbMmsEnabled":false,"webUploadDocumentThumbMmsEnabled":false,"mmsHotContentTimespan":86400,"mmsVCacheAggregationEnabled":true,"webSMBUpsellInBizProfile":true,"greenAlertBannerDuration":86400000,"webCatalogApiREH":true,"webButtonsMessage":true,"webCatalogManagement":true,"webCartV11OrderMessageChanges":true,"webCart":true,"webCatalogCart":false,"webGroupV2Enabled":1,"stickerSearchEnabled":false,"webVoipWindowsOsMinVersion":"10.0.18362","webVoipMacOsMinVersion":"17.0.0","webVoip":false,"webListMessage":true,"ctwaContextCompose":true,"aliteContactUsEnabled":true,"camelotWeb":true,"preloadStickers":true,"webBizProfileOptions":116,"wsCanCacheRequests":true,"bucket":"","gifSearch":"tenor","maxFileSize":100,"media":64,"maxSubject":25,"maxParticipants":257,"imageMaxKBytes":1024,"imageMaxEdge":1280,"statusVideoMaxDuration":30,"frequentlyForwardedMessages":1,"webShopsChatHeaderButtonEnabled":1,"ephemeralMessages":1,"newCommerceEntryPointEnabled":1,"shopsProfileDrawerEntrypoint":1,"viewOnceWrite":0,"ephemeralMessagesSetting":1,"upgradeToMDModal":1,"shopsHeaderDropdownMenuItem":1,"mmsVcardAutodownloadSizeKb":64,"multicastLimitGlobal":5,"wallpapersV2":1,"vcardAsDocumentSizeKb":64,"quickMessageSearch":1,"ctwaContextRender":1,"frequentlyForwardedMax":1,"vcardMaxSizeKb":5000,"hfmStringChanges":1,"muteAlways":1,"shopsHideCatalogAttachmentEntrypoint":1,"viewOnceRead":0,"frequentlyForwardedThreshold":5,"groupDescLength":512}]
[Aug  8, 2021 20:48:29] [User/@rodrigo:lenovo/DEBUG] JSON message with tag s46: ["Stream","asleep"]
[Aug  8, 2021 21:18:54] [User/@rodrigo:lenovo/DEBUG] JSON message with tag s48: ["Conn",{"protoVersion":[0,17],"binVersion":11,"phone":{"wa_version":"2.21.14.24","mcc":"724","mnc":"005","os_version":"5.1.1","device_manufacturer":"asus","device_model":"err_value","os_build_number":"LMY47V.WW_Phone-13.0209.1705.117-20170627"},"features":{"URL":true,"FLAGS":"EAEYASgBOAFAAUgBWAFgAWgBeAGYAQGgAQGwAQK4AQHIAQHYAQHgAQPoAQLwAQP4AQOAAgOIAgGgAgOoAgPAAgHQAgPYAgPgAgPwAgE="},"pushname":"Rodrigo Gabriel"}]
[Aug  8, 2021 21:18:54] [User/@rodrigo:lenovo/DEBUG] Unknown type of event in HandleEvent: whatsapp.ProtocolProps
[Aug  8, 2021 21:18:54] [User/@rodrigo:lenovo/DEBUG] JSON message with tag s49: ["Props",{"stickers":1,"productCatalogOpenDeeplink":1,"productCatalogDeeplink":1,"catalogPdpNewDesign":1,"catalogMessage":1,"suspiciousLinks":1,"webBizProfileV3M2":false,"webBizProfileV3":false,"webProductListMessageFallback":true,"webProductListMessage":true,"webYouTubePlayerEnhancements":false,"webMediaCustomCroppingEnabled":true,"webCatalogProductsOnOff":true,"pttPlaybackSpeedHideDelay":1500,"pttPlaybackSpeedEnabled":true,"pttDraftEnabled":false,"webBizProfileEdit":true,"bizProfileEdit":false,"mmsCatV1ForwardHotOverrideEnabled":true,"webSendDocumentThumbInMessageDisabled":false,"webDownloadLinkThumbMmsEnabled":false,"webUploadLinkThumbMmsEnabled":false,"webDownloadDocumentThumbMmsEnabled":false,"webUploadDocumentThumbMmsEnabled":false,"mmsHotContentTimespan":86400,"mmsVCacheAggregationEnabled":true,"webSMBUpsellInBizProfile":true,"greenAlertBannerDuration":86400000,"webCatalogApiREH":true,"webButtonsMessage":true,"webCatalogManagement":true,"webCartV11OrderMessageChanges":true,"webCart":true,"webCatalogCart":false,"webGroupV2Enabled":1,"stickerSearchEnabled":false,"webVoipWindowsOsMinVersion":"10.0.18362","webVoipMacOsMinVersion":"17.0.0","webVoip":false,"webListMessage":true,"ctwaContextCompose":true,"aliteContactUsEnabled":true,"camelotWeb":true,"preloadStickers":true,"webBizProfileOptions":116,"wsCanCacheRequests":true,"bucket":"","gifSearch":"tenor","maxFileSize":100,"media":64,"maxSubject":25,"maxParticipants":257,"imageMaxKBytes":1024,"imageMaxEdge":1280,"statusVideoMaxDuration":30,"frequentlyForwardedMessages":1,"webShopsChatHeaderButtonEnabled":1,"ephemeralMessages":1,"newCommerceEntryPointEnabled":1,"shopsProfileDrawerEntrypoint":1,"viewOnceWrite":0,"ephemeralMessagesSetting":1,"upgradeToMDModal":1,"shopsHeaderDropdownMenuItem":1,"mmsVcardAutodownloadSizeKb":64,"multicastLimitGlobal":5,"wallpapersV2":1,"vcardAsDocumentSizeKb":64,"quickMessageSearch":1,"ctwaContextRender":1,"frequentlyForwardedMax":1,"vcardMaxSizeKb":5000,"hfmStringChanges":1,"muteAlways":1,"shopsHideCatalogAttachmentEntrypoint":1,"viewOnceRead":0,"frequentlyForwardedThreshold":5,"groupDescLength":512}]
[Aug  8, 2021 21:18:55] [User/@rodrigo:lenovo/DEBUG] JSON message with tag s50: ["Stream","asleep"]
[Aug  8, 2021 22:53:21] [User/@rodrigo:lenovo/DEBUG] JSON message with tag s52: ["Conn",{"protoVersion":[0,17],"binVersion":11,"phone":{"wa_version":"2.21.14.24","mcc":"724","mnc":"005","os_version":"5.1.1","device_manufacturer":"asus","device_model":"err_value","os_build_number":"LMY47V.WW_Phone-13.0209.1705.117-20170627"},"features":{"URL":true,"FLAGS":"EAEYASgBOAFAAUgBWAFgAWgBeAGYAQGgAQGwAQK4AQHIAQHYAQHgAQPoAQLwAQP4AQOAAgOIAgGgAgOoAgPAAgHQAgPYAgPgAgPwAgE="},"pushname":"Rodrigo Gabriel"}]
[Aug  8, 2021 22:53:22] [User/@rodrigo:lenovo/DEBUG] Unknown type of event in HandleEvent: whatsapp.ProtocolProps
[Aug  8, 2021 22:53:22] [User/@rodrigo:lenovo/DEBUG] JSON message with tag s53: ["Props",{"stickers":1,"productCatalogOpenDeeplink":1,"productCatalogDeeplink":1,"catalogPdpNewDesign":1,"catalogMessage":1,"suspiciousLinks":1,"webBizProfileV3M2":false,"webBizProfileV3":false,"webProductListMessageFallback":true,"webProductListMessage":true,"webYouTubePlayerEnhancements":false,"webMediaCustomCroppingEnabled":true,"webCatalogProductsOnOff":true,"pttPlaybackSpeedHideDelay":1500,"pttPlaybackSpeedEnabled":true,"pttDraftEnabled":false,"webBizProfileEdit":true,"bizProfileEdit":false,"mmsCatV1ForwardHotOverrideEnabled":true,"webSendDocumentThumbInMessageDisabled":false,"webDownloadLinkThumbMmsEnabled":false,"webUploadLinkThumbMmsEnabled":false,"webDownloadDocumentThumbMmsEnabled":false,"webUploadDocumentThumbMmsEnabled":false,"mmsHotContentTimespan":86400,"mmsVCacheAggregationEnabled":true,"webSMBUpsellInBizProfile":true,"greenAlertBannerDuration":86400000,"webCatalogApiREH":true,"webButtonsMessage":true,"webCatalogManagement":true,"webCartV11OrderMessageChanges":true,"webCart":true,"webCatalogCart":false,"webGroupV2Enabled":1,"stickerSearchEnabled":false,"webVoipWindowsOsMinVersion":"10.0.18362","webVoipMacOsMinVersion":"17.0.0","webVoip":false,"webListMessage":true,"ctwaContextCompose":true,"aliteContactUsEnabled":true,"camelotWeb":true,"preloadStickers":true,"webBizProfileOptions":116,"wsCanCacheRequests":true,"bucket":"","gifSearch":"tenor","maxFileSize":100,"media":64,"maxSubject":25,"maxParticipants":257,"imageMaxKBytes":1024,"imageMaxEdge":1280,"statusVideoMaxDuration":30,"frequentlyForwardedMessages":1,"webShopsChatHeaderButtonEnabled":1,"ephemeralMessages":1,"newCommerceEntryPointEnabled":1,"shopsProfileDrawerEntrypoint":1,"viewOnceWrite":0,"ephemeralMessagesSetting":1,"upgradeToMDModal":1,"shopsHeaderDropdownMenuItem":1,"mmsVcardAutodownloadSizeKb":64,"multicastLimitGlobal":5,"wallpapersV2":1,"vcardAsDocumentSizeKb":64,"quickMessageSearch":1,"ctwaContextRender":1,"frequentlyForwardedMax":1,"vcardMaxSizeKb":5000,"hfmStringChanges":1,"muteAlways":1,"shopsHideCatalogAttachmentEntrypoint":1,"viewOnceRead":0,"frequentlyForwardedThreshold":5,"groupDescLength":512}]
[Aug  8, 2021 22:53:32] [User/@rodrigo:lenovo/DEBUG] Battery message: {Plugged:true Powersave:false Percentage:98}
[Aug  8, 2021 22:53:32] [User/@rodrigo:lenovo/DEBUG] Unknown binary message: &{Description:notice Attributes:map[] Content:<nil>}
[Aug  8, 2021 22:53:52] [INFO] Interrupt received, stopping...
[Aug  8, 2021 22:53:52] [Matrix/DEBUG] Listener stopped.
[Aug  8, 2021 22:53:52] [DEBUG] Disconnecting @rodrigo:lenovo
[Aug  8, 2021 22:53:52] [User/@rodrigo:lenovo/Conn/DEBUG] Disconnecting websocket
[Aug  8, 2021 22:53:52] [User/@rodrigo:lenovo/Conn/DEBUG] Websocket read pump exiting 0xc00009d040
[Aug  8, 2021 22:53:52] [User/@rodrigo:lenovo/Conn/DEBUG] Websocket keepalive loop exiting 0xc00009d040
[Aug  8, 2021 22:53:52] [User/@rodrigo:lenovo/Conn/DEBUG] Websocket disconnection complete
[Aug  8, 2021 22:53:52] [INFO] Bridge stopped.
