[Sep  4, 2021 09:05:20] [INFO] Initializing mautrix-whatsapp 0.1.7+dev.unknown (unknown)
[Sep  4, 2021 09:05:20] [DEBUG] Initializing database connection
[Sep  4, 2021 09:05:20] [DEBUG] Initializing state store
[Sep  4, 2021 09:05:20] [DEBUG] Initializing Matrix event processor
[Sep  4, 2021 09:05:20] [DEBUG] Initializing Matrix event handler
[Sep  4, 2021 09:05:20] [DEBUG] Bridge built with end-to-bridge encryption, but disabled in config
[Sep  4, 2021 09:05:20] [INFO] Bridge initialization complete, starting...
[Sep  4, 2021 09:05:20] [DEBUG] Running database upgrades
[Sep  4, 2021 09:05:20] [Database/Upgrade/INFO] Database currently on v21, latest: v21
[Sep  4, 2021 09:05:20] [DEBUG] Checking connection to homeserver
[Sep  4, 2021 09:05:21] [DEBUG] Starting application service HTTP server
[Sep  4, 2021 09:05:21] [DEBUG] Starting event processor
[Sep  4, 2021 09:05:21] [Matrix/INFO] Listening on 0.0.0.0:29318
[Sep  4, 2021 09:05:21] [INFO] Bridge started!
[Sep  4, 2021 09:05:21] [DEBUG] Updating bot profile
[Sep  4, 2021 09:05:21] [DEBUG] Starting users
[Sep  4, 2021 09:05:21] [DEBUG] Starting custom puppets
[Sep  4, 2021 09:05:21] [User/@rodrigo:lenovo/DEBUG] Connecting to WhatsApp
[Sep  4, 2021 09:05:21] [User/@rodrigo:lenovo/Conn/DEBUG] Dialing wss://web.whatsapp.com/ws
[Sep  4, 2021 09:05:21] [User/@rodrigo:lenovo/Conn/DEBUG] Successfully connected to websocket
[Sep  4, 2021 09:05:21] [User/@rodrigo:lenovo/Conn/DEBUG] Websocket read pump starting 0xc00009c140
[Sep  4, 2021 09:05:21] [User/@rodrigo:lenovo/Conn/DEBUG] Websocket keepalive loop starting 0xc00009c140
[Sep  4, 2021 09:08:21] [User/@rodrigo:lenovo/ERROR] Failed to restore session: login context finished: context deadline exceeded
[Sep  4, 2021 09:08:21] [User/@rodrigo:lenovo/DEBUG] Disconnecting due to failed session restore...
[Sep  4, 2021 09:08:21] [User/@rodrigo:lenovo/Conn/DEBUG] Disconnecting websocket
[Sep  4, 2021 09:08:21] [User/@rodrigo:lenovo/Conn/DEBUG] Websocket read pump exiting 0xc00009c140
[Sep  4, 2021 09:08:21] [User/@rodrigo:lenovo/Conn/DEBUG] Websocket keepalive loop exiting 0xc00009c140
[Sep  4, 2021 09:08:21] [User/@rodrigo:lenovo/Conn/DEBUG] Websocket disconnection complete
[Sep  4, 2021 10:50:24] [INFO] Interrupt received, stopping...
[Sep  4, 2021 10:50:24] [Matrix/DEBUG] Listener stopped.
[Sep  4, 2021 10:50:24] [DEBUG] Disconnecting @rodrigo:lenovo
[Sep  4, 2021 10:50:24] [ERROR] Error while disconnecting @rodrigo:lenovo: not connected
[Sep  4, 2021 10:50:24] [INFO] Bridge stopped.
