[Jul 31, 2021 18:12:52] [INFO] Initializing mautrix-whatsapp 0.1.7+dev.unknown (unknown)
[Jul 31, 2021 18:12:52] [DEBUG] Initializing database connection
[Jul 31, 2021 18:12:52] [DEBUG] Initializing state store
[Jul 31, 2021 18:12:52] [DEBUG] Initializing Matrix event processor
[Jul 31, 2021 18:12:52] [DEBUG] Initializing Matrix event handler
[Jul 31, 2021 18:12:52] [DEBUG] Bridge built with end-to-bridge encryption, but disabled in config
[Jul 31, 2021 18:12:52] [INFO] Bridge initialization complete, starting...
[Jul 31, 2021 18:12:52] [DEBUG] Running database upgrades
[Jul 31, 2021 18:12:52] [Database/Upgrade/INFO] Database currently on v21, latest: v21
[Jul 31, 2021 18:12:52] [DEBUG] Checking connection to homeserver
[Jul 31, 2021 18:12:52] [DEBUG] Starting application service HTTP server
[Jul 31, 2021 18:12:52] [DEBUG] Starting event processor
[Jul 31, 2021 18:12:52] [Matrix/INFO] Listening on 0.0.0.0:29318
[Jul 31, 2021 18:12:52] [INFO] Bridge started!
[Jul 31, 2021 18:12:52] [DEBUG] Updating bot profile
[Jul 31, 2021 18:12:52] [DEBUG] Starting users
[Jul 31, 2021 18:12:52] [DEBUG] Starting custom puppets
[Jul 31, 2021 18:12:52] [User/@rodrigo:lenovo/DEBUG] Connecting to WhatsApp
[Jul 31, 2021 18:12:52] [User/@rodrigo:lenovo/Conn/DEBUG] Dialing wss://web.whatsapp.com/ws
[Jul 31, 2021 18:12:52] [User/@rodrigo:lenovo/Conn/DEBUG] Successfully connected to websocket
[Jul 31, 2021 18:12:52] [User/@rodrigo:lenovo/Conn/DEBUG] Websocket read pump starting 0xc0002e4050
[Jul 31, 2021 18:12:52] [User/@rodrigo:lenovo/Conn/DEBUG] Websocket keepalive loop starting 0xc0002e4050
[Jul 31, 2021 18:15:52] [User/@rodrigo:lenovo/ERROR] Failed to restore session: login context finished: context deadline exceeded
[Jul 31, 2021 18:15:53] [User/@rodrigo:lenovo/DEBUG] Disconnecting due to failed session restore...
[Jul 31, 2021 18:15:53] [User/@rodrigo:lenovo/Conn/DEBUG] Disconnecting websocket
[Jul 31, 2021 18:15:53] [User/@rodrigo:lenovo/Conn/DEBUG] Websocket read pump exiting 0xc0002e4050
[Jul 31, 2021 18:15:53] [User/@rodrigo:lenovo/Conn/DEBUG] Websocket keepalive loop exiting 0xc0002e4050
[Jul 31, 2021 18:15:53] [User/@rodrigo:lenovo/Conn/DEBUG] Websocket disconnection complete
