[Sep 11, 2021 18:30:29] [INFO] Initializing mautrix-whatsapp 0.1.8+dev.unknown (unknown)
[Sep 11, 2021 18:30:29] [DEBUG] Initializing database connection
[Sep 11, 2021 18:30:29] [DEBUG] Initializing state store
[Sep 11, 2021 18:30:29] [DEBUG] Initializing Matrix event processor
[Sep 11, 2021 18:30:29] [DEBUG] Initializing Matrix event handler
[Sep 11, 2021 18:30:29] [DEBUG] Bridge built with end-to-bridge encryption, but disabled in config
[Sep 11, 2021 18:30:29] [INFO] Bridge initialization complete, starting...
[Sep 11, 2021 18:30:29] [DEBUG] Running database upgrades
[Sep 11, 2021 18:30:29] [Database/Upgrade/INFO] Database currently on v21, latest: v21
[Sep 11, 2021 18:30:29] [DEBUG] Checking connection to homeserver
[Sep 11, 2021 18:30:29] [DEBUG] Starting application service HTTP server
[Sep 11, 2021 18:30:29] [DEBUG] Starting event processor
[Sep 11, 2021 18:30:29] [Matrix/INFO] Listening on 0.0.0.0:29318
[Sep 11, 2021 18:30:29] [INFO] Bridge started!
[Sep 11, 2021 18:30:29] [DEBUG] Updating bot profile
[Sep 11, 2021 18:30:29] [DEBUG] Starting users
[Sep 11, 2021 18:30:29] [DEBUG] Starting custom puppets
[Sep 11, 2021 18:30:29] [User/@rodrigo:lenovo/DEBUG] Connecting to WhatsApp
[Sep 11, 2021 18:30:29] [User/@rodrigo:lenovo/Conn/DEBUG] Dialing wss://web.whatsapp.com/ws
[Sep 11, 2021 18:30:29] [User/@rodrigo:lenovo/Conn/DEBUG] Successfully connected to websocket
[Sep 11, 2021 18:30:29] [User/@rodrigo:lenovo/Conn/DEBUG] Websocket keepalive loop starting 0xc00059c050
[Sep 11, 2021 18:30:29] [User/@rodrigo:lenovo/Conn/DEBUG] Websocket read pump starting 0xc00059c050
[Sep 11, 2021 18:33:29] [User/@rodrigo:lenovo/ERROR] Failed to restore session: login context finished: context deadline exceeded
[Sep 11, 2021 18:33:29] [User/@rodrigo:lenovo/DEBUG] Disconnecting due to failed session restore...
[Sep 11, 2021 18:33:29] [User/@rodrigo:lenovo/Conn/DEBUG] Disconnecting websocket
[Sep 11, 2021 18:33:29] [User/@rodrigo:lenovo/Conn/DEBUG] Websocket read pump exiting 0xc00059c050
[Sep 11, 2021 18:33:29] [User/@rodrigo:lenovo/Conn/DEBUG] Websocket keepalive loop exiting 0xc00059c050
[Sep 11, 2021 18:33:29] [User/@rodrigo:lenovo/Conn/DEBUG] Websocket disconnection complete
[Sep 11, 2021 21:40:56] [INFO] Interrupt received, stopping...
[Sep 11, 2021 21:40:56] [Matrix/DEBUG] Listener stopped.
[Sep 11, 2021 21:40:56] [DEBUG] Disconnecting @rodrigo:lenovo
[Sep 11, 2021 21:40:56] [ERROR] Error while disconnecting @rodrigo:lenovo: not connected
[Sep 11, 2021 21:40:56] [INFO] Bridge stopped.
