[Sep  1, 2021 21:30:58] [INFO] Initializing mautrix-whatsapp 0.1.7+dev.unknown (unknown)
[Sep  1, 2021 21:30:58] [DEBUG] Initializing database connection
[Sep  1, 2021 21:30:58] [DEBUG] Initializing state store
[Sep  1, 2021 21:30:58] [DEBUG] Initializing Matrix event processor
[Sep  1, 2021 21:30:58] [DEBUG] Initializing Matrix event handler
[Sep  1, 2021 21:30:58] [DEBUG] Bridge built with end-to-bridge encryption, but disabled in config
[Sep  1, 2021 21:30:58] [INFO] Bridge initialization complete, starting...
[Sep  1, 2021 21:30:58] [DEBUG] Running database upgrades
[Sep  1, 2021 21:30:58] [Database/Upgrade/INFO] Database currently on v21, latest: v21
[Sep  1, 2021 21:30:58] [DEBUG] Checking connection to homeserver
[Sep  1, 2021 21:30:58] [DEBUG] Starting application service HTTP server
[Sep  1, 2021 21:30:58] [DEBUG] Starting event processor
[Sep  1, 2021 21:30:58] [Matrix/INFO] Listening on 0.0.0.0:29318
[Sep  1, 2021 21:30:58] [INFO] Bridge started!
[Sep  1, 2021 21:30:58] [DEBUG] Updating bot profile
[Sep  1, 2021 21:30:58] [DEBUG] Starting users
[Sep  1, 2021 21:30:58] [DEBUG] Starting custom puppets
[Sep  1, 2021 21:30:58] [User/@rodrigo:lenovo/DEBUG] Connecting to WhatsApp
[Sep  1, 2021 21:30:58] [User/@rodrigo:lenovo/Conn/DEBUG] Dialing wss://web.whatsapp.com/ws
[Sep  1, 2021 21:30:58] [User/@rodrigo:lenovo/Conn/DEBUG] Successfully connected to websocket
[Sep  1, 2021 21:30:58] [User/@rodrigo:lenovo/Conn/DEBUG] Websocket read pump starting 0xc00013c190
[Sep  1, 2021 21:30:58] [User/@rodrigo:lenovo/Conn/DEBUG] Websocket keepalive loop starting 0xc00013c190
[Sep  1, 2021 21:33:58] [User/@rodrigo:lenovo/ERROR] Failed to restore session: login context finished: context deadline exceeded
[Sep  1, 2021 21:33:58] [User/@rodrigo:lenovo/DEBUG] Disconnecting due to failed session restore...
[Sep  1, 2021 21:33:58] [User/@rodrigo:lenovo/Conn/DEBUG] Disconnecting websocket
[Sep  1, 2021 21:33:58] [User/@rodrigo:lenovo/Conn/DEBUG] Websocket read pump exiting 0xc00013c190
[Sep  1, 2021 21:33:58] [User/@rodrigo:lenovo/Conn/DEBUG] Websocket keepalive loop exiting 0xc00013c190
[Sep  1, 2021 21:33:58] [User/@rodrigo:lenovo/Conn/DEBUG] Websocket disconnection complete
[Sep  1, 2021 22:26:20] [INFO] Interrupt received, stopping...
[Sep  1, 2021 22:26:20] [Matrix/DEBUG] Listener stopped.
[Sep  1, 2021 22:26:20] [DEBUG] Disconnecting @rodrigo:lenovo
[Sep  1, 2021 22:26:20] [ERROR] Error while disconnecting @rodrigo:lenovo: not connected
[Sep  1, 2021 22:26:20] [INFO] Bridge stopped.
