[Jul 28, 2021 21:08:43] [INFO] Initializing mautrix-whatsapp 0.1.7+dev.unknown (unknown)
[Jul 28, 2021 21:08:43] [DEBUG] Initializing database connection
[Jul 28, 2021 21:08:43] [DEBUG] Initializing state store
[Jul 28, 2021 21:08:43] [DEBUG] Initializing Matrix event processor
[Jul 28, 2021 21:08:43] [DEBUG] Initializing Matrix event handler
[Jul 28, 2021 21:08:43] [DEBUG] Bridge built with end-to-bridge encryption, but disabled in config
[Jul 28, 2021 21:08:43] [INFO] Bridge initialization complete, starting...
[Jul 28, 2021 21:08:43] [DEBUG] Running database upgrades
[Jul 28, 2021 21:08:43] [Database/Upgrade/INFO] Database currently on v21, latest: v21
[Jul 28, 2021 21:08:43] [DEBUG] Checking connection to homeserver
[Jul 28, 2021 21:08:43] [DEBUG] Starting application service HTTP server
[Jul 28, 2021 21:08:43] [DEBUG] Starting event processor
[Jul 28, 2021 21:08:43] [Matrix/INFO] Listening on 0.0.0.0:29318
[Jul 28, 2021 21:08:43] [INFO] Bridge started!
[Jul 28, 2021 21:08:43] [DEBUG] Updating bot profile
[Jul 28, 2021 21:08:43] [DEBUG] Starting users
[Jul 28, 2021 21:08:43] [DEBUG] Starting custom puppets
[Jul 28, 2021 21:08:43] [User/@rodrigo:lenovo/DEBUG] Connecting to WhatsApp
[Jul 28, 2021 21:08:43] [User/@rodrigo:lenovo/Conn/DEBUG] Dialing wss://web.whatsapp.com/ws
[Jul 28, 2021 21:08:53] [User/@rodrigo:lenovo/ERROR] Failed to restore session: couldn't dial whatsapp web websocket: dial tcp: lookup web.whatsapp.com: device or resource busy
[Jul 28, 2021 21:08:54] [User/@rodrigo:lenovo/DEBUG] Disconnecting due to failed session restore...
[Jul 28, 2021 21:08:54] [User/@rodrigo:lenovo/ERROR] Failed to disconnect after failed session restore: not connected
[Jul 28, 2021 23:13:42] [INFO] Interrupt received, stopping...
[Jul 28, 2021 23:13:42] [Matrix/DEBUG] Listener stopped.
[Jul 28, 2021 23:13:42] [DEBUG] Disconnecting @rodrigo:lenovo
[Jul 28, 2021 23:13:42] [ERROR] Error while disconnecting @rodrigo:lenovo: not connected
[Jul 28, 2021 23:13:42] [INFO] Bridge stopped.
