[Sep  1, 2021 20:26:20] [INFO] Initializing mautrix-whatsapp 0.1.7+dev.unknown (unknown)
[Sep  1, 2021 20:26:20] [DEBUG] Initializing database connection
[Sep  1, 2021 20:26:20] [DEBUG] Initializing state store
[Sep  1, 2021 20:26:20] [DEBUG] Initializing Matrix event processor
[Sep  1, 2021 20:26:20] [DEBUG] Initializing Matrix event handler
[Sep  1, 2021 20:26:20] [DEBUG] Bridge built with end-to-bridge encryption, but disabled in config
[Sep  1, 2021 20:26:20] [INFO] Bridge initialization complete, starting...
[Sep  1, 2021 20:26:20] [DEBUG] Running database upgrades
[Sep  1, 2021 20:26:20] [Database/Upgrade/INFO] Database currently on v21, latest: v21
[Sep  1, 2021 20:26:20] [DEBUG] Checking connection to homeserver
[Sep  1, 2021 20:26:20] [DEBUG] Starting application service HTTP server
[Sep  1, 2021 20:26:20] [DEBUG] Starting event processor
[Sep  1, 2021 20:26:20] [Matrix/INFO] Listening on 0.0.0.0:29318
[Sep  1, 2021 20:26:20] [INFO] Bridge started!
[Sep  1, 2021 20:26:20] [DEBUG] Starting users
[Sep  1, 2021 20:26:20] [DEBUG] Updating bot profile
[Sep  1, 2021 20:26:20] [DEBUG] Starting custom puppets
[Sep  1, 2021 20:26:20] [User/@rodrigo:lenovo/DEBUG] Connecting to WhatsApp
[Sep  1, 2021 20:26:20] [User/@rodrigo:lenovo/Conn/DEBUG] Dialing wss://web.whatsapp.com/ws
[Sep  1, 2021 20:26:20] [User/@rodrigo:lenovo/ERROR] Failed to restore session: couldn't dial whatsapp web websocket: dial tcp: lookup web.whatsapp.com: device or resource busy
[Sep  1, 2021 20:26:21] [User/@rodrigo:lenovo/DEBUG] Disconnecting due to failed session restore...
[Sep  1, 2021 20:26:21] [User/@rodrigo:lenovo/ERROR] Failed to disconnect after failed session restore: not connected
[Sep  1, 2021 21:25:25] [INFO] Interrupt received, stopping...
[Sep  1, 2021 21:25:25] [Matrix/DEBUG] Listener stopped.
[Sep  1, 2021 21:25:25] [DEBUG] Disconnecting @rodrigo:lenovo
[Sep  1, 2021 21:25:25] [ERROR] Error while disconnecting @rodrigo:lenovo: not connected
[Sep  1, 2021 21:25:25] [INFO] Bridge stopped.
