[Aug  5, 2021 13:12:43] [INFO] Initializing mautrix-whatsapp 0.1.7+dev.unknown (unknown)
[Aug  5, 2021 13:12:43] [DEBUG] Initializing database connection
[Aug  5, 2021 13:12:43] [DEBUG] Initializing state store
[Aug  5, 2021 13:12:43] [DEBUG] Initializing Matrix event processor
[Aug  5, 2021 13:12:43] [DEBUG] Initializing Matrix event handler
[Aug  5, 2021 13:12:43] [DEBUG] Bridge built with end-to-bridge encryption, but disabled in config
[Aug  5, 2021 13:12:43] [INFO] Bridge initialization complete, starting...
[Aug  5, 2021 13:12:43] [DEBUG] Running database upgrades
[Aug  5, 2021 13:12:43] [Database/Upgrade/INFO] Database currently on v21, latest: v21
[Aug  5, 2021 13:12:43] [DEBUG] Checking connection to homeserver
[Aug  5, 2021 13:12:43] [DEBUG] Starting application service HTTP server
[Aug  5, 2021 13:12:43] [DEBUG] Starting event processor
[Aug  5, 2021 13:12:43] [Matrix/INFO] Listening on 0.0.0.0:29318
[Aug  5, 2021 13:12:43] [INFO] Bridge started!
[Aug  5, 2021 13:12:43] [DEBUG] Updating bot profile
[Aug  5, 2021 13:12:43] [DEBUG] Starting users
[Aug  5, 2021 13:12:43] [DEBUG] Starting custom puppets
[Aug  5, 2021 13:12:43] [User/@rodrigo:lenovo/DEBUG] Connecting to WhatsApp
[Aug  5, 2021 13:12:43] [User/@rodrigo:lenovo/Conn/DEBUG] Dialing wss://web.whatsapp.com/ws
[Aug  5, 2021 13:12:44] [User/@rodrigo:lenovo/Conn/DEBUG] Successfully connected to websocket
[Aug  5, 2021 13:12:44] [User/@rodrigo:lenovo/Conn/DEBUG] Websocket read pump starting 0xc0003c8050
[Aug  5, 2021 13:12:44] [User/@rodrigo:lenovo/Conn/DEBUG] Websocket keepalive loop starting 0xc0003c8050
[Aug  5, 2021 13:15:43] [User/@rodrigo:lenovo/ERROR] Failed to restore session: login context finished: context deadline exceeded
[Aug  5, 2021 13:15:44] [User/@rodrigo:lenovo/DEBUG] Disconnecting due to failed session restore...
[Aug  5, 2021 13:15:44] [User/@rodrigo:lenovo/Conn/DEBUG] Disconnecting websocket
[Aug  5, 2021 13:15:44] [User/@rodrigo:lenovo/Conn/DEBUG] Websocket read pump exiting 0xc0003c8050
[Aug  5, 2021 13:15:44] [User/@rodrigo:lenovo/Conn/DEBUG] Websocket keepalive loop exiting 0xc0003c8050
[Aug  5, 2021 13:15:44] [User/@rodrigo:lenovo/Conn/DEBUG] Websocket disconnection complete
[Aug  5, 2021 13:52:13] [INFO] Interrupt received, stopping...
[Aug  5, 2021 13:52:13] [Matrix/DEBUG] Listener stopped.
[Aug  5, 2021 13:52:13] [DEBUG] Disconnecting @rodrigo:lenovo
[Aug  5, 2021 13:52:13] [ERROR] Error while disconnecting @rodrigo:lenovo: not connected
[Aug  5, 2021 13:52:13] [INFO] Bridge stopped.
