[Jul 27, 2021 08:31:47] [INFO] Initializing mautrix-whatsapp 0.1.7+dev.unknown (unknown)
[Jul 27, 2021 08:31:47] [DEBUG] Initializing database connection
[Jul 27, 2021 08:31:48] [DEBUG] Initializing state store
[Jul 27, 2021 08:31:48] [DEBUG] Initializing Matrix event processor
[Jul 27, 2021 08:31:48] [DEBUG] Initializing Matrix event handler
[Jul 27, 2021 08:31:48] [DEBUG] Bridge built with end-to-bridge encryption, but disabled in config
[Jul 27, 2021 08:31:48] [INFO] Bridge initialization complete, starting...
[Jul 27, 2021 08:31:48] [DEBUG] Running database upgrades
[Jul 27, 2021 08:31:48] [Database/Upgrade/INFO] Database currently on v21, latest: v21
[Jul 27, 2021 08:31:48] [DEBUG] Checking connection to homeserver
[Jul 27, 2021 08:31:48] [DEBUG] Starting application service HTTP server
[Jul 27, 2021 08:31:48] [DEBUG] Starting event processor
[Jul 27, 2021 08:31:48] [Matrix/INFO] Listening on 0.0.0.0:29318
[Jul 27, 2021 08:31:48] [INFO] Bridge started!
[Jul 27, 2021 08:31:48] [DEBUG] Updating bot profile
[Jul 27, 2021 08:31:48] [DEBUG] Starting users
[Jul 27, 2021 08:31:48] [DEBUG] Starting custom puppets
[Jul 27, 2021 08:31:48] [User/@rodrigo:lenovo/DEBUG] Connecting to WhatsApp
[Jul 27, 2021 08:31:48] [User/@rodrigo:lenovo/Conn/DEBUG] Dialing wss://web.whatsapp.com/ws
[Jul 27, 2021 08:31:48] [User/@rodrigo:lenovo/Conn/DEBUG] Successfully connected to websocket
[Jul 27, 2021 08:31:48] [User/@rodrigo:lenovo/Conn/DEBUG] Websocket keepalive loop starting 0xc00051c050
[Jul 27, 2021 08:31:48] [User/@rodrigo:lenovo/Conn/DEBUG] Websocket read pump starting 0xc00051c050
[Jul 27, 2021 08:34:48] [User/@rodrigo:lenovo/ERROR] Failed to restore session: login context finished: context deadline exceeded
[Jul 27, 2021 08:34:48] [User/@rodrigo:lenovo/DEBUG] Disconnecting due to failed session restore...
[Jul 27, 2021 08:34:48] [User/@rodrigo:lenovo/Conn/DEBUG] Disconnecting websocket
[Jul 27, 2021 08:34:48] [User/@rodrigo:lenovo/Conn/DEBUG] Websocket read pump exiting 0xc00051c050
[Jul 27, 2021 08:34:48] [User/@rodrigo:lenovo/Conn/DEBUG] Websocket keepalive loop exiting 0xc00051c050
[Jul 27, 2021 08:34:48] [User/@rodrigo:lenovo/Conn/DEBUG] Websocket disconnection complete
[Jul 27, 2021 08:40:54] [INFO] Interrupt received, stopping...
[Jul 27, 2021 08:40:54] [Matrix/DEBUG] Listener stopped.
[Jul 27, 2021 08:40:54] [DEBUG] Disconnecting @rodrigo:lenovo
[Jul 27, 2021 08:40:54] [ERROR] Error while disconnecting @rodrigo:lenovo: not connected
[Jul 27, 2021 08:40:54] [INFO] Bridge stopped.
