[Aug 15, 2021 20:07:54] [INFO] Initializing mautrix-whatsapp 0.1.7+dev.unknown (unknown)
[Aug 15, 2021 20:07:54] [DEBUG] Initializing database connection
[Aug 15, 2021 20:07:54] [DEBUG] Initializing state store
[Aug 15, 2021 20:07:54] [DEBUG] Initializing Matrix event processor
[Aug 15, 2021 20:07:54] [DEBUG] Initializing Matrix event handler
[Aug 15, 2021 20:07:54] [DEBUG] Bridge built with end-to-bridge encryption, but disabled in config
[Aug 15, 2021 20:07:54] [INFO] Bridge initialization complete, starting...
[Aug 15, 2021 20:07:54] [DEBUG] Running database upgrades
[Aug 15, 2021 20:07:54] [Database/Upgrade/INFO] Database currently on v21, latest: v21
[Aug 15, 2021 20:07:54] [DEBUG] Checking connection to homeserver
[Aug 15, 2021 20:07:54] [DEBUG] Starting application service HTTP server
[Aug 15, 2021 20:07:54] [DEBUG] Starting event processor
[Aug 15, 2021 20:07:54] [Matrix/INFO] Listening on 0.0.0.0:29318
[Aug 15, 2021 20:07:54] [INFO] Bridge started!
[Aug 15, 2021 20:07:54] [DEBUG] Updating bot profile
[Aug 15, 2021 20:07:54] [DEBUG] Starting users
[Aug 15, 2021 20:07:54] [DEBUG] Starting custom puppets
[Aug 15, 2021 20:07:54] [User/@rodrigo:lenovo/DEBUG] Connecting to WhatsApp
[Aug 15, 2021 20:07:54] [User/@rodrigo:lenovo/Conn/DEBUG] Dialing wss://web.whatsapp.com/ws
[Aug 15, 2021 20:07:54] [User/@rodrigo:lenovo/Conn/DEBUG] Successfully connected to websocket
[Aug 15, 2021 20:07:54] [User/@rodrigo:lenovo/Conn/DEBUG] Websocket keepalive loop starting 0xc0000aa730
[Aug 15, 2021 20:07:54] [User/@rodrigo:lenovo/Conn/DEBUG] Websocket read pump starting 0xc0000aa730
[Aug 15, 2021 20:10:54] [User/@rodrigo:lenovo/ERROR] Failed to restore session: login context finished: context deadline exceeded
[Aug 15, 2021 20:10:55] [User/@rodrigo:lenovo/DEBUG] Disconnecting due to failed session restore...
[Aug 15, 2021 20:10:55] [User/@rodrigo:lenovo/Conn/DEBUG] Disconnecting websocket
[Aug 15, 2021 20:10:55] [User/@rodrigo:lenovo/Conn/DEBUG] Websocket read pump exiting 0xc0000aa730
[Aug 15, 2021 20:10:55] [User/@rodrigo:lenovo/Conn/DEBUG] Websocket keepalive loop exiting 0xc0000aa730
[Aug 15, 2021 20:10:55] [User/@rodrigo:lenovo/Conn/DEBUG] Websocket disconnection complete
[Aug 15, 2021 21:06:25] [INFO] Interrupt received, stopping...
[Aug 15, 2021 21:06:25] [Matrix/DEBUG] Listener stopped.
[Aug 15, 2021 21:06:25] [DEBUG] Disconnecting @rodrigo:lenovo
[Aug 15, 2021 21:06:25] [ERROR] Error while disconnecting @rodrigo:lenovo: not connected
[Aug 15, 2021 21:06:25] [INFO] Bridge stopped.
