[Aug 23, 2021 20:35:17] [INFO] Initializing mautrix-whatsapp 0.1.7+dev.unknown (unknown)
[Aug 23, 2021 20:35:17] [DEBUG] Initializing database connection
[Aug 23, 2021 20:35:17] [DEBUG] Initializing state store
[Aug 23, 2021 20:35:17] [DEBUG] Initializing Matrix event processor
[Aug 23, 2021 20:35:17] [DEBUG] Initializing Matrix event handler
[Aug 23, 2021 20:35:17] [DEBUG] Bridge built with end-to-bridge encryption, but disabled in config
[Aug 23, 2021 20:35:17] [INFO] Bridge initialization complete, starting...
[Aug 23, 2021 20:35:17] [DEBUG] Running database upgrades
[Aug 23, 2021 20:35:17] [Database/Upgrade/INFO] Database currently on v21, latest: v21
[Aug 23, 2021 20:35:17] [DEBUG] Checking connection to homeserver
[Aug 23, 2021 20:35:17] [DEBUG] Starting application service HTTP server
[Aug 23, 2021 20:35:17] [DEBUG] Starting event processor
[Aug 23, 2021 20:35:17] [INFO] Bridge started!
[Aug 23, 2021 20:35:17] [DEBUG] Updating bot profile
[Aug 23, 2021 20:35:17] [DEBUG] Starting users
[Aug 23, 2021 20:35:17] [Matrix/INFO] Listening on 0.0.0.0:29318
[Aug 23, 2021 20:35:17] [DEBUG] Starting custom puppets
[Aug 23, 2021 20:35:17] [User/@rodrigo:lenovo/DEBUG] Connecting to WhatsApp
[Aug 23, 2021 20:35:17] [User/@rodrigo:lenovo/Conn/DEBUG] Dialing wss://web.whatsapp.com/ws
[Aug 23, 2021 20:35:17] [User/@rodrigo:lenovo/Conn/DEBUG] Successfully connected to websocket
[Aug 23, 2021 20:35:17] [User/@rodrigo:lenovo/Conn/DEBUG] Websocket read pump starting 0xc0003cc050
[Aug 23, 2021 20:35:17] [User/@rodrigo:lenovo/Conn/DEBUG] Websocket keepalive loop starting 0xc0003cc050
[Aug 23, 2021 20:35:19] [User/@rodrigo:lenovo/DEBUG] Received new tokens
[Aug 23, 2021 20:35:20] [User/@rodrigo:lenovo/DEBUG] JSON message with tag s1: ["Conn",{"ref":"1@ws9CySU+qK4gw5kXkAdIRjl18Lm3ail2xbLGll58hti7y6oGpaAnfJKLzeBApS7uGlhyMfDHF6l84A==","wid":"5511992798005@c.us","connected":true,"isResponse":"true","serverToken":"1@/SKJykINXAZiLicgTN1jfKI/jaRyVffCxZODXK+gEhuEFiBHylAn9P+WsLhzHHulotUDAGG8ir8fCQ==","browserToken":"1@R8fdr0idbOxAd5FNlKaJ+fiYdy0LAAV7dk2o3zeCrqMJbLFTbuJmwz6xVzjl9vzH6CM+CguVvgmJ6GfWiVSYpUU8N63OnVa8YhJd3YuMpW6nF+O87ST3e+3O8EsOptXR2JH/YkzmDsrJktcduPnd0A==","clientToken":"Va20zNF9LP/m7r6F7hgHCokNVPN9pXYKcpWpCOowAXE=","lc":"BR","lg":"pt","locales":"pt-BR","is24h":true,"protoVersion":[0,17],"binVersion":11,"battery":23,"plugged":false,"platform":"android","features":{"URL":true,"FLAGS":"EAEYASgBOAFAAUgBWAFgAWgBeAGYAQGgAQGwAQK4AQHIAQHYAQHgAQPoAQLwAQP4AQOAAgOIAgGgAgOoAgPAAgHQAgPYAgPgAgPwAgE="},"phone":{"wa_version":"2.21.15.20","mcc":"724","mnc":"005","os_version":"5.1.1","device_manufacturer":"asus","device_model":"err_value","os_build_number":"LMY47V.WW_Phone-13.0209.1705.117-20170627"},"pushname":"Rodrigo Gabriel","tos":0}]
[Aug 23, 2021 20:35:20] [User/@rodrigo:lenovo/DEBUG] JSON message with tag s2: ["Blocklist",{"id":1,"blocklist":["5511998609808@c.us"]}]
[Aug 23, 2021 20:35:20] [User/@rodrigo:lenovo/INFO] Stream event: {Type:update IsOutdated:false Version:2.2132.6 Extra:[]}
[Aug 23, 2021 20:35:20] [User/@rodrigo:lenovo/DEBUG] JSON message with tag s3: ["Stream","update",false,"2.2132.6"]
[Aug 23, 2021 20:35:20] [User/@rodrigo:lenovo/DEBUG] Session restored successfully
[Aug 23, 2021 20:35:20] [User/@rodrigo:lenovo/DEBUG] Locking processing of incoming messages and starting post-login sync
[Aug 23, 2021 20:35:20] [User/@rodrigo:lenovo/DEBUG] Waiting for chat list receive confirmation
[Aug 23, 2021 20:35:20] [User/@rodrigo:lenovo/DEBUG] Unknown type of event in HandleEvent: whatsapp.ProtocolProps
[Aug 23, 2021 20:35:20] [User/@rodrigo:lenovo/DEBUG] Processing of incoming messages is locked
[Aug 23, 2021 20:35:20] [User/@rodrigo:lenovo/DEBUG] JSON message with tag s4: ["Props",{"stickers":1,"productCatalogOpenDeeplink":1,"productCatalogDeeplink":1,"catalogPdpNewDesign":1,"catalogMessage":1,"suspiciousLinks":1,"webBizProfileV3M2":false,"webBizProfileV3":false,"webProductListMessageFallback":true,"webProductListMessage":true,"webYouTubePlayerEnhancements":false,"webMediaCustomCroppingEnabled":true,"webCatalogProductsOnOff":true,"pttPlaybackSpeedHideDelay":1500,"pttPlaybackSpeedEnabled":true,"pttDraftEnabled":false,"webBizProfileEdit":true,"bizProfileEdit":false,"mmsCatV1ForwardHotOverrideEnabled":true,"webSendDocumentThumbInMessageDisabled":false,"webDownloadLinkThumbMmsEnabled":false,"webUploadLinkThumbMmsEnabled":false,"webDownloadDocumentThumbMmsEnabled":false,"webUploadDocumentThumbMmsEnabled":false,"mmsHotContentTimespan":86400,"mmsVCacheAggregationEnabled":true,"webSMBUpsellInBizProfile":true,"greenAlertBannerDuration":86400000,"webCatalogApiREH":true,"webButtonsMessage":true,"webCatalogManagement":true,"webCartV11OrderMessageChanges":true,"webCart":true,"webCatalogCart":false,"webGroupV2Enabled":1,"stickerSearchEnabled":false,"webVoipWindowsOsMinVersion":"10.0.18362","webVoipMacOsMinVersion":"17.0.0","webVoip":false,"webListMessage":true,"ctwaContextCompose":true,"aliteContactUsEnabled":true,"camelotWeb":true,"preloadStickers":true,"webBizProfileOptions":116,"wsCanCacheRequests":true,"bucket":"","gifSearch":"tenor","maxFileSize":100,"media":64,"maxSubject":25,"maxParticipants":257,"imageMaxKBytes":1024,"imageMaxEdge":1280,"statusVideoMaxDuration":30,"frequentlyForwardedMessages":1,"webShopsChatHeaderButtonEnabled":1,"ephemeralMessages":1,"newCommerceEntryPointEnabled":1,"shopsProfileDrawerEntrypoint":1,"viewOnceWrite":0,"ephemeralMessagesSetting":1,"upgradeToMDModal":1,"shopsHeaderDropdownMenuItem":1,"mmsVcardAutodownloadSizeKb":64,"multicastLimitGlobal":5,"wallpapersV2":1,"vcardAsDocumentSizeKb":64,"quickMessageSearch":1,"ctwaContextRender":1,"frequentlyForwardedMax":1,"vcardMaxSizeKb":5000,"hfmStringChanges":1,"muteAlways":1,"shopsHideCatalogAttachmentEntrypoint":1,"viewOnceRead":0,"frequentlyForwardedThreshold":5,"groupDescLength":512}]
[Aug 23, 2021 20:35:20] [User/@rodrigo:lenovo/DEBUG] Unknown binary message: &{Description:contacts Attributes:map[type:frequent] Content:[{Description:message Attributes:map[jid:5511979696751@c.us] Content:<nil>} {Description:image Attributes:map[jid:5511979696751@c.us] Content:<nil>} {Description:video Attributes:map[jid:5511979696751@c.us] Content:<nil>}]}
[Aug 23, 2021 20:35:20] [User/@rodrigo:lenovo/INFO] Syncing puppet info from contacts
[Aug 23, 2021 20:35:20] [User/@rodrigo:lenovo/INFO] Chat list received
[Aug 23, 2021 20:35:20] [User/@rodrigo:lenovo/DEBUG] Chat list receive confirmation received in PostLogin
[Aug 23, 2021 20:35:20] [User/@rodrigo:lenovo/DEBUG] Making post-connection ping
[Aug 23, 2021 20:35:20] [User/@rodrigo:lenovo/Conn/DEBUG] Sending admin test request with tag 1629761720.--3
[Aug 23, 2021 20:35:20] [User/@rodrigo:lenovo/INFO] Reading chat list
[Aug 23, 2021 20:35:20] [User/@rodrigo:lenovo/INFO] Read chat list, updating user-portal mapping
[Aug 23, 2021 20:35:20] [User/@rodrigo:lenovo/DEBUG] Post-connection ping OK
[Aug 23, 2021 20:35:20] [User/@rodrigo:lenovo/DEBUG] Waiting for portal sync complete confirmation
[Aug 23, 2021 20:35:21] [User/@rodrigo:lenovo/INFO] Syncing portals
[Aug 23, 2021 20:35:21] [User/@rodrigo:lenovo/DEBUG] Syncing chat map[count:0 jid:5511979696751@c.us message:true modify_tag:590581 mute:0 name:Leornardo Carolino spam:false t:1629761274]
[Aug 23, 2021 20:35:21] [Portal/5511979696751@s.whatsapp.net-5511992798005@s.whatsapp.net/INFO] Syncing portal for @rodrigo:lenovo
[Aug 23, 2021 20:35:21] [Portal/5511979696751@s.whatsapp.net-5511992798005@s.whatsapp.net/INFO] Creating Matrix room. Info source: @rodrigo:lenovo
[Aug 23, 2021 20:35:21] [Matrix/@whatsapp_5511979696751:lenovo/DEBUG] req #4: POST http://localhost:8008/_matrix/client/r0/createRoom?user_id=%40whatsapp_5511979696751%3Alenovo {"visibility":"private","topic":"WhatsApp private chat","invite":["@rodrigo:lenovo"],"initial_state":[{"sender":"","type":"m.room.power_levels","origin_server_ts":0,"event_id":"","room_id":"","content":{"users":{"@whatsapp_5511979696751:lenovo":100},"users_default":0,"events":{"m.room.avatar":0,"m.room.name":0,"m.room.topic":0},"events_default":0,"state_default":99,"invite":50,"ban":99,"redact":0},"unsigned":{"m.relations":{"m.annotation":{"chunk":[],"limited":false,"count":0},"m.reference":{"chunk":[],"limited":false,"count":0},"m.replace":{"chunk":[],"limited":false,"count":0}},"invite_room_state":null}},{"state_key":"net.maunium.whatsapp://whatsapp/5511979696751@s.whatsapp.net","sender":"","type":"m.bridge","origin_server_ts":0,"event_id":"","room_id":"","content":{"bridgebot":"@whatsappbot:lenovo","creator":"@whatsapp_5511979696751:lenovo","protocol":{"id":"whatsapp","displayname":"WhatsApp","avatar_url":"mxc://maunium.net/NeXNQarUbrlYBiPCpprYsRqr","external_url":"https://www.whatsapp.com/"},"channel":{"id":"5511979696751@s.whatsapp.net"}},"unsigned":{"m.relations":{"m.annotation":{"chunk":[],"limited":false,"count":0},"m.reference":{"chunk":[],"limited":false,"count":0},"m.replace":{"chunk":[],"limited":false,"count":0}},"invite_room_state":null}},{"state_key":"net.maunium.whatsapp://whatsapp/5511979696751@s.whatsapp.net","sender":"","type":"uk.half-shot.bridge","origin_server_ts":0,"event_id":"","room_id":"","content":{"bridgebot":"@whatsappbot:lenovo","creator":"@whatsapp_5511979696751:lenovo","protocol":{"id":"whatsapp","displayname":"WhatsApp","avatar_url":"mxc://maunium.net/NeXNQarUbrlYBiPCpprYsRqr","external_url":"https://www.whatsapp.com/"},"channel":{"id":"5511979696751@s.whatsapp.net"}},"unsigned":{"m.relations":{"m.annotation":{"chunk":[],"limited":false,"count":0},"m.reference":{"chunk":[],"limited":false,"count":0},"m.replace":{"chunk":[],"limited":false,"count":0}},"invite_room_state":null}}],"preset":"private_chat","is_direct":true}
[Aug 23, 2021 20:35:23] [Matrix/@whatsapp_553288681037:lenovo/DEBUG] req #5: POST http://localhost:8008/_matrix/media/r0/upload?user_id=%40whatsapp_553288681037%3Alenovo 43600 bytes
[Aug 23, 2021 20:35:30] [Matrix/@whatsapp_553288681037:lenovo/DEBUG] req #6: PUT http://localhost:8008/_matrix/client/r0/profile/@whatsapp_553288681037:lenovo/avatar_url?user_id=%40whatsapp_553288681037%3Alenovo {"avatar_url":"mxc://lenovo/SJqyTCmKSlPzRQJxAxqxFiUk"}
[Aug 23, 2021 20:35:51] [Portal/status@broadcast-5511992798005@s.whatsapp.net/INFO] Syncing portal for @rodrigo:lenovo
[Aug 23, 2021 20:35:53] [Matrix/@whatsapp_5519981552303:lenovo/DEBUG] req #7: POST http://localhost:8008/_matrix/media/r0/upload?user_id=%40whatsapp_5519981552303%3Alenovo 30532 bytes
[Aug 23, 2021 20:36:00] [Matrix/@whatsapp_5519981552303:lenovo/DEBUG] req #8: PUT http://localhost:8008/_matrix/client/r0/profile/@whatsapp_5519981552303:lenovo/avatar_url?user_id=%40whatsapp_5519981552303%3Alenovo {"avatar_url":"mxc://lenovo/SogEVfcKYADKkEwpWGBxIgGF"}
[Aug 23, 2021 20:36:03] [Matrix/@whatsapp_553192295607:lenovo/DEBUG] req #9: POST http://localhost:8008/_matrix/client/r0/register?user_id=%40whatsapp_553192295607%3Alenovo {"username":"whatsapp_553192295607","type":"m.login.application_service"}
[Aug 23, 2021 20:36:04] [Matrix/DEBUG] Not parsing content of $jHrphy2wbzaNZg_u0XYRcrGEYYOpawK--3ZHtZWgA3I: unsupported event type m.bridge (state)
[Aug 23, 2021 20:36:08] [Matrix/DEBUG] Not parsing content of $VoHnCI5gni2Ec_aA9GlRdO_NTeYS2v9CYGCq8YDbmRs: unsupported event type uk.half-shot.bridge (state)
[Aug 23, 2021 20:36:12] [Database/User/DEBUG] Creating new portal 5511979696751@s.whatsapp.net for 5511992798005@s.whatsapp.net
[Aug 23, 2021 20:36:12] [Database/User/WARN] Failed to insert @rodrigo:lenovo: UNIQUE constraint failed: user_portal.user_jid, user_portal.portal_jid, user_portal.portal_receiver
[Aug 23, 2021 20:36:12] [Matrix/@whatsapp_5511979696751:lenovo/DEBUG] req #10: POST http://localhost:8008/_matrix/client/r0/rooms/%21CyKMtDiGmiMINtKDhi:lenovo/invite?user_id=%40whatsapp_5511979696751%3Alenovo {"user_id":"@whatsapp_5511992798005:lenovo"}
[Aug 23, 2021 20:36:14] [Matrix/@whatsapp_5511992798005:lenovo/DEBUG] req #11: POST http://localhost:8008/_matrix/client/r0/rooms/%21CyKMtDiGmiMINtKDhi:lenovo/join?user_id=%40whatsapp_5511992798005%3Alenovo
[Aug 23, 2021 20:36:19] [Portal/5511979696751@s.whatsapp.net-5511992798005@s.whatsapp.net/INFO] Filling initial history, maximum 20 messages
[Aug 23, 2021 20:36:19] [Portal/5511979696751@s.whatsapp.net-5511992798005@s.whatsapp.net/DEBUG] Fetching chunk 1 (20 messages / 20 cap) before message
[Aug 23, 2021 20:36:20] [Portal/5511979696751@s.whatsapp.net-5511992798005@s.whatsapp.net/DEBUG] Fetched chunk and received 21 messages
[Aug 23, 2021 20:36:20] [Portal/5511979696751@s.whatsapp.net-5511992798005@s.whatsapp.net/INFO] Handling 21 messages of history
[Aug 23, 2021 20:36:20] [Portal/5511979696751@s.whatsapp.net-5511992798005@s.whatsapp.net/DEBUG] Fetching last message from database to get its timestamp
[Aug 23, 2021 20:36:20] [Portal/5511979696751@s.whatsapp.net-5511992798005@s.whatsapp.net/DEBUG] Starting handling of 3EB05A03319CA8072E05 (text, ts: 1592245074)
[Aug 23, 2021 20:36:20] [Matrix/@whatsapp_5511992798005:lenovo/DEBUG] req #12: PUT http://localhost:8008/_matrix/client/r0/rooms/%21CyKMtDiGmiMINtKDhi:lenovo/send/m.room.message/mautrix-go_1629761780151811027_1?ts=1592245074000&user_id=%40whatsapp_5511992798005%3Alenovo {"msgtype":"m.text","body":"perai"}
[Aug 23, 2021 20:36:25] [Portal/5511979696751@s.whatsapp.net-5511992798005@s.whatsapp.net/DEBUG] Handled message 3EB05A03319CA8072E05 -> $fu6b65ybrUBDlPE05LbDtkiecbuUV3UnUBCd-EZcnR8
[Aug 23, 2021 20:36:25] [Portal/5511979696751@s.whatsapp.net-5511992798005@s.whatsapp.net/DEBUG] Starting handling of 3EB09F4B2F53BF8EDD69 (text, ts: 1592245120)
[Aug 23, 2021 20:36:25] [Matrix/@whatsapp_5511979696751:lenovo/DEBUG] req #13: PUT http://localhost:8008/_matrix/client/r0/rooms/%21CyKMtDiGmiMINtKDhi:lenovo/send/m.room.message/mautrix-go_1629761785202186293_1?ts=1592245120000&user_id=%40whatsapp_5511979696751%3Alenovo {"msgtype":"m.text","body":"so n entendi como vc ta pegando o $email e $senha pra funcao"}
[Aug 23, 2021 20:36:26] [User/@rodrigo:lenovo/INFO] Finished syncing puppet info from contacts
[Aug 23, 2021 20:36:31] [Portal/5511979696751@s.whatsapp.net-5511992798005@s.whatsapp.net/DEBUG] Handled message 3EB09F4B2F53BF8EDD69 -> $ZxauT6C1Uc-YwJ8kcDI7COdqNsXLqMrCYeeiZIKpG6Y
[Aug 23, 2021 20:36:31] [Portal/5511979696751@s.whatsapp.net-5511992798005@s.whatsapp.net/DEBUG] Starting handling of 3EB0A754CCED63300B6B (text, ts: 1592245215)
[Aug 23, 2021 20:36:31] [Matrix/@whatsapp_5511992798005:lenovo/DEBUG] req #14: PUT http://localhost:8008/_matrix/client/r0/rooms/%21CyKMtDiGmiMINtKDhi:lenovo/send/m.room.message/mautrix-go_1629761791757615497_2?ts=1592245215000&user_id=%40whatsapp_5511992798005%3Alenovo {"msgtype":"m.text","body":"na linha 8 eu podia passar somente $email, mas como n치 p치gina cadastro a v치riavel $_POST['email'] estava acessivel ent칚o quando eu invoco a fun칞칚o register dentro da p치gina de cadastro a fun칞칚o consegue acessar a variavel $_POST['email']","format":"org.matrix.custom.html","formatted_body":"na linha 8 eu podia passar somente $email, mas como n치 p치gina cadastro a v치riavel $_POST[\u0026#39;email\u0026#39;] estava acessivel ent칚o quando eu invoco a fun칞칚o register dentro da p치gina de cadastro a fun칞칚o consegue acessar a variavel $_POST[\u0026#39;email\u0026#39;]"}
[Aug 23, 2021 20:36:37] [Portal/5511979696751@s.whatsapp.net-5511992798005@s.whatsapp.net/DEBUG] Handled message 3EB0A754CCED63300B6B -> $PxgVdSYA1WvB5yY4j2N98Q2T9ckvv1t3cv1I4tgNwwo
[Aug 23, 2021 20:36:37] [Portal/5511979696751@s.whatsapp.net-5511992798005@s.whatsapp.net/DEBUG] Starting handling of 3EB0EEC9452A0C4C9288 (text, ts: 1592245224)
[Aug 23, 2021 20:36:37] [Matrix/@whatsapp_5511992798005:lenovo/DEBUG] req #15: PUT http://localhost:8008/_matrix/client/r0/rooms/%21CyKMtDiGmiMINtKDhi:lenovo/send/m.room.message/mautrix-go_1629761797646245935_3?ts=1592245224000&user_id=%40whatsapp_5511992798005%3Alenovo {"msgtype":"m.text","body":"melhor explica칞칚o da minha vida"}
[Aug 23, 2021 20:36:41] [Portal/5511979696751@s.whatsapp.net-5511992798005@s.whatsapp.net/DEBUG] Handled message 3EB0EEC9452A0C4C9288 -> $rWyJ5p_q6aoHsabjWWFXQPeaorA2tOrDceOJBV-xynw
[Aug 23, 2021 20:36:41] [Portal/5511979696751@s.whatsapp.net-5511992798005@s.whatsapp.net/DEBUG] Starting handling of 3EB05ACEC425A2915C90 (text, ts: 1592245225)
[Aug 23, 2021 20:36:41] [Matrix/@whatsapp_5511992798005:lenovo/DEBUG] req #16: PUT http://localhost:8008/_matrix/client/r0/rooms/%21CyKMtDiGmiMINtKDhi:lenovo/send/m.room.message/mautrix-go_1629761801368967808_4?ts=1592245225000&user_id=%40whatsapp_5511992798005%3Alenovo {"msgtype":"m.text","body":"kkkkk"}
[Aug 23, 2021 20:36:45] [Portal/5511979696751@s.whatsapp.net-5511992798005@s.whatsapp.net/DEBUG] Handled message 3EB05ACEC425A2915C90 -> $jfGC-coFJ_yIREwMC2uToLvdg6EP7dfbT42tdBEBWiU
[Aug 23, 2021 20:36:45] [Portal/5511979696751@s.whatsapp.net-5511992798005@s.whatsapp.net/DEBUG] Starting handling of 3EB0E53F10FD20FC6C0F (text, ts: 1592245252)
[Aug 23, 2021 20:36:45] [Matrix/@whatsapp_5511979696751:lenovo/DEBUG] req #17: PUT http://localhost:8008/_matrix/client/r0/rooms/%21CyKMtDiGmiMINtKDhi:lenovo/send/m.room.message/mautrix-go_1629761805040425571_2?ts=1592245252000&user_id=%40whatsapp_5511979696751%3Alenovo {"msgtype":"m.text","body":"ata"}
[Aug 23, 2021 20:36:47] [Portal/5511979696751@s.whatsapp.net-5511992798005@s.whatsapp.net/DEBUG] Handled message 3EB0E53F10FD20FC6C0F -> $zptWYSKtxAefonST4oa7o8xtTru9CSLV-OibrTsL_zE
[Aug 23, 2021 20:36:47] [Portal/5511979696751@s.whatsapp.net-5511992798005@s.whatsapp.net/DEBUG] Starting handling of 3EB01A32BF17F12B30A9 (text, ts: 1592245254)
[Aug 23, 2021 20:36:47] [Matrix/@whatsapp_5511979696751:lenovo/DEBUG] req #18: PUT http://localhost:8008/_matrix/client/r0/rooms/%21CyKMtDiGmiMINtKDhi:lenovo/send/m.room.message/mautrix-go_1629761807660824074_3?ts=1592245254000&user_id=%40whatsapp_5511979696751%3Alenovo {"msgtype":"m.text","body":"vc ta pegando em outra pagina"}
[Aug 23, 2021 20:36:51] [Portal/5511979696751@s.whatsapp.net-5511992798005@s.whatsapp.net/DEBUG] Handled message 3EB01A32BF17F12B30A9 -> $_9mZ9u03X8y9j7xR-SSEUSKgBWq6tuDTPb_Cng1g-2E
[Aug 23, 2021 20:36:51] [Portal/5511979696751@s.whatsapp.net-5511992798005@s.whatsapp.net/DEBUG] Starting handling of 3EB0FF983586C51157FF (text, ts: 1592245263)
[Aug 23, 2021 20:36:51] [Matrix/@whatsapp_5511979696751:lenovo/DEBUG] req #19: PUT http://localhost:8008/_matrix/client/r0/rooms/%21CyKMtDiGmiMINtKDhi:lenovo/send/m.room.message/mautrix-go_1629761811731231736_4?ts=1592245263000&user_id=%40whatsapp_5511979696751%3Alenovo {"msgtype":"m.text","body":"pensei q vc tava fazendo tudo nessa"}
[Aug 23, 2021 20:36:56] [Portal/5511979696751@s.whatsapp.net-5511992798005@s.whatsapp.net/DEBUG] Handled message 3EB0FF983586C51157FF -> $N7ejt6pgwo8O5-mH4lmtQz5O4AkuJ9uEJh7jedI8KTo
[Aug 23, 2021 20:36:56] [Portal/5511979696751@s.whatsapp.net-5511992798005@s.whatsapp.net/DEBUG] Starting handling of 3EB03561EEBFBFB44A2A (text, ts: 1592245265)
[Aug 23, 2021 20:36:56] [Matrix/@whatsapp_5511979696751:lenovo/DEBUG] req #20: GET http://localhost:8008/_matrix/client/r0/rooms/%21CyKMtDiGmiMINtKDhi:lenovo/event/$PxgVdSYA1WvB5yY4j2N98Q2T9ckvv1t3cv1I4tgNwwo?user_id=%40whatsapp_5511979696751%3Alenovo
[Aug 23, 2021 20:36:57] [Matrix/@whatsapp_5511992798005:lenovo/DEBUG] req #21: PUT http://localhost:8008/_matrix/client/r0/rooms/%21CyKMtDiGmiMINtKDhi:lenovo/send/m.room.message/mautrix-go_1629761817392799621_5?ts=1592245265000&user_id=%40whatsapp_5511992798005%3Alenovo {"msgtype":"m.text","body":"\u003e \u003c@whatsapp_5511992798005:lenovo\u003e na linha 8 eu podia passar somente $email, mas como n치 p치gina cadastro a v치riavel $_POST['email'] estava acessivel ent칚o quando eu invoco a fun칞칚o register dentro da p치gina de cadastro a fun칞칚o consegue acessar a variavel $_POST['email']\n\nresumindo eu deu uma complicada porque eu tinha mudado o modo como eu implementei a fun칞칚o","format":"org.matrix.custom.html","formatted_body":"\u003cmx-reply\u003e\u003cblockquote\u003e\u003ca href=\"https://matrix.to/#/!CyKMtDiGmiMINtKDhi:lenovo/$PxgVdSYA1WvB5yY4j2N98Q2T9ckvv1t3cv1I4tgNwwo\"\u003eIn reply to\u003c/a\u003e \u003ca href=\"https://matrix.to/#/@whatsapp_5511992798005:lenovo\"\u003e@whatsapp_5511992798005:lenovo\u003c/a\u003e\u003cbr\u003ena linha 8 eu podia passar somente $email, mas como n치 p치gina cadastro a v치riavel $_POST[\u0026#39;email\u0026#39;] estava acessivel ent칚o quando eu invoco a fun칞칚o register dentro da p치gina de cadastro a fun칞칚o consegue acessar a variavel $_POST[\u0026#39;email\u0026#39;]\u003c/blockquote\u003e\u003c/mx-reply\u003eresumindo eu deu uma complicada porque eu tinha mudado o modo como eu implementei a fun칞칚o","m.relates_to":{"m.in_reply_to":{"event_id":"$PxgVdSYA1WvB5yY4j2N98Q2T9ckvv1t3cv1I4tgNwwo"},"rel_type":"net.maunium.reply","event_id":"$PxgVdSYA1WvB5yY4j2N98Q2T9ckvv1t3cv1I4tgNwwo"}}
[Aug 23, 2021 20:36:58] [Portal/5511979696751@s.whatsapp.net-5511992798005@s.whatsapp.net/DEBUG] Handled message 3EB03561EEBFBFB44A2A -> $x_77xmh6BZuZ2oMZvjV1LzXsz3XdP6biGGaYTnflqi4
[Aug 23, 2021 20:36:58] [Portal/5511979696751@s.whatsapp.net-5511992798005@s.whatsapp.net/DEBUG] Starting handling of 3EB0D27C2837E5EFCC03 (text, ts: 1592245288)
[Aug 23, 2021 20:36:59] [Matrix/@whatsapp_5511992798005:lenovo/DEBUG] req #22: PUT http://localhost:8008/_matrix/client/r0/rooms/%21CyKMtDiGmiMINtKDhi:lenovo/send/m.room.message/mautrix-go_1629761819000070163_6?ts=1592245288000&user_id=%40whatsapp_5511992798005%3Alenovo {"msgtype":"m.text","body":"mano vou l치 almo칞ar"}
[Aug 23, 2021 20:37:01] [Portal/5511979696751@s.whatsapp.net-5511992798005@s.whatsapp.net/DEBUG] Handled message 3EB0D27C2837E5EFCC03 -> $zC_sgWWwx4y-37SsKqsfoenn7O6N_HUpenW7GdaKYwU
[Aug 23, 2021 20:37:01] [Portal/5511979696751@s.whatsapp.net-5511992798005@s.whatsapp.net/DEBUG] Starting handling of 3EB0EF8CD74F41001A88 (text, ts: 1592245289)
[Aug 23, 2021 20:37:01] [Matrix/@whatsapp_5511979696751:lenovo/DEBUG] req #23: PUT http://localhost:8008/_matrix/client/r0/rooms/%21CyKMtDiGmiMINtKDhi:lenovo/send/m.room.message/mautrix-go_1629761821444815775_5?ts=1592245289000&user_id=%40whatsapp_5511979696751%3Alenovo {"msgtype":"m.text","body":"vi aqui"}
[Aug 23, 2021 20:37:03] [Portal/5511979696751@s.whatsapp.net-5511992798005@s.whatsapp.net/DEBUG] Handled message 3EB0EF8CD74F41001A88 -> $DI5gA6H29r36wz55mZxtRT6cT_fiOKwK2sQiTK5Gsuw
[Aug 23, 2021 20:37:03] [Portal/5511979696751@s.whatsapp.net-5511992798005@s.whatsapp.net/DEBUG] Starting handling of 3EB0D6D1A189ECA7505B (text, ts: 1592245294)
[Aug 23, 2021 20:37:03] [Matrix/@whatsapp_5511979696751:lenovo/DEBUG] req #24: PUT http://localhost:8008/_matrix/client/r0/rooms/%21CyKMtDiGmiMINtKDhi:lenovo/send/m.room.message/mautrix-go_1629761823658508825_6?ts=1592245294000&user_id=%40whatsapp_5511979696751%3Alenovo {"msgtype":"m.text","body":"blz"}
[Aug 23, 2021 20:37:05] [Portal/5511979696751@s.whatsapp.net-5511992798005@s.whatsapp.net/DEBUG] Handled message 3EB0D6D1A189ECA7505B -> $ragsejBuORlcP_pCNwaaWOcG1JosGYIUzIQQ1-r8kfg
[Aug 23, 2021 20:37:05] [Portal/5511979696751@s.whatsapp.net-5511992798005@s.whatsapp.net/DEBUG] Starting handling of 3EB0C67868A4EB81396B (text, ts: 1592247684)
[Aug 23, 2021 20:37:05] [Matrix/@whatsapp_5511979696751:lenovo/DEBUG] req #25: PUT http://localhost:8008/_matrix/client/r0/rooms/%21CyKMtDiGmiMINtKDhi:lenovo/send/m.room.message/mautrix-go_1629761825508746801_7?ts=1592247684000&user_id=%40whatsapp_5511979696751%3Alenovo {"msgtype":"m.text","body":"칠 mano... consegui n"}
[Aug 23, 2021 20:37:07] [Portal/5511979696751@s.whatsapp.net-5511992798005@s.whatsapp.net/DEBUG] Handled message 3EB0C67868A4EB81396B -> $ZPgPtHMSC_M_r5u8wd-Kp4dpS5eD1Vp2R15zYMiEf6I
[Aug 23, 2021 20:37:07] [Portal/5511979696751@s.whatsapp.net-5511992798005@s.whatsapp.net/DEBUG] Starting handling of CE75C221489925B4E2B4D828A3280AD0 (text, ts: 1592247933)
[Aug 23, 2021 20:37:07] [Matrix/@whatsapp_5511992798005:lenovo/DEBUG] req #26: PUT http://localhost:8008/_matrix/client/r0/rooms/%21CyKMtDiGmiMINtKDhi:lenovo/send/m.room.message/mautrix-go_1629761827241997941_7?ts=1592247933000&user_id=%40whatsapp_5511992798005%3Alenovo {"msgtype":"m.text","body":"Tu tentando arrumar o login ou o cadastro?"}
[Aug 23, 2021 20:37:09] [Portal/5511979696751@s.whatsapp.net-5511992798005@s.whatsapp.net/DEBUG] Handled message CE75C221489925B4E2B4D828A3280AD0 -> $SLbzNCukpucB16OTloTiR0zt6ePIh94M_pkARd_UQy8
[Aug 23, 2021 20:37:09] [Portal/5511979696751@s.whatsapp.net-5511992798005@s.whatsapp.net/DEBUG] Starting handling of 3EB08679197566916310 (text, ts: 1592247944)
[Aug 23, 2021 20:37:09] [Matrix/@whatsapp_5511979696751:lenovo/DEBUG] req #27: PUT http://localhost:8008/_matrix/client/r0/rooms/%21CyKMtDiGmiMINtKDhi:lenovo/send/m.room.message/mautrix-go_1629761829254872027_8?ts=1592247944000&user_id=%40whatsapp_5511979696751%3Alenovo {"msgtype":"m.text","body":"login"}
[Aug 23, 2021 20:37:10] [Portal/5511979696751@s.whatsapp.net-5511992798005@s.whatsapp.net/DEBUG] Handled message 3EB08679197566916310 -> $GJJTNvxOkJmtBfYPT56OCUleIgUPOidtoOcDl2lvrbQ
[Aug 23, 2021 20:37:10] [Portal/5511979696751@s.whatsapp.net-5511992798005@s.whatsapp.net/DEBUG] Starting handling of 93D3A46E6E18DB20C3E07478F718BB9C (text, ts: 1592248111)
[Aug 23, 2021 20:37:10] [Matrix/@whatsapp_5511992798005:lenovo/DEBUG] req #28: PUT http://localhost:8008/_matrix/client/r0/rooms/%21CyKMtDiGmiMINtKDhi:lenovo/send/m.room.message/mautrix-go_1629761830708635050_8?ts=1592248111000&user_id=%40whatsapp_5511992798005%3Alenovo {"msgtype":"m.text","body":"Vou dar uma descansada do almo칞o ai eubolho"}
[Aug 23, 2021 20:37:14] [Portal/5511979696751@s.whatsapp.net-5511992798005@s.whatsapp.net/DEBUG] Handled message 93D3A46E6E18DB20C3E07478F718BB9C -> $DPeomLqDAQHWi64Cic4UjUmPaH8FwI5Wy8das3jpr-g
[Aug 23, 2021 20:37:14] [Portal/5511979696751@s.whatsapp.net-5511992798005@s.whatsapp.net/DEBUG] Starting handling of 233CFA4D4D63DDC51663219E0A72D1AE (text, ts: 1592248121)
[Aug 23, 2021 20:37:14] [Matrix/@whatsapp_5511992798005:lenovo/DEBUG] req #29: PUT http://localhost:8008/_matrix/client/r0/rooms/%21CyKMtDiGmiMINtKDhi:lenovo/send/m.room.message/mautrix-go_1629761834728642223_9?ts=1592248121000&user_id=%40whatsapp_5511992798005%3Alenovo {"msgtype":"m.text","body":"Tenta fazer outra coisa"}
[Aug 23, 2021 20:37:21] [Portal/5511979696751@s.whatsapp.net-5511992798005@s.whatsapp.net/DEBUG] Handled message 233CFA4D4D63DDC51663219E0A72D1AE -> $R3ZhS_BIUl4CA7f6euGQIYHrklZt61W74OxQSi_wwCA
[Aug 23, 2021 20:37:21] [Portal/5511979696751@s.whatsapp.net-5511992798005@s.whatsapp.net/DEBUG] Starting handling of C61956B7A4142C94132B0E81BDCF7AC0 (text, ts: 1592248143)
[Aug 23, 2021 20:37:21] [Matrix/@whatsapp_5511979696751:lenovo/DEBUG] req #30: GET http://localhost:8008/_matrix/client/r0/rooms/%21CyKMtDiGmiMINtKDhi:lenovo/event/$DPeomLqDAQHWi64Cic4UjUmPaH8FwI5Wy8das3jpr-g?user_id=%40whatsapp_5511979696751%3Alenovo
[Aug 23, 2021 20:37:24] [Matrix/@whatsapp_5511992798005:lenovo/DEBUG] req #31: PUT http://localhost:8008/_matrix/client/r0/rooms/%21CyKMtDiGmiMINtKDhi:lenovo/send/m.room.message/mautrix-go_1629761844963086214_10?ts=1592248143000&user_id=%40whatsapp_5511992798005%3Alenovo {"msgtype":"m.text","body":"\u003e \u003c@whatsapp_5511992798005:lenovo\u003e Vou dar uma descansada do almo칞o ai eubolho\n\n*Eu olho","format":"org.matrix.custom.html","formatted_body":"\u003cmx-reply\u003e\u003cblockquote\u003e\u003ca href=\"https://matrix.to/#/!CyKMtDiGmiMINtKDhi:lenovo/$DPeomLqDAQHWi64Cic4UjUmPaH8FwI5Wy8das3jpr-g\"\u003eIn reply to\u003c/a\u003e \u003ca href=\"https://matrix.to/#/@whatsapp_5511992798005:lenovo\"\u003e@whatsapp_5511992798005:lenovo\u003c/a\u003e\u003cbr\u003eVou dar uma descansada do almo칞o ai eubolho\u003c/blockquote\u003e\u003c/mx-reply\u003e*Eu olho","m.relates_to":{"m.in_reply_to":{"event_id":"$DPeomLqDAQHWi64Cic4UjUmPaH8FwI5Wy8das3jpr-g"},"rel_type":"net.maunium.reply","event_id":"$DPeomLqDAQHWi64Cic4UjUmPaH8FwI5Wy8das3jpr-g"}}
[Aug 23, 2021 20:37:26] [Portal/5511979696751@s.whatsapp.net-5511992798005@s.whatsapp.net/DEBUG] Handled message C61956B7A4142C94132B0E81BDCF7AC0 -> $lDjLGHatduTvbcRbp5IUe7zD9_FHwOCKg4oynRp-uEg
[Aug 23, 2021 20:37:26] [Portal/5511979696751@s.whatsapp.net-5511992798005@s.whatsapp.net/DEBUG] Starting handling of 3EB0636C5B6E4ACBDB29 (media image/jpeg, ts: 1592261389)
[Aug 23, 2021 20:37:27] [Portal/5511979696751@s.whatsapp.net-5511992798005@s.whatsapp.net/WARN] Failed to download media for 3EB0636C5B6E4ACBDB29: download failed with status code 404. Calling LoadMediaInfo and retrying download...
[Aug 23, 2021 20:37:27] [Portal/5511979696751@s.whatsapp.net-5511992798005@s.whatsapp.net/ERROR] Failed to bridge media for 3EB0636C5B6E4ACBDB29: download failed with status code 404
[Aug 23, 2021 20:37:27] [Matrix/@whatsapp_5511992798005:lenovo/DEBUG] req #32: PUT http://localhost:8008/_matrix/client/r0/rooms/%21CyKMtDiGmiMINtKDhi:lenovo/send/m.room.message/mautrix-go_1629761847568601017_11?ts=1592261389000&user_id=%40whatsapp_5511992798005%3Alenovo {"msgtype":"m.notice","body":"Failed to bridge media"}
[Aug 23, 2021 20:37:31] [Portal/5511979696751@s.whatsapp.net-5511992798005@s.whatsapp.net/DEBUG] Handled message 3EB0636C5B6E4ACBDB29 -> $RRD36OD05AIajK6BgnYE9UfjqAjRuxpZKQmugOknVqk
[Aug 23, 2021 20:37:31] [Portal/5511979696751@s.whatsapp.net-5511992798005@s.whatsapp.net/DEBUG] Starting handling of 3E761066D6504E872162C03343AAEF47 (text, ts: 1593032139)
[Aug 23, 2021 20:37:31] [Matrix/@whatsapp_5511979696751:lenovo/DEBUG] req #33: PUT http://localhost:8008/_matrix/client/r0/rooms/%21CyKMtDiGmiMINtKDhi:lenovo/send/m.room.message/mautrix-go_1629761851186214778_9?ts=1593032139000&user_id=%40whatsapp_5511979696751%3Alenovo {"msgtype":"m.text","body":"Ae mano tentei fazer um pendrive bootavel com o ubuntu n deu certo n.\nDa um erro de kernel"}
[Aug 23, 2021 20:37:36] [Portal/5511979696751@s.whatsapp.net-5511992798005@s.whatsapp.net/DEBUG] Handled message 3E761066D6504E872162C03343AAEF47 -> $QDyoWJj1iBTC1DzFVSqk6vc6_560ONN1aab-YRuzGZc
[Aug 23, 2021 20:37:36] [Portal/5511979696751@s.whatsapp.net-5511992798005@s.whatsapp.net/DEBUG] Starting handling of 2C3727996A5926E43E3793476BD570BC (media image/jpeg, ts: 1629761274)
[Aug 23, 2021 20:37:37] [Matrix/@whatsapp_5511992798005:lenovo/DEBUG] req #34: POST http://localhost:8008/_matrix/media/r0/upload?user_id=%40whatsapp_5511992798005%3Alenovo 39623 bytes
[Aug 23, 2021 20:37:39] [Matrix/@whatsapp_5511992798005:lenovo/DEBUG] req #35: PUT http://localhost:8008/_matrix/client/r0/rooms/%21CyKMtDiGmiMINtKDhi:lenovo/send/m.room.message/mautrix-go_1629761859861458830_12?ts=1629761274000&user_id=%40whatsapp_5511992798005%3Alenovo {"msgtype":"m.image","body":"image.jfif","url":"mxc://lenovo/pylRZeEjXSzBLAFLqZbtMQHL","info":{"mimetype":"image/jpeg","w":1007,"h":713,"size":39623}}
[Aug 23, 2021 20:37:41] [Portal/5511979696751@s.whatsapp.net-5511992798005@s.whatsapp.net/DEBUG] Handled message 2C3727996A5926E43E3793476BD570BC -> $5e9zXlj_nreS52UHWIsCXEePnkIcEwaBkokwS9eYTmQ
[Aug 23, 2021 20:37:41] [Portal/5511979696751@s.whatsapp.net-5511992798005@s.whatsapp.net/INFO] Initial history fill complete
[Aug 23, 2021 20:37:41] [Matrix/@whatsapp_5511992798005:lenovo/DEBUG] req #36: POST http://localhost:8008/_matrix/client/r0/rooms/%21CyKMtDiGmiMINtKDhi:lenovo/leave?user_id=%40whatsapp_5511992798005%3Alenovo {}
[Aug 23, 2021 20:37:45] [User/@rodrigo:lenovo/DEBUG] Syncing chat map[count:3 jid:5511955578335-1614918606@g.us message:true modify_tag:203944 mute:0 name:Grupo dos amigos spam:false t:1629747643]
[Aug 23, 2021 20:37:45] [Portal/5511955578335-1614918606@g.us/INFO] Syncing portal for @rodrigo:lenovo
[Aug 23, 2021 20:37:45] [Puppet/553288681037@s.whatsapp.net/DEBUG] Syncing contact info through @rodrigo:lenovo / 5511992798005@s.whatsapp.net because puppet has no displayname
[Aug 23, 2021 20:37:45] [Puppet/553192295607@s.whatsapp.net/DEBUG] Syncing contact info through @rodrigo:lenovo / 5511992798005@s.whatsapp.net because puppet has no displayname
[Aug 23, 2021 20:37:45] [Matrix/@whatsapp_553192295607:lenovo/DEBUG] req #37: POST http://localhost:8008/_matrix/client/r0/rooms/%21FyrrPSJccePLRZcFAj:lenovo/join?user_id=%40whatsapp_553192295607%3Alenovo
[Aug 23, 2021 20:37:52] [Matrix/@whatsapp_553192295607:lenovo/DEBUG] req #39: POST http://localhost:8008/_matrix/client/r0/rooms/%21FyrrPSJccePLRZcFAj:lenovo/join?user_id=%40whatsapp_553192295607%3Alenovo
[Aug 23, 2021 20:38:03] [Database/StateStore/WARN] Failed to set membership of @whatsapp_553192295607:lenovo in !FyrrPSJccePLRZcFAj:lenovo to &{join  whatsapp_553192295607 %!s(bool=false) %!s(*event.ThirdPartyInvite=<nil>) }: database is locked
[Aug 23, 2021 20:38:10] [User/@rodrigo:lenovo/DEBUG] Syncing chat map[count:0 jid:5511947430375-1531832995@g.us modify_tag:174110 mute:0 name:L5 DEV - Sem brigas spam:false t:1629661604]
[Aug 23, 2021 20:38:10] [Portal/5511947430375-1531832995@g.us/INFO] Syncing portal for @rodrigo:lenovo
[Aug 23, 2021 20:38:10] [Puppet/5515998288610@s.whatsapp.net/DEBUG] Syncing contact info through @rodrigo:lenovo / 5511992798005@s.whatsapp.net because puppet has no displayname
[Aug 23, 2021 20:38:10] [Puppet/5511999605099@s.whatsapp.net/DEBUG] Syncing contact info through @rodrigo:lenovo / 5511992798005@s.whatsapp.net because puppet has no displayname
[Aug 23, 2021 20:38:25] [User/@rodrigo:lenovo/DEBUG] Syncing chat map[count:39 jid:5519991400502-1505137163@g.us modify_tag:741252 mute:0 name:SPRP - FiveM游꿡 spam:false t:1629653246]
[Aug 23, 2021 20:38:25] [Portal/5519991400502-1505137163@g.us/INFO] Syncing portal for @rodrigo:lenovo
[Aug 23, 2021 20:38:25] [Puppet/5511996358954@s.whatsapp.net/DEBUG] Syncing contact info through @rodrigo:lenovo / 5511992798005@s.whatsapp.net because puppet has no displayname
[Aug 23, 2021 20:38:31] [User/@rodrigo:lenovo/INFO] Finished syncing portals
[Aug 23, 2021 20:38:31] [User/@rodrigo:lenovo/DEBUG] Post-connection portal sync complete, unlocking processing of incoming messages.
[Aug 23, 2021 20:38:31] [User/@rodrigo:lenovo/DEBUG] Processing of incoming messages unlocked
[Aug 23, 2021 20:38:31] [Portal/5519991400502-1505137163@g.us/DEBUG] Fetching last message from database to get its timestamp
[Aug 23, 2021 20:38:31] [Portal/5511979696751-1434226498@g.us/DEBUG] Not creating portal room for incoming message: message is too old
[Aug 23, 2021 20:38:31] [Portal/5511999605099@s.whatsapp.net-5511992798005@s.whatsapp.net/DEBUG] Not creating portal room for incoming message: message is too old
[Aug 23, 2021 20:38:31] [Portal/5511989872131@s.whatsapp.net-5511992798005@s.whatsapp.net/DEBUG] Not creating portal room for incoming message: message is too old
[Aug 23, 2021 20:38:31] [Portal/5511933392421@s.whatsapp.net-5511992798005@s.whatsapp.net/DEBUG] Not creating portal room for incoming message: message is too old
[Aug 23, 2021 20:38:31] [Portal/5511969194493@s.whatsapp.net-5511992798005@s.whatsapp.net/DEBUG] Not creating portal room for incoming message: message is too old
[Aug 23, 2021 20:38:31] [Portal/5511966433176@s.whatsapp.net-5511992798005@s.whatsapp.net/DEBUG] Not creating portal room for incoming message: message is too old
[Aug 23, 2021 20:38:31] [Portal/5511949914081@s.whatsapp.net-5511992798005@s.whatsapp.net/DEBUG] Not creating portal room for incoming message: message is too old
[Aug 23, 2021 20:38:31] [Portal/5511947430375-1531832995@g.us/DEBUG] Fetching last message from database to get its timestamp
[Aug 23, 2021 20:38:31] [Portal/5511952381690@s.whatsapp.net-5511992798005@s.whatsapp.net/DEBUG] Not creating portal room for incoming message: message is too old
[Aug 23, 2021 20:38:31] [Portal/5511980668612@s.whatsapp.net-5511992798005@s.whatsapp.net/DEBUG] Not creating portal room for incoming message: message is too old
[Aug 23, 2021 20:38:31] [Portal/5514997744347@s.whatsapp.net-5511992798005@s.whatsapp.net/DEBUG] Not creating portal room for incoming message: message is too old
[Aug 23, 2021 20:38:31] [Portal/5511932578429@s.whatsapp.net-5511992798005@s.whatsapp.net/DEBUG] Not creating portal room for incoming message: message is too old
[Aug 23, 2021 20:38:31] [Portal/5511932948779@s.whatsapp.net-5511992798005@s.whatsapp.net/DEBUG] Not creating portal room for incoming message: message is too old
[Aug 23, 2021 20:38:31] [Portal/5511948907772@s.whatsapp.net-5511992798005@s.whatsapp.net/DEBUG] Fetching last message from database to get its timestamp
[Aug 23, 2021 20:38:31] [Portal/5511953298678@s.whatsapp.net-5511992798005@s.whatsapp.net/DEBUG] Not creating portal room for incoming message: message is too old
[Aug 23, 2021 20:38:31] [Portal/5514997744347-1560702554@g.us/DEBUG] Not creating portal room for incoming message: message is too old
[Aug 23, 2021 20:38:31] [Portal/5511983374733@s.whatsapp.net-5511992798005@s.whatsapp.net/DEBUG] Not creating portal room for incoming message: message is too old
[Aug 23, 2021 20:38:31] [Portal/5519991400502-1505137163@g.us/DEBUG] Not handling 44E3F0574A2C0CC811F6EB54062D15CD (text): message is duplicate
[Aug 23, 2021 20:38:31] [Portal/5493515193933@s.whatsapp.net-5511992798005@s.whatsapp.net/DEBUG] Not creating portal room for incoming message: message is too old
[Aug 23, 2021 20:38:31] [Portal/5511998894976@s.whatsapp.net-5511992798005@s.whatsapp.net/DEBUG] Not creating portal room for incoming message: message is too old
[Aug 23, 2021 20:38:31] [Portal/5511951192934@s.whatsapp.net-5511992798005@s.whatsapp.net/DEBUG] Not creating portal room for incoming message: message is too old
[Aug 23, 2021 20:38:31] [Portal/5511958461198@s.whatsapp.net-5511992798005@s.whatsapp.net/DEBUG] Not creating portal room for incoming message: message is too old
[Aug 23, 2021 20:38:31] [Portal/5511958743365@s.whatsapp.net-5511992798005@s.whatsapp.net/DEBUG] Not creating portal room for incoming message: message is too old
[Aug 23, 2021 20:38:31] [Portal/15128722274@s.whatsapp.net-5511992798005@s.whatsapp.net/DEBUG] Not creating portal room for incoming message: message is too old
[Aug 23, 2021 20:38:31] [Portal/5511958353856-1502499190@g.us/DEBUG] Not creating portal room for incoming message: message is too old
[Aug 23, 2021 20:38:31] [Portal/5511989717011@s.whatsapp.net-5511992798005@s.whatsapp.net/DEBUG] Not creating portal room for incoming message: message is too old
[Aug 23, 2021 20:38:31] [Portal/551139847914@s.whatsapp.net-5511992798005@s.whatsapp.net/DEBUG] Not creating portal room for incoming message: message is too old
[Aug 23, 2021 20:38:31] [Portal/5511945254201@s.whatsapp.net-5511992798005@s.whatsapp.net/DEBUG] Not creating portal room for incoming message: message is too old
[Aug 23, 2021 20:38:31] [Portal/5511999910621@s.whatsapp.net-5511992798005@s.whatsapp.net/DEBUG] Not creating portal room for incoming message: message is too old
[Aug 23, 2021 20:38:31] [Portal/5511981062303@s.whatsapp.net-5511992798005@s.whatsapp.net/DEBUG] Fetching last message from database to get its timestamp
[Aug 23, 2021 20:38:31] [Portal/5511985133939@s.whatsapp.net-5511992798005@s.whatsapp.net/DEBUG] Fetching last message from database to get its timestamp
[Aug 23, 2021 20:38:31] [Portal/5493515193732@s.whatsapp.net-5511992798005@s.whatsapp.net/DEBUG] Not creating portal room for incoming message: message is too old
[Aug 23, 2021 20:38:31] [Portal/5511992798005@s.whatsapp.net/DEBUG] Not creating portal room for incoming message: message is too old
[Aug 23, 2021 20:38:31] [Portal/5519991400502-1576521989@g.us/DEBUG] Not creating portal room for incoming message: message is too old
[Aug 23, 2021 20:38:31] [Portal/5511979632653@s.whatsapp.net-5511992798005@s.whatsapp.net/DEBUG] Not creating portal room for incoming message: message is too old
[Aug 23, 2021 20:38:31] [Portal/5511933967566@s.whatsapp.net-5511992798005@s.whatsapp.net/DEBUG] Not creating portal room for incoming message: message is too old
[Aug 23, 2021 20:38:31] [Portal/5511994783987@s.whatsapp.net-5511992798005@s.whatsapp.net/DEBUG] Not creating portal room for incoming message: message is too old
[Aug 23, 2021 20:38:31] [Portal/5511945747756@s.whatsapp.net-5511992798005@s.whatsapp.net/DEBUG] Not creating portal room for incoming message: message is too old
[Aug 23, 2021 20:38:31] [Portal/5511998219298@s.whatsapp.net-5511992798005@s.whatsapp.net/DEBUG] Not creating portal room for incoming message: message is too old
[Aug 23, 2021 20:38:31] [Portal/5511996685073@s.whatsapp.net-5511992798005@s.whatsapp.net/DEBUG] Not creating portal room for incoming message: message is too old
[Aug 23, 2021 20:38:31] [Portal/5511993155252@s.whatsapp.net-5511992798005@s.whatsapp.net/DEBUG] Not creating portal room for incoming message: message is too old
[Aug 23, 2021 20:38:31] [Portal/5511955578335-1614918606@g.us/DEBUG] Fetching last message from database to get its timestamp
[Aug 23, 2021 20:38:31] [Portal/5511979696751@s.whatsapp.net-5511992798005@s.whatsapp.net/DEBUG] Not handling 2C3727996A5926E43E3793476BD570BC (media image/jpeg): message is duplicate
[Aug 23, 2021 20:38:31] [Portal/5511979696751@s.whatsapp.net-5511992798005@s.whatsapp.net/DEBUG] Not handling 3EB05A03319CA8072E05 (text): message is older (1592245074) than last bridge message (1629761274)
[Aug 23, 2021 20:38:31] [Portal/5511979696751@s.whatsapp.net-5511992798005@s.whatsapp.net/DEBUG] Not handling 3EB09F4B2F53BF8EDD69 (text): message is older (1592245120) than last bridge message (1629761274)
[Aug 23, 2021 20:38:31] [Portal/5511979696751@s.whatsapp.net-5511992798005@s.whatsapp.net/DEBUG] Not handling 3EB0A754CCED63300B6B (text): message is older (1592245215) than last bridge message (1629761274)
[Aug 23, 2021 20:38:31] [Portal/5511947430375-1531832995@g.us/DEBUG] Not handling 3EB0126ED7DF884157FF (media image/webp): message is duplicate
[Aug 23, 2021 20:38:31] [Portal/5511979696751@s.whatsapp.net-5511992798005@s.whatsapp.net/DEBUG] Not handling 3EB0EEC9452A0C4C9288 (text): message is older (1592245224) than last bridge message (1629761274)
[Aug 23, 2021 20:38:31] [Portal/5511979696751@s.whatsapp.net-5511992798005@s.whatsapp.net/DEBUG] Not handling 3EB05ACEC425A2915C90 (text): message is older (1592245225) than last bridge message (1629761274)
[Aug 23, 2021 20:38:31] [Portal/5511979696751@s.whatsapp.net-5511992798005@s.whatsapp.net/DEBUG] Not handling 3EB0E53F10FD20FC6C0F (text): message is older (1592245252) than last bridge message (1629761274)
[Aug 23, 2021 20:38:31] [Portal/5511979696751@s.whatsapp.net-5511992798005@s.whatsapp.net/DEBUG] Not handling 3EB01A32BF17F12B30A9 (text): message is older (1592245254) than last bridge message (1629761274)
[Aug 23, 2021 20:38:31] [Portal/5511979696751@s.whatsapp.net-5511992798005@s.whatsapp.net/DEBUG] Not handling 3EB0FF983586C51157FF (text): message is older (1592245263) than last bridge message (1629761274)
[Aug 23, 2021 20:38:31] [Portal/5511979696751@s.whatsapp.net-5511992798005@s.whatsapp.net/DEBUG] Not handling 3EB03561EEBFBFB44A2A (text): message is older (1592245265) than last bridge message (1629761274)
[Aug 23, 2021 20:38:31] [Portal/5511981062303@s.whatsapp.net-5511992798005@s.whatsapp.net/DEBUG] Not handling 2E1E0FA083BAD3CEED2E843C299BD719 (text): message is duplicate
[Aug 23, 2021 20:38:31] [Portal/5511979696751@s.whatsapp.net-5511992798005@s.whatsapp.net/DEBUG] Not handling 3EB0D27C2837E5EFCC03 (text): message is older (1592245288) than last bridge message (1629761274)
[Aug 23, 2021 20:38:31] [Portal/5511979696751@s.whatsapp.net-5511992798005@s.whatsapp.net/DEBUG] Not handling 3EB0EF8CD74F41001A88 (text): message is older (1592245289) than last bridge message (1629761274)
[Aug 23, 2021 20:38:31] [Portal/5511979696751@s.whatsapp.net-5511992798005@s.whatsapp.net/DEBUG] Not handling 3EB0D6D1A189ECA7505B (text): message is older (1592245294) than last bridge message (1629761274)
[Aug 23, 2021 20:38:31] [Portal/5511979696751@s.whatsapp.net-5511992798005@s.whatsapp.net/DEBUG] Not handling 3EB0C67868A4EB81396B (text): message is older (1592247684) than last bridge message (1629761274)
[Aug 23, 2021 20:38:31] [Portal/5511979696751@s.whatsapp.net-5511992798005@s.whatsapp.net/DEBUG] Not handling CE75C221489925B4E2B4D828A3280AD0 (text): message is older (1592247933) than last bridge message (1629761274)
[Aug 23, 2021 20:38:31] [Portal/5511979696751@s.whatsapp.net-5511992798005@s.whatsapp.net/DEBUG] Not handling 3EB08679197566916310 (text): message is older (1592247944) than last bridge message (1629761274)
[Aug 23, 2021 20:38:31] [Portal/5511979696751@s.whatsapp.net-5511992798005@s.whatsapp.net/DEBUG] Not handling 93D3A46E6E18DB20C3E07478F718BB9C (text): message is older (1592248111) than last bridge message (1629761274)
[Aug 23, 2021 20:38:31] [Portal/5511979696751@s.whatsapp.net-5511992798005@s.whatsapp.net/DEBUG] Not handling 233CFA4D4D63DDC51663219E0A72D1AE (text): message is older (1592248121) than last bridge message (1629761274)
[Aug 23, 2021 20:38:31] [Portal/5511979696751@s.whatsapp.net-5511992798005@s.whatsapp.net/DEBUG] Not handling C61956B7A4142C94132B0E81BDCF7AC0 (text): message is older (1592248143) than last bridge message (1629761274)
[Aug 23, 2021 20:38:31] [Portal/5511979696751@s.whatsapp.net-5511992798005@s.whatsapp.net/DEBUG] Not handling 3EB0636C5B6E4ACBDB29 (media image/jpeg): message is older (1592261389) than last bridge message (1629761274)
[Aug 23, 2021 20:38:31] [Portal/5511979696751@s.whatsapp.net-5511992798005@s.whatsapp.net/DEBUG] Not handling 3E761066D6504E872162C03343AAEF47 (text): message is older (1593032139) than last bridge message (1629761274)
[Aug 23, 2021 20:38:31] [Portal/5511985133939@s.whatsapp.net-5511992798005@s.whatsapp.net/DEBUG] Not handling EB4262F9FCEDB9ADB9579A3F3FADFA98 (text): message is duplicate
[Aug 23, 2021 20:38:31] [Portal/5511955578335-1614918606@g.us/DEBUG] Starting handling of FBA2860157511C1CD062F718F1C9A6EA (text, ts: 1629747643)
[Aug 23, 2021 20:38:31] [Portal/5511948907772@s.whatsapp.net-5511992798005@s.whatsapp.net/DEBUG] Not handling 24B9366507DB95307AC46378818FFF0E (text): message is duplicate
[Aug 23, 2021 20:38:31] [Matrix/@whatsapp_5511945254201:lenovo/DEBUG] req #43: PUT http://localhost:8008/_matrix/client/r0/rooms/%21FyrrPSJccePLRZcFAj:lenovo/send/m.room.message/mautrix-go_1629761911230200775_1?ts=1629747643000&user_id=%40whatsapp_5511945254201%3Alenovo {"msgtype":"m.text","body":"https://vm.tiktok.com/ZMR23DMXj/"}
[Aug 23, 2021 20:38:32] [Portal/5511955578335-1614918606@g.us/DEBUG] Handled message FBA2860157511C1CD062F718F1C9A6EA -> $zdgdOoXMiFc-QjmTkg4S8jRE0AYuIUvjRo1ip-D_aBk
[Aug 23, 2021 20:38:32] [Portal/5511955578335-1614918606@g.us/DEBUG] Not handling A61C1B9E5BC92856A5667D4F1ADF475C (media video/mp4): message is older (1629342401) than last bridge message (1629747643)
[Aug 23, 2021 20:38:32] [Portal/5511955578335-1614918606@g.us/DEBUG] Not handling 4CD4B89C0CAA843BF6FD8C48DF35D970 (media video/mp4): message is older (1629409442) than last bridge message (1629747643)
[Aug 23, 2021 20:38:32] [Portal/5511955578335-1614918606@g.us/DEBUG] Not handling 4CF3AA3EDB46D7A46A2C73BC0340B720 (media video/mp4): message is older (1629417686) than last bridge message (1629747643)
[Aug 23, 2021 20:38:32] [Portal/5511955578335-1614918606@g.us/DEBUG] Not handling 5AEC55340E43BA87F9D948D4A11677A0 (media video/mp4): message is older (1629440890) than last bridge message (1629747643)
[Aug 23, 2021 20:38:32] [Portal/5511955578335-1614918606@g.us/DEBUG] Not handling 47B0A781FDD404FDC275D6FE40A2B347 (media video/mp4): message is older (1629479951) than last bridge message (1629747643)
[Aug 23, 2021 20:38:32] [Portal/5511955578335-1614918606@g.us/DEBUG] Not handling 3F885C5E948791FBA741CB64185C7EE3 (text): message is older (1629479956) than last bridge message (1629747643)
[Aug 23, 2021 20:38:32] [Portal/5511955578335-1614918606@g.us/DEBUG] Not handling 37FC3DB29E63A28F6122CB4369E621DB (text): message is older (1629481491) than last bridge message (1629747643)
[Aug 23, 2021 20:38:32] [Portal/5511955578335-1614918606@g.us/DEBUG] Not handling 8166882EF7D9563C28929C130A92153E (media video/mp4): message is older (1629490190) than last bridge message (1629747643)
[Aug 23, 2021 20:38:32] [Portal/5511955578335-1614918606@g.us/DEBUG] Not handling 54864B5EEB7BAF897DE34516DFB9D896 (media video/mp4): message is older (1629490475) than last bridge message (1629747643)
[Aug 23, 2021 20:38:32] [Portal/5511955578335-1614918606@g.us/DEBUG] Not handling 656120A6FBE0AB8C1684C4E1D753D86B (media video/mp4): message is older (1629504427) than last bridge message (1629747643)
[Aug 23, 2021 20:38:32] [Portal/5511955578335-1614918606@g.us/DEBUG] Not handling 35E929480C502FEC6F0E2413B4B6D714 (media video/mp4): message is older (1629505923) than last bridge message (1629747643)
[Aug 23, 2021 20:38:32] [Portal/5511955578335-1614918606@g.us/DEBUG] Not handling 0DDB2ED25B910554D46EFE60D54CAB00 (media image/jpeg): message is older (1629509540) than last bridge message (1629747643)
[Aug 23, 2021 20:38:32] [Portal/5511955578335-1614918606@g.us/DEBUG] Not handling 0F3006A763F4F08CCB0E392DAF366350 (media video/mp4): message is older (1629543534) than last bridge message (1629747643)
[Aug 23, 2021 20:38:32] [Portal/5511955578335-1614918606@g.us/DEBUG] Not handling AFBEF83776172BF4285278C9E274526F (media video/mp4): message is older (1629554427) than last bridge message (1629747643)
[Aug 23, 2021 20:38:32] [Portal/5511955578335-1614918606@g.us/DEBUG] Not handling 56384EA142968F04CD1EE585B8FAC8EA (media video/mp4): message is older (1629575799) than last bridge message (1629747643)
[Aug 23, 2021 20:38:32] [Portal/5511955578335-1614918606@g.us/DEBUG] Not handling 3A6CCF227A67A5AEECCF (text): message is older (1629642583) than last bridge message (1629747643)
[Aug 23, 2021 20:38:32] [Portal/5511955578335-1614918606@g.us/DEBUG] Not handling 3A3B6EB85385C2D409C9 (media image/webp): message is older (1629642588) than last bridge message (1629747643)
[Aug 23, 2021 20:38:32] [Portal/5511955578335-1614918606@g.us/DEBUG] Not handling 29D88EC7F9A158B3E31EB03353C6E839 (media video/mp4): message is older (1629684353) than last bridge message (1629747643)
[Aug 23, 2021 20:38:32] [Portal/5511955578335-1614918606@g.us/DEBUG] Not handling A202F419E56C5B1F83286EA2CB0A8945 (media video/mp4): message is older (1629691635) than last bridge message (1629747643)
[Aug 23, 2021 20:38:32] [Portal/5511955578335-1614918606@g.us/DEBUG] Not handling 56FBB3E1CBAF01AA3C6F5F51BA26C7C4 (media video/mp4): message is older (1629731242) than last bridge message (1629747643)
[Aug 23, 2021 20:38:32] [Portal/5511955578335-1614918606@g.us/DEBUG] Not handling EF329FF113EA7FAC60C36A0878B7C1EE (media video/mp4): message is older (1629733992) than last bridge message (1629747643)
[Aug 23, 2021 20:39:00] [User/@rodrigo:lenovo/DEBUG] Battery message: {Plugged:false Powersave:false Percentage:22}
[Aug 23, 2021 20:45:17] [User/@rodrigo:lenovo/DEBUG] Battery message: {Plugged:false Powersave:false Percentage:21}
[Aug 23, 2021 20:45:19] [User/@rodrigo:lenovo/DEBUG] JSON message with tag s11: ["Stream","asleep"]
[Aug 23, 2021 22:01:39] [INFO] Interrupt received, stopping...
[Aug 23, 2021 22:01:39] [Matrix/DEBUG] Listener stopped.
[Aug 23, 2021 22:01:39] [DEBUG] Disconnecting @rodrigo:lenovo
[Aug 23, 2021 22:01:39] [User/@rodrigo:lenovo/Conn/DEBUG] Disconnecting websocket
[Aug 23, 2021 22:01:39] [User/@rodrigo:lenovo/Conn/DEBUG] Websocket read pump exiting 0xc0003cc050
[Aug 23, 2021 22:01:39] [User/@rodrigo:lenovo/Conn/DEBUG] Websocket keepalive loop exiting 0xc0003cc050
[Aug 23, 2021 22:01:39] [User/@rodrigo:lenovo/Conn/DEBUG] Websocket disconnection complete
[Aug 23, 2021 22:01:39] [INFO] Bridge stopped.
