[Aug 12, 2021 08:37:11] [INFO] Initializing mautrix-whatsapp 0.1.7+dev.unknown (unknown)
[Aug 12, 2021 08:37:11] [DEBUG] Initializing database connection
[Aug 12, 2021 08:37:12] [DEBUG] Initializing state store
[Aug 12, 2021 08:37:12] [DEBUG] Initializing Matrix event processor
[Aug 12, 2021 08:37:12] [DEBUG] Initializing Matrix event handler
[Aug 12, 2021 08:37:12] [DEBUG] Bridge built with end-to-bridge encryption, but disabled in config
[Aug 12, 2021 08:37:12] [INFO] Bridge initialization complete, starting...
[Aug 12, 2021 08:37:12] [DEBUG] Running database upgrades
[Aug 12, 2021 08:37:12] [Database/Upgrade/INFO] Database currently on v21, latest: v21
[Aug 12, 2021 08:37:12] [DEBUG] Checking connection to homeserver
[Aug 12, 2021 08:37:12] [DEBUG] Starting application service HTTP server
[Aug 12, 2021 08:37:12] [DEBUG] Starting event processor
[Aug 12, 2021 08:37:12] [Matrix/INFO] Listening on 0.0.0.0:29318
[Aug 12, 2021 08:37:12] [INFO] Bridge started!
[Aug 12, 2021 08:37:12] [DEBUG] Updating bot profile
[Aug 12, 2021 08:37:12] [DEBUG] Starting users
[Aug 12, 2021 08:37:12] [DEBUG] Starting custom puppets
[Aug 12, 2021 08:37:12] [User/@rodrigo:lenovo/DEBUG] Connecting to WhatsApp
[Aug 12, 2021 08:37:12] [User/@rodrigo:lenovo/Conn/DEBUG] Dialing wss://web.whatsapp.com/ws
[Aug 12, 2021 08:37:12] [User/@rodrigo:lenovo/Conn/DEBUG] Successfully connected to websocket
[Aug 12, 2021 08:37:12] [User/@rodrigo:lenovo/Conn/DEBUG] Websocket keepalive loop starting 0xc0000b2050
[Aug 12, 2021 08:37:12] [User/@rodrigo:lenovo/Conn/DEBUG] Websocket read pump starting 0xc0000b2050
[Aug 12, 2021 08:40:12] [User/@rodrigo:lenovo/ERROR] Failed to restore session: login context finished: context deadline exceeded
[Aug 12, 2021 08:40:13] [User/@rodrigo:lenovo/DEBUG] Disconnecting due to failed session restore...
[Aug 12, 2021 08:40:13] [User/@rodrigo:lenovo/Conn/DEBUG] Disconnecting websocket
[Aug 12, 2021 08:40:13] [User/@rodrigo:lenovo/Conn/DEBUG] Websocket read pump exiting 0xc0000b2050
[Aug 12, 2021 08:40:13] [User/@rodrigo:lenovo/Conn/DEBUG] Websocket keepalive loop exiting 0xc0000b2050
[Aug 12, 2021 08:40:13] [User/@rodrigo:lenovo/Conn/DEBUG] Websocket disconnection complete
[Aug 12, 2021 09:39:12] [INFO] Interrupt received, stopping...
[Aug 12, 2021 09:39:12] [Matrix/DEBUG] Listener stopped.
[Aug 12, 2021 09:39:12] [DEBUG] Disconnecting @rodrigo:lenovo
[Aug 12, 2021 09:39:12] [ERROR] Error while disconnecting @rodrigo:lenovo: not connected
[Aug 12, 2021 09:39:12] [INFO] Bridge stopped.
