[Sep  7, 2021 10:24:21] [INFO] Initializing mautrix-whatsapp 0.1.7+dev.unknown (unknown)
[Sep  7, 2021 10:24:21] [DEBUG] Initializing database connection
[Sep  7, 2021 10:24:21] [DEBUG] Initializing state store
[Sep  7, 2021 10:24:21] [DEBUG] Initializing Matrix event processor
[Sep  7, 2021 10:24:21] [DEBUG] Initializing Matrix event handler
[Sep  7, 2021 10:24:21] [DEBUG] Bridge built with end-to-bridge encryption, but disabled in config
[Sep  7, 2021 10:24:21] [INFO] Bridge initialization complete, starting...
[Sep  7, 2021 10:24:21] [DEBUG] Running database upgrades
[Sep  7, 2021 10:24:21] [Database/Upgrade/INFO] Database currently on v21, latest: v21
[Sep  7, 2021 10:24:21] [DEBUG] Checking connection to homeserver
[Sep  7, 2021 10:24:21] [DEBUG] Starting application service HTTP server
[Sep  7, 2021 10:24:21] [DEBUG] Starting event processor
[Sep  7, 2021 10:24:21] [Matrix/INFO] Listening on 0.0.0.0:29318
[Sep  7, 2021 10:24:21] [INFO] Bridge started!
[Sep  7, 2021 10:24:21] [DEBUG] Updating bot profile
[Sep  7, 2021 10:24:21] [DEBUG] Starting users
[Sep  7, 2021 10:24:21] [DEBUG] Starting custom puppets
[Sep  7, 2021 10:24:21] [User/@rodrigo:lenovo/DEBUG] Connecting to WhatsApp
[Sep  7, 2021 10:24:21] [User/@rodrigo:lenovo/Conn/DEBUG] Dialing wss://web.whatsapp.com/ws
[Sep  7, 2021 10:24:22] [User/@rodrigo:lenovo/Conn/DEBUG] Successfully connected to websocket
[Sep  7, 2021 10:24:22] [User/@rodrigo:lenovo/Conn/DEBUG] Websocket read pump starting 0xc000420050
[Sep  7, 2021 10:24:22] [User/@rodrigo:lenovo/Conn/DEBUG] Websocket keepalive loop starting 0xc000420050
[Sep  7, 2021 10:27:21] [User/@rodrigo:lenovo/ERROR] Failed to restore session: login context finished: context deadline exceeded
[Sep  7, 2021 10:27:22] [User/@rodrigo:lenovo/DEBUG] Disconnecting due to failed session restore...
[Sep  7, 2021 10:27:22] [User/@rodrigo:lenovo/Conn/DEBUG] Disconnecting websocket
[Sep  7, 2021 10:27:22] [User/@rodrigo:lenovo/Conn/DEBUG] Websocket read pump exiting 0xc000420050
[Sep  7, 2021 10:27:22] [User/@rodrigo:lenovo/Conn/DEBUG] Websocket keepalive loop exiting 0xc000420050
[Sep  7, 2021 10:27:22] [User/@rodrigo:lenovo/Conn/DEBUG] Websocket disconnection complete
[Sep  8, 2021 01:32:29] [INFO] Interrupt received, stopping...
[Sep  8, 2021 01:32:29] [Matrix/DEBUG] Listener stopped.
[Sep  8, 2021 01:32:29] [DEBUG] Disconnecting @rodrigo:lenovo
[Sep  8, 2021 01:32:29] [ERROR] Error while disconnecting @rodrigo:lenovo: not connected
[Sep  8, 2021 01:32:29] [INFO] Bridge stopped.
