[Sep 11, 2021 21:42:44] [INFO] Initializing mautrix-whatsapp 0.1.8+dev.unknown (unknown)
[Sep 11, 2021 21:42:44] [DEBUG] Initializing database connection
[Sep 11, 2021 21:42:44] [DEBUG] Initializing state store
[Sep 11, 2021 21:42:44] [DEBUG] Initializing Matrix event processor
[Sep 11, 2021 21:42:44] [DEBUG] Initializing Matrix event handler
[Sep 11, 2021 21:42:44] [DEBUG] Bridge built with end-to-bridge encryption, but disabled in config
[Sep 11, 2021 21:42:44] [INFO] Bridge initialization complete, starting...
[Sep 11, 2021 21:42:44] [DEBUG] Running database upgrades
[Sep 11, 2021 21:42:44] [Database/Upgrade/INFO] Database currently on v21, latest: v21
[Sep 11, 2021 21:42:44] [DEBUG] Checking connection to homeserver
[Sep 11, 2021 21:42:44] [DEBUG] Starting application service HTTP server
[Sep 11, 2021 21:42:44] [DEBUG] Starting event processor
[Sep 11, 2021 21:42:44] [INFO] Bridge started!
[Sep 11, 2021 21:42:44] [Matrix/INFO] Listening on 0.0.0.0:29318
[Sep 11, 2021 21:42:44] [DEBUG] Updating bot profile
[Sep 11, 2021 21:42:44] [DEBUG] Starting users
[Sep 11, 2021 21:42:44] [DEBUG] Starting custom puppets
[Sep 11, 2021 21:42:44] [User/@rodrigo:lenovo/DEBUG] Connecting to WhatsApp
[Sep 11, 2021 21:42:44] [User/@rodrigo:lenovo/Conn/DEBUG] Dialing wss://web.whatsapp.com/ws
[Sep 11, 2021 21:42:44] [User/@rodrigo:lenovo/Conn/DEBUG] Successfully connected to websocket
[Sep 11, 2021 21:42:44] [User/@rodrigo:lenovo/Conn/DEBUG] Websocket read pump starting 0xc0000a80f0
[Sep 11, 2021 21:42:44] [User/@rodrigo:lenovo/Conn/DEBUG] Websocket keepalive loop starting 0xc0000a80f0
[Sep 11, 2021 21:45:44] [User/@rodrigo:lenovo/ERROR] Failed to restore session: login context finished: context deadline exceeded
[Sep 11, 2021 21:45:45] [User/@rodrigo:lenovo/DEBUG] Disconnecting due to failed session restore...
[Sep 11, 2021 21:45:45] [User/@rodrigo:lenovo/Conn/DEBUG] Disconnecting websocket
[Sep 11, 2021 21:45:45] [User/@rodrigo:lenovo/Conn/DEBUG] Websocket read pump exiting 0xc0000a80f0
[Sep 11, 2021 21:45:45] [User/@rodrigo:lenovo/Conn/DEBUG] Websocket keepalive loop exiting 0xc0000a80f0
[Sep 11, 2021 21:45:45] [User/@rodrigo:lenovo/Conn/DEBUG] Websocket disconnection complete
[Sep 11, 2021 21:46:47] [Command handler/DEBUG] @rodrigo:lenovo sent 'ping' in !qkCVTLOPoYWQxilDXU:lenovo
[Sep 11, 2021 21:46:59] [Command handler/DEBUG] @rodrigo:lenovo sent 'connect' in !qkCVTLOPoYWQxilDXU:lenovo
[Sep 11, 2021 21:46:59] [User/@rodrigo:lenovo/Conn/DEBUG] Dialing wss://web.whatsapp.com/ws
[Sep 11, 2021 21:47:00] [User/@rodrigo:lenovo/Conn/DEBUG] Successfully connected to websocket
[Sep 11, 2021 21:47:00] [User/@rodrigo:lenovo/Conn/DEBUG] Websocket keepalive loop starting 0xc000694730
[Sep 11, 2021 21:47:00] [User/@rodrigo:lenovo/Conn/DEBUG] Websocket read pump starting 0xc000694730
[Sep 11, 2021 21:47:01] [User/@rodrigo:lenovo/DEBUG] Received new tokens
[Sep 11, 2021 21:47:02] [User/@rodrigo:lenovo/DEBUG] JSON message with tag s1: ["Conn",{"ref":"1@lwtZlFWJYfS1czaixn7lbBskOD3RWAkTmrCb920te+7UXlQ4y8LdnwjRT/XXs4Hv31PgDesj2o5p9Q==","wid":"5511992798005@c.us","connected":true,"isResponse":"true","serverToken":"1@BG1SjRFLae/uosmI7DoHXCE7T4enHpdTcxDYMwTiuDLUaRrjZdebXYHLzTIPViBNWNtqz78lVTT3VA==","browserToken":"1@oyV/i7j2QWK4ALzrXBMzGgWwZtM4rvsE0zuAjLednj524sZV7wMdsV34mt4kjEzOFgcOQ8xG61ECxcoht5DrOGFJ5VlO3ceMVE0VLHPkA/Amy2/8qIW+EbKYqwrSDlJ0GDYm135J+Wwr9gsZ7kkdQA==","clientToken":"Dcm1NScabTURW3jewMWKbQRrN7xCOP/xt6Z8kDOyXj8=","lc":"BR","lg":"pt","locales":"pt-BR","is24h":true,"protoVersion":[0,17],"binVersion":11,"battery":19,"plugged":false,"platform":"android","features":{"URL":true,"FLAGS":"EAEYASgBOAFAAUgBWAFgAWgBeAGYAQGgAQGwAQK4AQHIAQHYAQHgAQPoAQLwAQP4AQOAAgOIAgGgAgOoAgPAAgHQAgPYAgPgAgPwAgE="},"phone":{"wa_version":"2.21.17.24","mcc":"724","mnc":"005","os_version":"5.1.1","device_manufacturer":"asus","device_model":"err_value","os_build_number":"LMY47V.WW_Phone-13.0209.1705.117-20170627"},"pushname":"Rodrigo Gabriel","tos":0}]
[Sep 11, 2021 21:47:02] [User/@rodrigo:lenovo/DEBUG] JSON message with tag s2: ["Blocklist",{"id":1,"blocklist":["5511998609808@c.us"]}]
[Sep 11, 2021 21:47:02] [User/@rodrigo:lenovo/INFO] Stream event: {Type:update IsOutdated:false Version:2.2134.10 Extra:[]}
[Sep 11, 2021 21:47:02] [User/@rodrigo:lenovo/DEBUG] JSON message with tag s3: ["Stream","update",false,"2.2134.10"]
[Sep 11, 2021 21:47:02] [User/@rodrigo:lenovo/DEBUG] Unknown type of event in HandleEvent: whatsapp.ProtocolProps
[Sep 11, 2021 21:47:02] [User/@rodrigo:lenovo/DEBUG] JSON message with tag s4: ["Props",{"stickers":1,"productCatalogOpenDeeplink":1,"productCatalogDeeplink":1,"catalogPdpNewDesign":1,"catalogMessage":1,"suspiciousLinks":1,"webBizProfileV3M2":false,"webBizProfileV3Enabled":false,"webProductListMessageFallback":true,"webProductListMessage":true,"webYouTubePlayerEnhancements":false,"webMediaCustomCroppingEnabled":true,"webCatalogProductsOnOff":true,"pttPlaybackSpeedHideDelay":1500,"pttPlaybackSpeedEnabled":true,"pttDraftEnabled":false,"webBizProfileEdit":true,"bizProfileEdit":false,"mmsCatV1ForwardHotOverrideEnabled":true,"webSendDocumentThumbInMessageDisabled":false,"webDownloadLinkThumbMmsEnabled":false,"webUploadLinkThumbMmsEnabled":false,"webDownloadDocumentThumbMmsEnabled":false,"webUploadDocumentThumbMmsEnabled":false,"mmsHotContentTimespan":86400,"mmsVCacheAggregationEnabled":true,"webSMBUpsellInBizProfile":true,"greenAlertBannerDuration":86400000,"webCatalogApiREH":true,"webButtonsMessage":true,"webCatalogManagement":true,"webCartV11OrderMessageChanges":true,"webCart":true,"webCatalogCart":false,"webGroupV2Enabled":1,"stickerSearchEnabled":false,"webVoipWindowsOsMinVersion":"10.0.18362","webVoipMacOsMinVersion":"17.0.0","webVoip":false,"webListMessage":true,"ctwaContextCompose":true,"aliteContactUsEnabled":true,"camelotWeb":true,"preloadStickers":true,"webBizProfileOptions":116,"wsCanCacheRequests":true,"bucket":"","gifSearch":"tenor","maxFileSize":100,"media":64,"maxSubject":25,"maxParticipants":257,"imageMaxKBytes":1024,"imageMaxEdge":1280,"statusVideoMaxDuration":30,"frequentlyForwardedMessages":1,"webShopsChatHeaderButtonEnabled":1,"ephemeralMessages":1,"newCommerceEntryPointEnabled":1,"shopsProfileDrawerEntrypoint":1,"viewOnceWrite":1,"ephemeralMessagesSetting":1,"upgradeToMDModal":1,"shopsHeaderDropdownMenuItem":1,"mmsVcardAutodownloadSizeKb":64,"multicastLimitGlobal":5,"wallpapersV2":1,"vcardAsDocumentSizeKb":64,"quickMessageSearch":1,"ctwaContextRender":1,"frequentlyForwardedMax":1,"vcardMaxSizeKb":5000,"hfmStringChanges":1,"muteAlways":1,"shopsHideCatalogAttachmentEntrypoint":1,"viewOnceRead":1,"frequentlyForwardedThreshold":5,"groupDescLength":512}]
[Sep 11, 2021 21:47:02] [User/@rodrigo:lenovo/DEBUG] Locking processing of incoming messages and starting post-login sync
[Sep 11, 2021 21:47:02] [User/@rodrigo:lenovo/DEBUG] Waiting for chat list receive confirmation
[Sep 11, 2021 21:47:02] [User/@rodrigo:lenovo/DEBUG] Processing of incoming messages is locked
[Sep 11, 2021 21:47:02] [User/@rodrigo:lenovo/DEBUG] Unknown binary message: &{Description:contacts Attributes:map[type:frequent] Content:[{Description:message Attributes:map[jid:5511955578335-1614918606@g.us] Content:<nil>} {Description:image Attributes:map[jid:5511955578335-1614918606@g.us] Content:<nil>} {Description:video Attributes:map[jid:5511955578335-1614918606@g.us] Content:<nil>}]}
[Sep 11, 2021 21:47:02] [User/@rodrigo:lenovo/INFO] Syncing puppet info from contacts
[Sep 11, 2021 21:47:02] [User/@rodrigo:lenovo/INFO] Chat list received
[Sep 11, 2021 21:47:02] [User/@rodrigo:lenovo/DEBUG] Sent chat list receive confirmation from HandleChatList
[Sep 11, 2021 21:47:02] [User/@rodrigo:lenovo/DEBUG] Chat list receive confirmation received in PostLogin
[Sep 11, 2021 21:47:02] [User/@rodrigo:lenovo/DEBUG] Making post-connection ping
[Sep 11, 2021 21:47:02] [User/@rodrigo:lenovo/INFO] Reading chat list
[Sep 11, 2021 21:47:02] [User/@rodrigo:lenovo/Conn/DEBUG] Sending admin test request with tag 1631407622.--5
[Sep 11, 2021 21:47:02] [User/@rodrigo:lenovo/INFO] Read chat list, updating user-portal mapping
[Sep 11, 2021 21:47:03] [User/@rodrigo:lenovo/INFO] Syncing portals
[Sep 11, 2021 21:47:03] [User/@rodrigo:lenovo/DEBUG] Syncing chat map[count:8 jid:5511955578335-1614918606@g.us message:true modify_tag:203944 mute:0 name:Grupo dos amigos spam:false t:1631401491]
[Sep 11, 2021 21:47:03] [Portal/5511955578335-1614918606@g.us/INFO] Syncing portal for @rodrigo:lenovo
[Sep 11, 2021 21:47:03] [Puppet/553288681037@s.whatsapp.net/DEBUG] Syncing contact info through @rodrigo:lenovo / 5511992798005@s.whatsapp.net because puppet has no displayname
[Sep 11, 2021 21:47:03] [User/@rodrigo:lenovo/DEBUG] Post-connection ping OK
[Sep 11, 2021 21:47:03] [User/@rodrigo:lenovo/DEBUG] Waiting for portal sync complete confirmation
[Sep 11, 2021 21:47:03] [Puppet/553192295607@s.whatsapp.net/DEBUG] Syncing contact info through @rodrigo:lenovo / 5511992798005@s.whatsapp.net because puppet has no displayname
[Sep 11, 2021 21:47:03] [Matrix/@whatsapp_553192295607:lenovo/DEBUG] req #7: PUT http://localhost:8008/_matrix/client/r0/profile/@whatsapp_553192295607:lenovo/displayname?user_id=%40whatsapp_553192295607%3Alenovo {"displayname":"Estevao ⚽️🥁🎮📸🇧🇷 (WA)"}
[Sep 11, 2021 21:47:04] [Matrix/@whatsapp_558189203197:lenovo/DEBUG] req #8: POST http://localhost:8008/_matrix/media/r0/upload?user_id=%40whatsapp_558189203197%3Alenovo 12800 bytes
[Sep 11, 2021 21:47:07] [Matrix/@whatsapp_558189203197:lenovo/DEBUG] req #9: PUT http://localhost:8008/_matrix/client/r0/profile/@whatsapp_558189203197:lenovo/avatar_url?user_id=%40whatsapp_558189203197%3Alenovo {"avatar_url":"mxc://lenovo/NPSNkFPfnpAvoKlivCNnWeBd"}
[Sep 11, 2021 21:47:14] [Database/StateStore/WARN] Failed to set membership of @whatsapp_553192295607:lenovo in !FyrrPSJccePLRZcFAj:lenovo to &{join  Estevao ⚽️🥁🎮📸🇧🇷 (WA) %!s(bool=false) %!s(*event.ThirdPartyInvite=<nil>) }: database is locked
[Sep 11, 2021 21:47:18] [Database/Puppet/WARN] Failed to update 558189203197@s.whatsapp.net->database is locked: %!v(MISSING)
[Sep 11, 2021 21:47:19] [User/@rodrigo:lenovo/DEBUG] Syncing chat map[count:3 jid:5511979696751-1434226498@g.us message:true modify_tag:753220 mute:0 name:Batata do Whatsapp spam:false t:1631396745]
[Sep 11, 2021 21:47:19] [Portal/5511979696751-1434226498@g.us/INFO] Syncing portal for @rodrigo:lenovo
[Sep 11, 2021 21:47:19] [Portal/5511979696751-1434226498@g.us/INFO] Creating Matrix room. Info source: @rodrigo:lenovo
[Sep 11, 2021 21:47:19] [Matrix/@whatsapp_5511955578335:lenovo/DEBUG] req #11: PUT http://localhost:8008/_matrix/client/r0/profile/@whatsapp_5511955578335:lenovo/displayname?user_id=%40whatsapp_5511955578335%3Alenovo {"displayname":"Kauã (WA)"}
[Sep 11, 2021 21:47:23] [Matrix/@whatsapp_5511955578335:lenovo/DEBUG] req #13: POST http://localhost:8008/_matrix/media/r0/upload?user_id=%40whatsapp_5511955578335%3Alenovo 42155 bytes
[Sep 11, 2021 21:47:29] [Matrix/@whatsapp_5511955578335:lenovo/DEBUG] req #15: PUT http://localhost:8008/_matrix/client/r0/profile/@whatsapp_5511955578335:lenovo/avatar_url?user_id=%40whatsapp_5511955578335%3Alenovo {"avatar_url":"mxc://lenovo/aNcKiJzkaUrHkVzawTYBsfSf"}
[Sep 11, 2021 21:47:36] [Matrix/@whatsapp_556793249313:lenovo/DEBUG] req #16: PUT http://localhost:8008/_matrix/client/r0/profile/@whatsapp_556793249313:lenovo/displayname?user_id=%40whatsapp_556793249313%3Alenovo {"displayname":"Fabiano Vieira ⚓️ (WA)"}
[Sep 11, 2021 21:47:51] [Matrix/@whatsapp_5511959758060:lenovo/DEBUG] req #17: POST http://localhost:8008/_matrix/media/r0/upload?user_id=%40whatsapp_5511959758060%3Alenovo 40035 bytes
[Sep 11, 2021 21:48:02] [Matrix/@whatsapp_5511959758060:lenovo/DEBUG] req #18: PUT http://localhost:8008/_matrix/client/r0/profile/@whatsapp_5511959758060:lenovo/avatar_url?user_id=%40whatsapp_5511959758060%3Alenovo {"avatar_url":"mxc://lenovo/PDQHIvSIAFyhklmZxsIiRpap"}
[Sep 11, 2021 21:48:04] [Matrix/@whatsapp_554799642644:lenovo/DEBUG] req #19: POST http://localhost:8008/_matrix/media/r0/upload?user_id=%40whatsapp_554799642644%3Alenovo 11628 bytes
[Sep 11, 2021 21:48:07] [Matrix/DEBUG] Not parsing content of $tdmygWUk5YYY606ePgQKnIqwX-r-l946gYbFQrUf4cI: unsupported event type m.bridge (state)
[Sep 11, 2021 21:48:12] [Matrix/@whatsapp_554799642644:lenovo/DEBUG] req #20: PUT http://localhost:8008/_matrix/client/r0/profile/@whatsapp_554799642644:lenovo/avatar_url?user_id=%40whatsapp_554799642644%3Alenovo {"avatar_url":"mxc://lenovo/HLVIVyYpypuIUBgkULhaacQz"}
[Sep 11, 2021 21:48:12] [Matrix/DEBUG] Not parsing content of $wC-3eRp7SKZUGq5HioqUtzj5AuF_Sg3aMhwHAtgG-qQ: unsupported event type uk.half-shot.bridge (state)
[Sep 11, 2021 21:48:22] [User/@rodrigo:lenovo/DEBUG] Battery message: {Plugged:false Powersave:false Percentage:18}
[Sep 11, 2021 21:48:27] [Matrix/@whatsapp_5511952381690:lenovo/DEBUG] req #21: POST http://localhost:8008/_matrix/media/r0/upload?user_id=%40whatsapp_5511952381690%3Alenovo 43363 bytes
[Sep 11, 2021 21:48:36] [Matrix/@whatsapp_5511992798005:lenovo/DEBUG] req #22: POST http://localhost:8008/_matrix/client/r0/rooms/%21GzhAWHuwTxXzOqULTM:lenovo/join?user_id=%40whatsapp_5511992798005%3Alenovo
[Sep 11, 2021 21:48:36] [Matrix/@whatsapp_5511952381690:lenovo/DEBUG] req #23: PUT http://localhost:8008/_matrix/client/r0/profile/@whatsapp_5511952381690:lenovo/avatar_url?user_id=%40whatsapp_5511952381690%3Alenovo {"avatar_url":"mxc://lenovo/GwgoMUAwnkiJWOqIOvfdfwyW"}
[Sep 11, 2021 21:48:39] [Matrix/@whatsapp_5511992798005:lenovo/DEBUG] req #25: POST http://localhost:8008/_matrix/client/r0/rooms/%21GzhAWHuwTxXzOqULTM:lenovo/join?user_id=%40whatsapp_5511992798005%3Alenovo
[Sep 11, 2021 21:48:40] [Matrix/@whatsapp_5511999857416:lenovo/DEBUG] req #26: POST http://localhost:8008/_matrix/media/r0/upload?user_id=%40whatsapp_5511999857416%3Alenovo 46109 bytes
[Sep 11, 2021 21:48:47] [Matrix/@whatsapp_5511979696751:lenovo/DEBUG] req #27: POST http://localhost:8008/_matrix/client/r0/rooms/%21GzhAWHuwTxXzOqULTM:lenovo/join?user_id=%40whatsapp_5511979696751%3Alenovo
[Sep 11, 2021 21:48:47] [Matrix/@whatsapp_5511999857416:lenovo/DEBUG] req #28: PUT http://localhost:8008/_matrix/client/r0/profile/@whatsapp_5511999857416:lenovo/avatar_url?user_id=%40whatsapp_5511999857416%3Alenovo {"avatar_url":"mxc://lenovo/qlNPZeTjNQdXrSCndbPnldEn"}
[Sep 11, 2021 21:48:53] [Matrix/@whatsapp_5511998894976:lenovo/DEBUG] req #29: PUT http://localhost:8008/_matrix/client/r0/profile/@whatsapp_5511998894976:lenovo/displayname?user_id=%40whatsapp_5511998894976%3Alenovo {"displayname":"EFB (WA)"}
[Sep 11, 2021 21:49:02] [Matrix/@whatsapp_5511979696751:lenovo/DEBUG] req #31: POST http://localhost:8008/_matrix/client/r0/rooms/%21GzhAWHuwTxXzOqULTM:lenovo/join?user_id=%40whatsapp_5511979696751%3Alenovo
[Sep 11, 2021 21:49:03] [Matrix/@whatsapp_5516981574253:lenovo/DEBUG] req #32: POST http://localhost:8008/_matrix/client/r0/register?user_id=%40whatsapp_5516981574253%3Alenovo {"username":"whatsapp_5516981574253","type":"m.login.application_service"}
[Sep 11, 2021 21:49:10] [Matrix/@whatsapp_5516981574253:lenovo/DEBUG] req #33: POST http://localhost:8008/_matrix/media/r0/upload?user_id=%40whatsapp_5516981574253%3Alenovo 55690 bytes
[Sep 11, 2021 21:49:13] [Matrix/@whatsapp_5511943553183:lenovo/DEBUG] req #34: POST http://localhost:8008/_matrix/client/r0/rooms/%21GzhAWHuwTxXzOqULTM:lenovo/join?user_id=%40whatsapp_5511943553183%3Alenovo
[Sep 11, 2021 21:49:18] [Matrix/@whatsapp_5516981574253:lenovo/DEBUG] req #35: PUT http://localhost:8008/_matrix/client/r0/profile/@whatsapp_5516981574253:lenovo/avatar_url?user_id=%40whatsapp_5516981574253%3Alenovo {"avatar_url":"mxc://lenovo/YgDVmQqWnytxNeyJnfoNGarq"}
[Sep 11, 2021 21:49:20] [Matrix/@whatsapp_5511963479697:lenovo/DEBUG] req #37: POST http://localhost:8008/_matrix/media/r0/upload?user_id=%40whatsapp_5511963479697%3Alenovo 48559 bytes
[Sep 11, 2021 21:49:20] [Matrix/@whatsapp_5511943553183:lenovo/DEBUG] req #38: POST http://localhost:8008/_matrix/client/r0/rooms/%21GzhAWHuwTxXzOqULTM:lenovo/join?user_id=%40whatsapp_5511943553183%3Alenovo
[Sep 11, 2021 21:49:30] [Matrix/@whatsapp_5511963479697:lenovo/DEBUG] req #40: PUT http://localhost:8008/_matrix/client/r0/profile/@whatsapp_5511963479697:lenovo/avatar_url?user_id=%40whatsapp_5511963479697%3Alenovo {"avatar_url":"mxc://lenovo/lHIQcYawzuAzWzAsVLqxpwVZ"}
[Sep 11, 2021 21:49:39] [Matrix/@whatsapp_447423033306:lenovo/DEBUG] req #42: POST http://localhost:8008/_matrix/client/r0/register?user_id=%40whatsapp_447423033306%3Alenovo {"username":"whatsapp_447423033306","type":"m.login.application_service"}
[Sep 11, 2021 21:49:41] [Database/User/DEBUG] Creating new portal 5511979696751-1434226498@g.us for 5511979696751-1434226498@g.us
[Sep 11, 2021 21:49:41] [Database/User/WARN] Failed to insert @rodrigo:lenovo: UNIQUE constraint failed: user_portal.user_jid, user_portal.portal_jid, user_portal.portal_receiver
[Sep 11, 2021 21:49:41] [Portal/5511979696751-1434226498@g.us/INFO] Filling initial history, maximum 20 messages
[Sep 11, 2021 21:49:41] [Portal/5511979696751-1434226498@g.us/DEBUG] Fetching chunk 1 (20 messages / 20 cap) before message
[Sep 11, 2021 21:49:41] [Portal/5511979696751-1434226498@g.us/DEBUG] Fetched chunk and received 21 messages
[Sep 11, 2021 21:49:41] [Portal/5511979696751-1434226498@g.us/INFO] Handling 21 messages of history
[Sep 11, 2021 21:49:41] [Portal/5511979696751-1434226498@g.us/DEBUG] Fetching last message from database to get its timestamp
[Sep 11, 2021 21:49:41] [Portal/5511979696751-1434226498@g.us/DEBUG] Starting handling of C849B4D4E5000662162C04C08212CAE5 (text, ts: 1630872998)
[Sep 11, 2021 21:49:41] [Matrix/@whatsapp_5511979696751:lenovo/DEBUG] req #43: PUT http://localhost:8008/_matrix/client/r0/rooms/%21GzhAWHuwTxXzOqULTM:lenovo/send/m.room.message/mautrix-go_1631407781927430444_1?ts=1630872998000&user_id=%40whatsapp_5511979696751%3Alenovo {"msgtype":"m.text","body":"Blz"}
[Sep 11, 2021 21:49:43] [Matrix/@whatsapp_447423033306:lenovo/DEBUG] req #44: PUT http://localhost:8008/_matrix/client/r0/profile/@whatsapp_447423033306:lenovo/avatar_url?user_id=%40whatsapp_447423033306%3Alenovo {"avatar_url":""}
[Sep 11, 2021 21:49:45] [Portal/5511979696751-1434226498@g.us/DEBUG] Handled message C849B4D4E5000662162C04C08212CAE5 -> $40CMCmvaULVQ45yX18AUD2EQUCX8wWBeWb6Wss8xMCE
[Sep 11, 2021 21:49:45] [Portal/5511979696751-1434226498@g.us/DEBUG] Starting handling of 4BE40B3E742BDFBE1AFF87B51DE87CB1 (text, ts: 1630873005)
[Sep 11, 2021 21:49:45] [Matrix/@whatsapp_5511992798005:lenovo/DEBUG] req #45: PUT http://localhost:8008/_matrix/client/r0/rooms/%21GzhAWHuwTxXzOqULTM:lenovo/send/m.room.message/mautrix-go_1631407785435359827_1?ts=1630873005000&user_id=%40whatsapp_5511992798005%3Alenovo {"msgtype":"m.text","body":"Falando nisso"}
[Sep 11, 2021 21:49:47] [Matrix/@whatsapp_5511985133939:lenovo/DEBUG] req #46: POST http://localhost:8008/_matrix/media/r0/upload?user_id=%40whatsapp_5511985133939%3Alenovo 14845 bytes
[Sep 11, 2021 21:49:49] [Portal/5511979696751-1434226498@g.us/DEBUG] Handled message 4BE40B3E742BDFBE1AFF87B51DE87CB1 -> $CQrbDJJwrDyyQyrTykoWVqEo-r1UkcZfPPYL0wl0XlI
[Sep 11, 2021 21:49:49] [Portal/5511979696751-1434226498@g.us/DEBUG] Starting handling of 2AD41029012FEA1FB405765D623F017D (text, ts: 1630873026)
[Sep 11, 2021 21:49:49] [Matrix/@whatsapp_5511992798005:lenovo/DEBUG] req #47: PUT http://localhost:8008/_matrix/client/r0/rooms/%21GzhAWHuwTxXzOqULTM:lenovo/send/m.room.message/mautrix-go_1631407789080630856_2?ts=1630873026000&user_id=%40whatsapp_5511992798005%3Alenovo {"msgtype":"m.text","body":"Tem um cara da empresa rifando um xbox one"}
[Sep 11, 2021 21:49:53] [Matrix/@whatsapp_5511985133939:lenovo/DEBUG] req #48: PUT http://localhost:8008/_matrix/client/r0/profile/@whatsapp_5511985133939:lenovo/avatar_url?user_id=%40whatsapp_5511985133939%3Alenovo {"avatar_url":"mxc://lenovo/egQWSGiAbcpGBSwHYxVQumks"}
[Sep 11, 2021 21:49:56] [Portal/5511979696751-1434226498@g.us/DEBUG] Handled message 2AD41029012FEA1FB405765D623F017D -> $53kR4tCSujPgntUEeLP0wszunPpJ5VNOVobZG_KtFdI
[Sep 11, 2021 21:49:56] [Portal/5511979696751-1434226498@g.us/DEBUG] Starting handling of 3476D2DABAE34ABDF0F6B03B34C00F23 (text, ts: 1630873241)
[Sep 11, 2021 21:49:56] [Matrix/@whatsapp_5511992798005:lenovo/DEBUG] req #49: PUT http://localhost:8008/_matrix/client/r0/rooms/%21GzhAWHuwTxXzOqULTM:lenovo/send/m.room.message/mautrix-go_1631407796213876388_3?ts=1630873241000&user_id=%40whatsapp_5511992798005%3Alenovo {"msgtype":"m.text","body":"25 mangos o número"}
[Sep 11, 2021 21:50:00] [Portal/5511979696751-1434226498@g.us/DEBUG] Handled message 3476D2DABAE34ABDF0F6B03B34C00F23 -> $PlwTNuQoBz35HiaPSDuZB8RSSOgdRrt24WtKBo-bK-o
[Sep 11, 2021 21:50:00] [Portal/5511979696751-1434226498@g.us/DEBUG] Starting handling of 0BC487D04B84442F85F1B16253BAB51E (text, ts: 1630873252)
[Sep 11, 2021 21:50:00] [Matrix/@whatsapp_5511992798005:lenovo/DEBUG] req #50: PUT http://localhost:8008/_matrix/client/r0/rooms/%21GzhAWHuwTxXzOqULTM:lenovo/send/m.room.message/mautrix-go_1631407800563104438_4?ts=1630873252000&user_id=%40whatsapp_5511992798005%3Alenovo {"msgtype":"m.text","body":"Vai com dois controles"}
[Sep 11, 2021 21:50:08] [Portal/5511979696751-1434226498@g.us/DEBUG] Handled message 0BC487D04B84442F85F1B16253BAB51E -> $xSdnDSysgzk_CJnCbh2xfbjVjpkLWBRKblOWdyBA1Mo
[Sep 11, 2021 21:50:08] [Portal/5511979696751-1434226498@g.us/DEBUG] Starting handling of 9E01A344E7202C7062A2C5EB459D2B13 (media image/webp, ts: 1630877530)
[Sep 11, 2021 21:50:08] [Portal/5511979696751-1434226498@g.us/WARN] Got error 'invalid media hmac' while downloading media in 9E01A344E7202C7062A2C5EB459D2B13, but official WhatsApp clients don't seem to care, so ignoring that error and bridging file anyway
[Sep 11, 2021 21:50:08] [Matrix/@whatsapp_5511979696751:lenovo/DEBUG] req #51: POST http://localhost:8008/_matrix/media/r0/upload?user_id=%40whatsapp_5511979696751%3Alenovo 70564 bytes
[Sep 11, 2021 21:50:17] [Matrix/@whatsapp_5511979696751:lenovo/DEBUG] req #52: PUT http://localhost:8008/_matrix/client/r0/rooms/%21GzhAWHuwTxXzOqULTM:lenovo/send/m.sticker/mautrix-go_1631407817405795165_2?ts=1630877530000&user_id=%40whatsapp_5511979696751%3Alenovo {"msgtype":"","body":"image.webp","url":"mxc://lenovo/VPiRJxHXJMdgYmrEkAtawuTW","info":{"mimetype":"image/webp","size":70564}}
[Sep 11, 2021 21:50:20] [Matrix/@whatsapp_554384357836:lenovo/DEBUG] req #53: POST http://localhost:8008/_matrix/media/r0/upload?user_id=%40whatsapp_554384357836%3Alenovo 115503 bytes
[Sep 11, 2021 21:50:24] [Portal/5511979696751-1434226498@g.us/DEBUG] Handled message 9E01A344E7202C7062A2C5EB459D2B13 -> $0wBawoBng2stR1tL-QcnlLc4-3UxArDONc1YNghXoMA
[Sep 11, 2021 21:50:24] [Portal/5511979696751-1434226498@g.us/DEBUG] Starting handling of 3AECEC094304632B412B (media image/webp, ts: 1630888613)
[Sep 11, 2021 21:50:24] [Portal/5511979696751-1434226498@g.us/WARN] Got error 'invalid media hmac' while downloading media in 3AECEC094304632B412B, but official WhatsApp clients don't seem to care, so ignoring that error and bridging file anyway
[Sep 11, 2021 21:50:24] [Matrix/@whatsapp_5511943553183:lenovo/DEBUG] req #54: POST http://localhost:8008/_matrix/media/r0/upload?user_id=%40whatsapp_5511943553183%3Alenovo 16050 bytes
[Sep 11, 2021 21:50:27] [Matrix/@whatsapp_554384357836:lenovo/DEBUG] req #55: PUT http://localhost:8008/_matrix/client/r0/profile/@whatsapp_554384357836:lenovo/avatar_url?user_id=%40whatsapp_554384357836%3Alenovo {"avatar_url":"mxc://lenovo/CpdGnHdgMBxBrJAGZfpzqzyH"}
[Sep 11, 2021 21:50:29] [Matrix/@whatsapp_5511943553183:lenovo/DEBUG] req #56: PUT http://localhost:8008/_matrix/client/r0/rooms/%21GzhAWHuwTxXzOqULTM:lenovo/send/m.sticker/mautrix-go_1631407829181426033_1?ts=1630888613000&user_id=%40whatsapp_5511943553183%3Alenovo {"msgtype":"","body":"image.webp","url":"mxc://lenovo/sxUBJBIIyZewWGTYtzRRmoGs","info":{"mimetype":"image/webp","size":16050}}
[Sep 11, 2021 21:50:30] [Matrix/@whatsapp_5511985684196:lenovo/DEBUG] req #57: POST http://localhost:8008/_matrix/client/r0/register?user_id=%40whatsapp_5511985684196%3Alenovo {"username":"whatsapp_5511985684196","type":"m.login.application_service"}
[Sep 11, 2021 21:50:31] [Portal/5511979696751-1434226498@g.us/DEBUG] Handled message 3AECEC094304632B412B -> $aS6Rzly_Zr7UyKn-KtYszAXNUma_uXA85NoElxGt26U
[Sep 11, 2021 21:50:31] [Portal/5511979696751-1434226498@g.us/DEBUG] Starting handling of 3A5CA251C1C3A99DEA24 (media image/webp, ts: 1630888614)
[Sep 11, 2021 21:50:32] [Portal/5511979696751-1434226498@g.us/WARN] Got error 'invalid media hmac' while downloading media in 3A5CA251C1C3A99DEA24, but official WhatsApp clients don't seem to care, so ignoring that error and bridging file anyway
[Sep 11, 2021 21:50:32] [Matrix/@whatsapp_5511943553183:lenovo/DEBUG] req #58: POST http://localhost:8008/_matrix/media/r0/upload?user_id=%40whatsapp_5511943553183%3Alenovo 16728 bytes
[Sep 11, 2021 21:50:36] [Matrix/@whatsapp_5511943553183:lenovo/DEBUG] req #59: PUT http://localhost:8008/_matrix/client/r0/rooms/%21GzhAWHuwTxXzOqULTM:lenovo/send/m.sticker/mautrix-go_1631407836764094438_2?ts=1630888614000&user_id=%40whatsapp_5511943553183%3Alenovo {"msgtype":"","body":"image.webp","url":"mxc://lenovo/hjiPvbKSBySpgOurxNnhKVwN","info":{"mimetype":"image/webp","size":16728}}
[Sep 11, 2021 21:50:37] [Matrix/@whatsapp_5511985684196:lenovo/DEBUG] req #60: POST http://localhost:8008/_matrix/media/r0/upload?user_id=%40whatsapp_5511985684196%3Alenovo 45907 bytes
[Sep 11, 2021 21:50:40] [Portal/5511979696751-1434226498@g.us/DEBUG] Handled message 3A5CA251C1C3A99DEA24 -> $tN8sp6JgAE4_tI2_m1xVxhoNWHsq3Fhr3wPUCd-NQMA
[Sep 11, 2021 21:50:40] [Portal/5511979696751-1434226498@g.us/DEBUG] Starting handling of 47796724CE196B3E9550C62C86101F47 (text, ts: 1631048256)
[Sep 11, 2021 21:50:40] [Matrix/@whatsapp_5511979696751:lenovo/DEBUG] req #61: PUT http://localhost:8008/_matrix/client/r0/rooms/%21GzhAWHuwTxXzOqULTM:lenovo/send/m.room.message/mautrix-go_1631407840226150122_3?ts=1631048256000&user_id=%40whatsapp_5511979696751%3Alenovo {"msgtype":"m.text","body":"Ces tao na manifestacao do mito?"}
[Sep 11, 2021 21:50:44] [Matrix/@whatsapp_5511985684196:lenovo/DEBUG] req #62: PUT http://localhost:8008/_matrix/client/r0/profile/@whatsapp_5511985684196:lenovo/avatar_url?user_id=%40whatsapp_5511985684196%3Alenovo {"avatar_url":"mxc://lenovo/CShKtnjVIQrRETFdmFZbjsWB"}
[Sep 11, 2021 21:50:45] [Portal/5511979696751-1434226498@g.us/DEBUG] Handled message 47796724CE196B3E9550C62C86101F47 -> $U8a-wJynZxfhVHKUhzKCvu9VQabJl6lkQh7rvXRSUmU
[Sep 11, 2021 21:50:45] [Portal/5511979696751-1434226498@g.us/DEBUG] Starting handling of 3AF92F11BC5754BA4E15 (text, ts: 1631049664)
[Sep 11, 2021 21:50:45] [Matrix/@whatsapp_5511943553183:lenovo/DEBUG] req #63: PUT http://localhost:8008/_matrix/client/r0/rooms/%21GzhAWHuwTxXzOqULTM:lenovo/send/m.room.message/mautrix-go_1631407845775383245_3?ts=1631049664000&user_id=%40whatsapp_5511943553183%3Alenovo {"msgtype":"m.text","body":"Kkkk tô na manifestação mais daqui da minha cama"}
[Sep 11, 2021 21:50:48] [Matrix/@whatsapp_5521972117601:lenovo/DEBUG] req #64: POST http://localhost:8008/_matrix/media/r0/upload?user_id=%40whatsapp_5521972117601%3Alenovo 15377 bytes
[Sep 11, 2021 21:50:52] [Portal/5511979696751-1434226498@g.us/DEBUG] Handled message 3AF92F11BC5754BA4E15 -> $9LN1hHpm4RwS_WgnEo_Nqp-Eu1CA9v2D4S0_8TBSwjc
[Sep 11, 2021 21:50:52] [Portal/5511979696751-1434226498@g.us/DEBUG] Starting handling of B61151EF5846C3BA7BD5B57C6433AAB2 (text, ts: 1631053087)
[Sep 11, 2021 21:50:52] [Matrix/@whatsapp_5511979696751:lenovo/DEBUG] req #65: PUT http://localhost:8008/_matrix/client/r0/rooms/%21GzhAWHuwTxXzOqULTM:lenovo/send/m.room.message/mautrix-go_1631407852199372790_4?ts=1631053087000&user_id=%40whatsapp_5511979696751%3Alenovo {"msgtype":"m.text","body":"Kkkkkkk"}
[Sep 11, 2021 21:50:56] [Matrix/@whatsapp_5521972117601:lenovo/DEBUG] req #66: PUT http://localhost:8008/_matrix/client/r0/profile/@whatsapp_5521972117601:lenovo/avatar_url?user_id=%40whatsapp_5521972117601%3Alenovo {"avatar_url":"mxc://lenovo/dxtZgVcwHrIfaqCpEUEwEAfy"}
[Sep 11, 2021 21:50:58] [Portal/5511979696751-1434226498@g.us/DEBUG] Handled message B61151EF5846C3BA7BD5B57C6433AAB2 -> $_JbGq7rLWl1Y7U7EYBmid18cgi8AH7gcD70wtGkesXg
[Sep 11, 2021 21:50:58] [Portal/5511979696751-1434226498@g.us/DEBUG] Starting handling of 3A0EB92F6D559693979E (text, ts: 1631064237)
[Sep 11, 2021 21:50:58] [Matrix/@whatsapp_5511943553183:lenovo/DEBUG] req #67: PUT http://localhost:8008/_matrix/client/r0/rooms/%21GzhAWHuwTxXzOqULTM:lenovo/send/m.room.message/mautrix-go_1631407858227805576_4?ts=1631064237000&user_id=%40whatsapp_5511943553183%3Alenovo {"msgtype":"m.text","body":"Kkkk amanhã já tem que trampa né"}
[Sep 11, 2021 21:51:01] [Portal/5511979696751-1434226498@g.us/DEBUG] Handled message 3A0EB92F6D559693979E -> $cAvXhPrA5XPW1Z0YIMSVLv0_L2a4zafw1l6-8bLnZdg
[Sep 11, 2021 21:51:01] [Portal/5511979696751-1434226498@g.us/DEBUG] Starting handling of FB19F400A94FE82B0F95AB950E951753 (text, ts: 1631064438)
[Sep 11, 2021 21:51:01] [Matrix/@whatsapp_5511979696751:lenovo/DEBUG] req #68: PUT http://localhost:8008/_matrix/client/r0/rooms/%21GzhAWHuwTxXzOqULTM:lenovo/send/m.room.message/mautrix-go_1631407861478997299_5?ts=1631064438000&user_id=%40whatsapp_5511979696751%3Alenovo {"msgtype":"m.text","body":"Ai fodeu"}
[Sep 11, 2021 21:51:07] [Matrix/@whatsapp_5511970509801:lenovo/DEBUG] req #69: POST http://localhost:8008/_matrix/media/r0/upload?user_id=%40whatsapp_5511970509801%3Alenovo 53654 bytes
[Sep 11, 2021 21:51:08] [Portal/5511979696751-1434226498@g.us/DEBUG] Handled message FB19F400A94FE82B0F95AB950E951753 -> $BUivNO8VtINwU06muC_jvstZY2-9rDyYa5oMfP9gbSY
[Sep 11, 2021 21:51:08] [Portal/5511979696751-1434226498@g.us/DEBUG] Starting handling of 3ABE8FDBC8B49DB97A13 (text, ts: 1631064522)
[Sep 11, 2021 21:51:08] [Matrix/@whatsapp_5511943553183:lenovo/DEBUG] req #70: PUT http://localhost:8008/_matrix/client/r0/rooms/%21GzhAWHuwTxXzOqULTM:lenovo/send/m.room.message/mautrix-go_1631407868870661804_5?ts=1631064522000&user_id=%40whatsapp_5511943553183%3Alenovo {"msgtype":"m.text","body":"Por isso existe tanto vagabundo por aí.. é mo bom não fazer nada"}
[Sep 11, 2021 21:51:17] [Portal/5511979696751-1434226498@g.us/DEBUG] Handled message 3ABE8FDBC8B49DB97A13 -> $7lw4V5v47PcQJda6xaGp-v4l7PTrWRNf_yjan_zuZkA
[Sep 11, 2021 21:51:17] [Portal/5511979696751-1434226498@g.us/DEBUG] Starting handling of 170AC354EDC10E26A785D4B9A0AD7DC3 (text, ts: 1631064544)
[Sep 11, 2021 21:51:17] [Matrix/@whatsapp_5511979696751:lenovo/DEBUG] req #71: PUT http://localhost:8008/_matrix/client/r0/rooms/%21GzhAWHuwTxXzOqULTM:lenovo/send/m.room.message/mautrix-go_1631407877262435425_6?ts=1631064544000&user_id=%40whatsapp_5511979696751%3Alenovo {"msgtype":"m.text","body":"Ta de boa ae?"}
[Sep 11, 2021 21:51:19] [Matrix/@whatsapp_5511970509801:lenovo/DEBUG] req #72: PUT http://localhost:8008/_matrix/client/r0/profile/@whatsapp_5511970509801:lenovo/avatar_url?user_id=%40whatsapp_5511970509801%3Alenovo {"avatar_url":"mxc://lenovo/tHuFcdSxiVDdtMmUvSYqoaFK"}
[Sep 11, 2021 21:51:22] [Portal/status@broadcast-5511992798005@s.whatsapp.net/INFO] Syncing portal for @rodrigo:lenovo
[Sep 11, 2021 21:51:23] [Portal/5511979696751-1434226498@g.us/DEBUG] Handled message 170AC354EDC10E26A785D4B9A0AD7DC3 -> $CAyVMDKaWTkdNWEDokPNFY6YpjNwm_vFGAun6IhspDM
[Sep 11, 2021 21:51:23] [Portal/5511979696751-1434226498@g.us/DEBUG] Starting handling of 3A202C23D718CD3A14E2 (text, ts: 1631064566)
[Sep 11, 2021 21:51:23] [Matrix/@whatsapp_5511943553183:lenovo/DEBUG] req #73: PUT http://localhost:8008/_matrix/client/r0/rooms/%21GzhAWHuwTxXzOqULTM:lenovo/send/m.room.message/mautrix-go_1631407883311447545_6?ts=1631064566000&user_id=%40whatsapp_5511943553183%3Alenovo {"msgtype":"m.text","body":"Eu tô.. aproveitando o feriado kkk"}
[Sep 11, 2021 21:51:23] [Matrix/@whatsapp_5511981283780:lenovo/DEBUG] req #74: PUT http://localhost:8008/_matrix/client/r0/profile/@whatsapp_5511981283780:lenovo/displayname?user_id=%40whatsapp_5511981283780%3Alenovo {"displayname":"Ryan Santos (WA)"}
[Sep 11, 2021 21:51:27] [Portal/5511979696751-1434226498@g.us/DEBUG] Handled message 3A202C23D718CD3A14E2 -> $PEx7D3YfTc5ovL0DLkuWqpClXqydoJ_TNStQZNmOVvY
[Sep 11, 2021 21:51:27] [Portal/5511979696751-1434226498@g.us/DEBUG] Starting handling of CD76E8F9518FD1FC5684D1D79EB42C9F (text, ts: 1631064610)
[Sep 11, 2021 21:51:27] [Matrix/@whatsapp_5511979696751:lenovo/DEBUG] req #75: PUT http://localhost:8008/_matrix/client/r0/rooms/%21GzhAWHuwTxXzOqULTM:lenovo/send/m.room.message/mautrix-go_1631407887139714486_7?ts=1631064610000&user_id=%40whatsapp_5511979696751%3Alenovo {"msgtype":"m.text","body":"Cola ai no discord"}
[Sep 11, 2021 21:51:30] [Portal/5511979696751-1434226498@g.us/DEBUG] Handled message CD76E8F9518FD1FC5684D1D79EB42C9F -> $b4o_4IuguHRhbL3KNKabXSNpIQx7B7fMTeC1ECiMr1I
[Sep 11, 2021 21:51:30] [Portal/5511979696751-1434226498@g.us/DEBUG] Starting handling of 3A929B423005DB5504D7 (text, ts: 1631064762)
[Sep 11, 2021 21:51:30] [Matrix/@whatsapp_5511943553183:lenovo/DEBUG] req #76: PUT http://localhost:8008/_matrix/client/r0/rooms/%21GzhAWHuwTxXzOqULTM:lenovo/send/m.room.message/mautrix-go_1631407890120357371_7?ts=1631064762000&user_id=%40whatsapp_5511943553183%3Alenovo {"msgtype":"m.text","body":"Vou lá pera aí vou encontra o fone"}
[Sep 11, 2021 21:51:35] [Matrix/@whatsapp_5511981283780:lenovo/DEBUG] req #77: POST http://localhost:8008/_matrix/media/r0/upload?user_id=%40whatsapp_5511981283780%3Alenovo 25716 bytes
[Sep 11, 2021 21:51:37] [Portal/5511979696751-1434226498@g.us/DEBUG] Handled message 3A929B423005DB5504D7 -> $dFKT4dSA-CI1oWrmsJBWrAZAor2qyKdqJLHt8uU_-Do
[Sep 11, 2021 21:51:37] [Portal/5511979696751-1434226498@g.us/DEBUG] Starting handling of 9B8E5168A55B37E156BDF5BCB8359B82 (media image/jpeg, ts: 1631396716)
[Sep 11, 2021 21:51:38] [Portal/5511979696751-1434226498@g.us/WARN] Got error 'invalid media hmac' while downloading media in 9B8E5168A55B37E156BDF5BCB8359B82, but official WhatsApp clients don't seem to care, so ignoring that error and bridging file anyway
[Sep 11, 2021 21:51:38] [Matrix/@whatsapp_5511979696751:lenovo/DEBUG] req #78: POST http://localhost:8008/_matrix/media/r0/upload?user_id=%40whatsapp_5511979696751%3Alenovo 471966 bytes
[Sep 11, 2021 21:51:46] [Matrix/@whatsapp_5511981283780:lenovo/DEBUG] req #79: PUT http://localhost:8008/_matrix/client/r0/profile/@whatsapp_5511981283780:lenovo/avatar_url?user_id=%40whatsapp_5511981283780%3Alenovo {"avatar_url":"mxc://lenovo/wtTbEpZHYsZHLhqlvwEBgyYP"}
[Sep 11, 2021 21:51:46] [Matrix/@whatsapp_5511979696751:lenovo/DEBUG] req #80: PUT http://localhost:8008/_matrix/client/r0/rooms/%21GzhAWHuwTxXzOqULTM:lenovo/send/m.room.message/mautrix-go_1631407906548696394_8?ts=1631396716000&user_id=%40whatsapp_5511979696751%3Alenovo {"msgtype":"m.image","body":"image.jfif","url":"mxc://lenovo/oFjOTbvQPCnGuGZFmpnMFjZl","info":{"mimetype":"image/jpeg","w":1075,"h":1059,"size":471966}}
[Sep 11, 2021 21:51:48] [Portal/5511979696751-1434226498@g.us/DEBUG] Handled message 9B8E5168A55B37E156BDF5BCB8359B82 -> $j0yqT3ovUAj4mNAbqy13LYUAWj4tKvfoLMB0H0pOQ1I
[Sep 11, 2021 21:51:48] [Portal/5511979696751-1434226498@g.us/DEBUG] Starting handling of FACADB4E5CF20BB6BBA4F7B315A2BBF4 (text, ts: 1631396745)
[Sep 11, 2021 21:51:48] [Matrix/@whatsapp_5511979696751:lenovo/DEBUG] req #81: PUT http://localhost:8008/_matrix/client/r0/rooms/%21GzhAWHuwTxXzOqULTM:lenovo/send/m.room.message/mautrix-go_1631407908870670704_9?ts=1631396745000&user_id=%40whatsapp_5511979696751%3Alenovo {"msgtype":"m.text","body":"Shrek mt foda"}
[Sep 11, 2021 21:51:56] [Portal/5511979696751-1434226498@g.us/DEBUG] Handled message FACADB4E5CF20BB6BBA4F7B315A2BBF4 -> $EgezLaSm2eWM2CXmCdvJY9C3Ms9lWGzplpwwfwwci6g
[Sep 11, 2021 21:51:56] [Portal/5511979696751-1434226498@g.us/INFO] Initial history fill complete
[Sep 11, 2021 21:52:01] [User/@rodrigo:lenovo/DEBUG] Syncing chat map[count:12 jid:5519991400502-1505137163@g.us modify_tag:741252 mute:0 name:SPRP - FiveM🎮 spam:false t:1631207251]
[Sep 11, 2021 21:52:01] [Portal/5519991400502-1505137163@g.us/INFO] Syncing portal for @rodrigo:lenovo
[Sep 11, 2021 21:52:01] [Database/Puppet/ERROR] Database scan failed: database is locked
[Sep 11, 2021 21:52:01] [Database/Puppet/WARN] Failed to insert 553591522391@s.whatsapp.net: UNIQUE constraint failed: puppet.jid
[Sep 11, 2021 21:52:01] [Matrix/@whatsapp_553591522391:lenovo/DEBUG] req #83: PUT http://localhost:8008/_matrix/client/r0/profile/@whatsapp_553591522391:lenovo/displayname?user_id=%40whatsapp_553591522391%3Alenovo {"displayname":"Carlos Jr (WA)"}
[Sep 11, 2021 21:52:01] [Puppet/5511996358954@s.whatsapp.net/DEBUG] Syncing contact info through @rodrigo:lenovo / 5511992798005@s.whatsapp.net because puppet has no displayname
[Sep 11, 2021 21:52:05] [User/@rodrigo:lenovo/DEBUG] Syncing chat map[count:1 jid:5511947430375-1531832995@g.us modify_tag:174110 mute:0 name:L5 DEV - Sem brigas spam:false t:1631192512]
[Sep 11, 2021 21:52:05] [Portal/5511947430375-1531832995@g.us/INFO] Syncing portal for @rodrigo:lenovo
[Sep 11, 2021 21:52:05] [Puppet/5515998288610@s.whatsapp.net/DEBUG] Syncing contact info through @rodrigo:lenovo / 5511992798005@s.whatsapp.net because puppet has no displayname
[Sep 11, 2021 21:52:06] [Matrix/@whatsapp_553591522391:lenovo/DEBUG] req #85: POST http://localhost:8008/_matrix/media/r0/upload?user_id=%40whatsapp_553591522391%3Alenovo 47489 bytes
[Sep 11, 2021 21:52:06] [Puppet/5511999605099@s.whatsapp.net/DEBUG] Syncing contact info through @rodrigo:lenovo / 5511992798005@s.whatsapp.net because puppet has no displayname
[Sep 11, 2021 21:52:12] [Database/StateStore/WARN] Failed to scan registration existence for @whatsapp_553591522391:lenovo: database is locked
[Sep 11, 2021 21:52:12] [Matrix/@whatsapp_553591522391:lenovo/DEBUG] req #87: POST http://localhost:8008/_matrix/client/r0/register?user_id=%40whatsapp_553591522391%3Alenovo {"username":"whatsapp_553591522391","type":"m.login.application_service"}
[Sep 11, 2021 21:52:13] [User/@rodrigo:lenovo/DEBUG] Battery message: {Plugged:false Powersave:false Percentage:17}
[Sep 11, 2021 21:52:17] [Database/StateStore/WARN] Failed to mark @whatsapp_553591522391:lenovo as registered: database is locked
[Sep 11, 2021 21:52:17] [Matrix/@whatsapp_553591522391:lenovo/DEBUG] req #88: PUT http://localhost:8008/_matrix/client/r0/profile/@whatsapp_553591522391:lenovo/avatar_url?user_id=%40whatsapp_553591522391%3Alenovo {"avatar_url":"mxc://lenovo/bxHYSvgQbrePREDkTVjiKoUF"}
[Sep 11, 2021 21:52:23] [User/@rodrigo:lenovo/INFO] Finished syncing portals
[Sep 11, 2021 21:52:23] [User/@rodrigo:lenovo/DEBUG] Post-connection portal sync complete, unlocking processing of incoming messages.
[Sep 11, 2021 21:52:23] [User/@rodrigo:lenovo/DEBUG] Processing of incoming messages unlocked
[Sep 11, 2021 21:52:23] [Portal/5493515193933@s.whatsapp.net-5511992798005@s.whatsapp.net/DEBUG] Not creating portal room for incoming message: message is too old
[Sep 11, 2021 21:52:23] [Portal/5511947430375-1531832995@g.us/DEBUG] Fetching last message from database to get its timestamp
[Sep 11, 2021 21:52:23] [Portal/5511999605099@s.whatsapp.net-5511992798005@s.whatsapp.net/DEBUG] Not creating portal room for incoming message: message is too old
[Sep 11, 2021 21:52:23] [Portal/15128722274@s.whatsapp.net-5511992798005@s.whatsapp.net/DEBUG] Not creating portal room for incoming message: message is too old
[Sep 11, 2021 21:52:23] [Portal/5511951192934@s.whatsapp.net-5511992798005@s.whatsapp.net/DEBUG] Not creating portal room for incoming message: message is too old
[Sep 11, 2021 21:52:23] [Portal/5511979696751@s.whatsapp.net-5511992798005@s.whatsapp.net/DEBUG] Fetching last message from database to get its timestamp
[Sep 11, 2021 21:52:23] [Portal/5511979696751-1434226498@g.us/DEBUG] Not handling FACADB4E5CF20BB6BBA4F7B315A2BBF4 (text): message is duplicate
[Sep 11, 2021 21:52:23] [Portal/5511979696751-1434226498@g.us/DEBUG] Not handling 89BBEE8E8F4C99A1CABD7311522476AA (text): message is >5 minutes older (1630872975) than last bridge message (1631396745)
[Sep 11, 2021 21:52:23] [Portal/5511979696751-1434226498@g.us/DEBUG] Not handling 34D74298D1206774B71219BF2CDF094C (text): message is >5 minutes older (1630872981) than last bridge message (1631396745)
[Sep 11, 2021 21:52:23] [Portal/5511979696751-1434226498@g.us/DEBUG] Not handling 2E13A7FA935515B4CFEE2F1C9FBB9886 (text): message is >5 minutes older (1630872991) than last bridge message (1631396745)
[Sep 11, 2021 21:52:23] [Portal/5511979696751-1434226498@g.us/DEBUG] Not handling C849B4D4E5000662162C04C08212CAE5 (text): message is >5 minutes older (1630872998) than last bridge message (1631396745)
[Sep 11, 2021 21:52:23] [Portal/5511979696751-1434226498@g.us/DEBUG] Not handling 4BE40B3E742BDFBE1AFF87B51DE87CB1 (text): message is >5 minutes older (1630873005) than last bridge message (1631396745)
[Sep 11, 2021 21:52:23] [Portal/5519991400502-1505137163@g.us/DEBUG] Fetching last message from database to get its timestamp
[Sep 11, 2021 21:52:23] [Portal/5511945254201@s.whatsapp.net-5511992798005@s.whatsapp.net/DEBUG] Not creating portal room for incoming message: message is too old
[Sep 11, 2021 21:52:23] [Portal/5511999910621@s.whatsapp.net-5511992798005@s.whatsapp.net/DEBUG] Not creating portal room for incoming message: message is too old
[Sep 11, 2021 21:52:23] [Portal/5511981062303@s.whatsapp.net-5511992798005@s.whatsapp.net/DEBUG] Fetching last message from database to get its timestamp
[Sep 11, 2021 21:52:23] [Portal/5511989872131@s.whatsapp.net-5511992798005@s.whatsapp.net/DEBUG] Not creating portal room for incoming message: message is too old
[Sep 11, 2021 21:52:23] [Portal/5511985133939@s.whatsapp.net-5511992798005@s.whatsapp.net/DEBUG] Fetching last message from database to get its timestamp
[Sep 11, 2021 21:52:23] [Portal/5511998219298@s.whatsapp.net-5511992798005@s.whatsapp.net/DEBUG] Not creating portal room for incoming message: message is too old
[Sep 11, 2021 21:52:23] [Portal/5511958461198@s.whatsapp.net-5511992798005@s.whatsapp.net/DEBUG] Not creating portal room for incoming message: message is too old
[Sep 11, 2021 21:52:23] [Portal/5493515193732@s.whatsapp.net-5511992798005@s.whatsapp.net/DEBUG] Not creating portal room for incoming message: message is too old
[Sep 11, 2021 21:52:23] [Portal/5511992798005@s.whatsapp.net/DEBUG] Not creating portal room for incoming message: message is too old
[Sep 11, 2021 21:52:23] [Portal/5519991400502-1576521989@g.us/DEBUG] Not creating portal room for incoming message: message is too old
[Sep 11, 2021 21:52:23] [Portal/5511955578335-1614918606@g.us/DEBUG] Fetching last message from database to get its timestamp
[Sep 11, 2021 21:52:23] [Portal/5511979696751-1434226498@g.us/DEBUG] Not handling 2AD41029012FEA1FB405765D623F017D (text): message is >5 minutes older (1630873026) than last bridge message (1631396745)
[Sep 11, 2021 21:52:23] [Portal/5511983374733@s.whatsapp.net-5511992798005@s.whatsapp.net/DEBUG] Not creating portal room for incoming message: message is too old
[Sep 11, 2021 21:52:23] [Portal/5511979696751-1434226498@g.us/DEBUG] Not handling 3476D2DABAE34ABDF0F6B03B34C00F23 (text): message is >5 minutes older (1630873241) than last bridge message (1631396745)
[Sep 11, 2021 21:52:23] [Portal/5511998894976@s.whatsapp.net-5511992798005@s.whatsapp.net/DEBUG] Not creating portal room for incoming message: message is too old
[Sep 11, 2021 21:52:23] [Portal/5514997744347-1560702554@g.us/DEBUG] Not creating portal room for incoming message: message is too old
[Sep 11, 2021 21:52:23] [Portal/5511979696751-1434226498@g.us/DEBUG] Not handling 0BC487D04B84442F85F1B16253BAB51E (text): message is >5 minutes older (1630873252) than last bridge message (1631396745)
[Sep 11, 2021 21:52:23] [Portal/5511958353856-1502499190@g.us/DEBUG] Not creating portal room for incoming message: message is too old
[Sep 11, 2021 21:52:23] [Portal/5511989717011@s.whatsapp.net-5511992798005@s.whatsapp.net/DEBUG] Not creating portal room for incoming message: message is too old
[Sep 11, 2021 21:52:23] [Portal/551139847914@s.whatsapp.net-5511992798005@s.whatsapp.net/DEBUG] Not creating portal room for incoming message: message is too old
[Sep 11, 2021 21:52:23] [Portal/5511952381690@s.whatsapp.net-5511992798005@s.whatsapp.net/DEBUG] Not creating portal room for incoming message: message is too old
[Sep 11, 2021 21:52:23] [Portal/5511980668612@s.whatsapp.net-5511992798005@s.whatsapp.net/DEBUG] Not creating portal room for incoming message: message is too old
[Sep 11, 2021 21:52:23] [Portal/5514997744347@s.whatsapp.net-5511992798005@s.whatsapp.net/DEBUG] Not creating portal room for incoming message: message is too old
[Sep 11, 2021 21:52:23] [Portal/5511932578429@s.whatsapp.net-5511992798005@s.whatsapp.net/DEBUG] Not creating portal room for incoming message: message is too old
[Sep 11, 2021 21:52:23] [Portal/5511932948779@s.whatsapp.net-5511992798005@s.whatsapp.net/DEBUG] Not creating portal room for incoming message: message is too old
[Sep 11, 2021 21:52:23] [Portal/5511948907772@s.whatsapp.net-5511992798005@s.whatsapp.net/DEBUG] Fetching last message from database to get its timestamp
[Sep 11, 2021 21:52:23] [Portal/5511958743365@s.whatsapp.net-5511992798005@s.whatsapp.net/DEBUG] Not creating portal room for incoming message: message is too old
[Sep 11, 2021 21:52:23] [Portal/5511996685073@s.whatsapp.net-5511992798005@s.whatsapp.net/DEBUG] Not creating portal room for incoming message: message is too old
[Sep 11, 2021 21:52:23] [Portal/5511933967566@s.whatsapp.net-5511992798005@s.whatsapp.net/DEBUG] Not creating portal room for incoming message: message is too old
[Sep 11, 2021 21:52:23] [Portal/5511994783987@s.whatsapp.net-5511992798005@s.whatsapp.net/DEBUG] Not creating portal room for incoming message: message is too old
[Sep 11, 2021 21:52:23] [Portal/5511955578335-1614918606@g.us/DEBUG] Starting handling of 69605416B1F152481DEEAA9DF347A1CD (text, ts: 1631401491)
[Sep 11, 2021 21:52:23] [Portal/5511979632653@s.whatsapp.net-5511992798005@s.whatsapp.net/DEBUG] Not creating portal room for incoming message: message is too old
[Sep 11, 2021 21:52:23] [Portal/5511945747756@s.whatsapp.net-5511992798005@s.whatsapp.net/DEBUG] Not creating portal room for incoming message: message is too old
[Sep 11, 2021 21:52:23] [Portal/5511993155252@s.whatsapp.net-5511992798005@s.whatsapp.net/DEBUG] Not creating portal room for incoming message: message is too old
[Sep 11, 2021 21:52:23] [Portal/5511933392421@s.whatsapp.net-5511992798005@s.whatsapp.net/DEBUG] Not creating portal room for incoming message: message is too old
[Sep 11, 2021 21:52:23] [Portal/5511969194493@s.whatsapp.net-5511992798005@s.whatsapp.net/DEBUG] Not creating portal room for incoming message: message is too old
[Sep 11, 2021 21:52:23] [Portal/5511966433176@s.whatsapp.net-5511992798005@s.whatsapp.net/DEBUG] Not creating portal room for incoming message: message is too old
[Sep 11, 2021 21:52:23] [Portal/5511949914081@s.whatsapp.net-5511992798005@s.whatsapp.net/DEBUG] Not creating portal room for incoming message: message is too old
[Sep 11, 2021 21:52:23] [Portal/5511953298678@s.whatsapp.net-5511992798005@s.whatsapp.net/DEBUG] Not creating portal room for incoming message: message is too old
[Sep 11, 2021 21:52:23] [Portal/5511979696751@s.whatsapp.net-5511992798005@s.whatsapp.net/DEBUG] Not handling 2C3727996A5926E43E3793476BD570BC (media image/jpeg): message is duplicate
[Sep 11, 2021 21:52:23] [Portal/5511947430375-1531832995@g.us/DEBUG] Starting handling of 3A30C0B9220EEB167DE2 (media image/jpeg, ts: 1631192512)
[Sep 11, 2021 21:52:23] [Portal/5511985133939@s.whatsapp.net-5511992798005@s.whatsapp.net/DEBUG] Starting handling of 6B658F1D95EE90ABB0F3174B4F5AEEDD (media image/jpeg, ts: 1630168481)
[Sep 11, 2021 21:52:23] [Portal/5511979696751-1434226498@g.us/DEBUG] Not handling 9E01A344E7202C7062A2C5EB459D2B13 (media image/webp): message is >5 minutes older (1630877530) than last bridge message (1631396745)
[Sep 11, 2021 21:52:23] [Portal/5511979696751-1434226498@g.us/DEBUG] Not handling 3AECEC094304632B412B (media image/webp): message is >5 minutes older (1630888613) than last bridge message (1631396745)
[Sep 11, 2021 21:52:23] [Portal/5511979696751-1434226498@g.us/DEBUG] Not handling 3A5CA251C1C3A99DEA24 (media image/webp): message is >5 minutes older (1630888614) than last bridge message (1631396745)
[Sep 11, 2021 21:52:23] [Portal/5511979696751-1434226498@g.us/DEBUG] Not handling 47796724CE196B3E9550C62C86101F47 (text): message is >5 minutes older (1631048256) than last bridge message (1631396745)
[Sep 11, 2021 21:52:23] [Portal/5511979696751-1434226498@g.us/DEBUG] Not handling 3AF92F11BC5754BA4E15 (text): message is >5 minutes older (1631049664) than last bridge message (1631396745)
[Sep 11, 2021 21:52:23] [Portal/5511979696751-1434226498@g.us/DEBUG] Not handling B61151EF5846C3BA7BD5B57C6433AAB2 (text): message is >5 minutes older (1631053087) than last bridge message (1631396745)
[Sep 11, 2021 21:52:23] [Portal/5519991400502-1505137163@g.us/DEBUG] Starting handling of A70D6281AA1E3E70457691F09E8F451A (text, ts: 1631207251)
[Sep 11, 2021 21:52:23] [Portal/5511979696751-1434226498@g.us/DEBUG] Not handling 3A0EB92F6D559693979E (text): message is >5 minutes older (1631064237) than last bridge message (1631396745)
[Sep 11, 2021 21:52:23] [Portal/5511979696751-1434226498@g.us/DEBUG] Not handling FB19F400A94FE82B0F95AB950E951753 (text): message is >5 minutes older (1631064438) than last bridge message (1631396745)
[Sep 11, 2021 21:52:23] [Portal/5511979696751-1434226498@g.us/DEBUG] Not handling 3ABE8FDBC8B49DB97A13 (text): message is >5 minutes older (1631064522) than last bridge message (1631396745)
[Sep 11, 2021 21:52:23] [Matrix/@whatsapp_5511985133939:lenovo/DEBUG] req #89: PUT http://localhost:8008/_matrix/client/r0/rooms/%21FyrrPSJccePLRZcFAj:lenovo/send/m.room.message/mautrix-go_1631407943938773577_1?ts=1631401491000&user_id=%40whatsapp_5511985133939%3Alenovo {"msgtype":"m.text","body":"https://m.facebook.com/groups/524578405182255/permalink/674739220166172/?sfnsn=wiwspwa"}
[Sep 11, 2021 21:52:23] [Matrix/@whatsapp_5511966433176:lenovo/DEBUG] req #90: PUT http://localhost:8008/_matrix/client/r0/rooms/%21AicmlGOTtVzWbVIpgt:lenovo/send/m.room.message/mautrix-go_1631407943940146277_1?ts=1631207251000&user_id=%40whatsapp_5511966433176%3Alenovo {"msgtype":"m.text","body":"Dradde mostrou pra que veio 😂😂😂😂"}
[Sep 11, 2021 21:52:23] [Portal/5511979696751-1434226498@g.us/DEBUG] Not handling 170AC354EDC10E26A785D4B9A0AD7DC3 (text): message is >5 minutes older (1631064544) than last bridge message (1631396745)
[Sep 11, 2021 21:52:23] [Portal/5511979696751-1434226498@g.us/DEBUG] Not handling 3A202C23D718CD3A14E2 (text): message is >5 minutes older (1631064566) than last bridge message (1631396745)
[Sep 11, 2021 21:52:23] [Portal/5511979696751-1434226498@g.us/DEBUG] Not handling CD76E8F9518FD1FC5684D1D79EB42C9F (text): message is >5 minutes older (1631064610) than last bridge message (1631396745)
[Sep 11, 2021 21:52:23] [Portal/5511979696751-1434226498@g.us/DEBUG] Not handling 3A929B423005DB5504D7 (text): message is >5 minutes older (1631064762) than last bridge message (1631396745)
[Sep 11, 2021 21:52:23] [Portal/5511981062303@s.whatsapp.net-5511992798005@s.whatsapp.net/DEBUG] Not handling 2E1E0FA083BAD3CEED2E843C299BD719 (text): message is duplicate
[Sep 11, 2021 21:52:23] [Portal/5511979696751-1434226498@g.us/DEBUG] Not handling 9B8E5168A55B37E156BDF5BCB8359B82 (media image/jpeg): message is duplicate
[Sep 11, 2021 21:52:23] [Portal/5511948907772@s.whatsapp.net-5511992798005@s.whatsapp.net/DEBUG] Not handling 24B9366507DB95307AC46378818FFF0E (text): message is duplicate
[Sep 11, 2021 21:52:24] [Portal/5511947430375-1531832995@g.us/WARN] Got error 'invalid media hmac' while downloading media in 3A30C0B9220EEB167DE2, but official WhatsApp clients don't seem to care, so ignoring that error and bridging file anyway
[Sep 11, 2021 21:52:24] [Matrix/@whatsapp_5519981758100:lenovo/DEBUG] req #91: POST http://localhost:8008/_matrix/media/r0/upload?user_id=%40whatsapp_5519981758100%3Alenovo 59347 bytes
[Sep 11, 2021 21:52:24] [Portal/5511985133939@s.whatsapp.net-5511992798005@s.whatsapp.net/WARN] Got error 'invalid media hmac' while downloading media in 6B658F1D95EE90ABB0F3174B4F5AEEDD, but official WhatsApp clients don't seem to care, so ignoring that error and bridging file anyway
[Sep 11, 2021 21:52:24] [Matrix/@whatsapp_5511985133939:lenovo/DEBUG] req #92: POST http://localhost:8008/_matrix/media/r0/upload?user_id=%40whatsapp_5511985133939%3Alenovo 155554 bytes
[Sep 11, 2021 21:52:27] [Matrix/@whatsapp_5511932948779:lenovo/DEBUG] req #93: POST http://localhost:8008/_matrix/media/r0/upload?user_id=%40whatsapp_5511932948779%3Alenovo 44748 bytes
[Sep 11, 2021 21:52:33] [Portal/5511955578335-1614918606@g.us/DEBUG] Handled message 69605416B1F152481DEEAA9DF347A1CD -> $GPwePxd82R6gYJetJsosEOQJw4uqNAI7P4tSeAqLWXE
[Sep 11, 2021 21:52:33] [Portal/5511955578335-1614918606@g.us/DEBUG] Not handling 0F1070088AE396FBD0D4FA6FC75D8020 (media image/webp): message is >5 minutes older (1631117244) than last bridge message (1631401491)
[Sep 11, 2021 21:52:33] [Portal/5511955578335-1614918606@g.us/DEBUG] Not handling CD9171B808DDD740F7F462C713FB5C55 (media video/mp4): message is >5 minutes older (1631121181) than last bridge message (1631401491)
[Sep 11, 2021 21:52:33] [Portal/5511955578335-1614918606@g.us/DEBUG] Not handling B8038736431D265A4FCC15763210BA2D (media video/mp4): message is >5 minutes older (1631145443) than last bridge message (1631401491)
[Sep 11, 2021 21:52:33] [Portal/5511955578335-1614918606@g.us/DEBUG] Not handling 00ECA16D885BEA427312C117296D1B1B (media video/mp4): message is >5 minutes older (1631146516) than last bridge message (1631401491)
[Sep 11, 2021 21:52:33] [Portal/5511955578335-1614918606@g.us/DEBUG] Not handling BCAAEEF9B223ED61D9605C60A14707DA (media video/mp4): message is >5 minutes older (1631150272) than last bridge message (1631401491)
[Sep 11, 2021 21:52:33] [Portal/5511955578335-1614918606@g.us/DEBUG] Not handling 7B720A08A1FBC59B70497A7489C6AA25 (media video/mp4): message is >5 minutes older (1631150823) than last bridge message (1631401491)
[Sep 11, 2021 21:52:33] [Portal/5511955578335-1614918606@g.us/DEBUG] Not handling B2E40B056C70B9DDD60AB459D60C12D4 (text): message is >5 minutes older (1631151049) than last bridge message (1631401491)
[Sep 11, 2021 21:52:33] [Portal/5511955578335-1614918606@g.us/DEBUG] Not handling 281F282ACE4822CB24848B1C011CEE5B (media video/mp4): message is >5 minutes older (1631163899) than last bridge message (1631401491)
[Sep 11, 2021 21:52:33] [Portal/5511955578335-1614918606@g.us/DEBUG] Not handling 2E5702CCE947C2FDCAC9154F62FA9AA6 (media video/mp4): message is >5 minutes older (1631183583) than last bridge message (1631401491)
[Sep 11, 2021 21:52:33] [Portal/5511955578335-1614918606@g.us/DEBUG] Not handling B7076F350F6B55EAC0952A826BDBB7D4 (media video/mp4): message is >5 minutes older (1631189703) than last bridge message (1631401491)
[Sep 11, 2021 21:52:33] [Portal/5511955578335-1614918606@g.us/DEBUG] Not handling 3ACD6410A7227234C864 (text): message is >5 minutes older (1631197404) than last bridge message (1631401491)
[Sep 11, 2021 21:52:33] [Portal/5511955578335-1614918606@g.us/DEBUG] Not handling BBA54A35BEBA0B20C6EF3AA67D2EAFB1 (media video/mp4): message is >5 minutes older (1631205403) than last bridge message (1631401491)
[Sep 11, 2021 21:52:33] [Portal/5511955578335-1614918606@g.us/DEBUG] Not handling 67358FC68CA862323C754896384B02A6 (media video/mp4): message is >5 minutes older (1631222043) than last bridge message (1631401491)
[Sep 11, 2021 21:52:33] [Portal/5511955578335-1614918606@g.us/DEBUG] Not handling D9F297B49246B8FE9B1BA30B047EB261 (text): message is >5 minutes older (1631222370) than last bridge message (1631401491)
[Sep 11, 2021 21:52:33] [Portal/5511955578335-1614918606@g.us/DEBUG] Not handling D6815B7FD5179CFB9355AE2118AD778F (media video/mp4): message is >5 minutes older (1631228005) than last bridge message (1631401491)
[Sep 11, 2021 21:52:33] [Portal/5511955578335-1614918606@g.us/DEBUG] Not handling BBF85A8877219D7185108207045EBC33 (media video/mp4): message is >5 minutes older (1631234862) than last bridge message (1631401491)
[Sep 11, 2021 21:52:33] [Portal/5511955578335-1614918606@g.us/DEBUG] Not handling EA088824C7A0B4A26CB7424AD0138560 (media video/mp4): message is >5 minutes older (1631235847) than last bridge message (1631401491)
[Sep 11, 2021 21:52:33] [Portal/5511955578335-1614918606@g.us/DEBUG] Not handling 0BB04CF22186B741F75095D65F121092 (media video/mp4): message is >5 minutes older (1631238285) than last bridge message (1631401491)
[Sep 11, 2021 21:52:33] [Portal/5511955578335-1614918606@g.us/DEBUG] Not handling 6A236D8305AD2D42AB1902A8BE70CF54 (text): message is >5 minutes older (1631238298) than last bridge message (1631401491)
[Sep 11, 2021 21:52:33] [Portal/5511955578335-1614918606@g.us/DEBUG] Not handling C3A3DB925172E7485667C7374078AAC5 (text): message is >5 minutes older (1631289752) than last bridge message (1631401491)
[Sep 11, 2021 21:52:33] [Portal/5511955578335-1614918606@g.us/DEBUG] Not handling 8B572C3E149CDF9F9F220C4469CC2E2E (text): message is >5 minutes older (1631289754) than last bridge message (1631401491)
[Sep 11, 2021 21:52:33] [Portal/5511955578335-1614918606@g.us/DEBUG] Not handling E88F2EF91674213252DF954E6416556B (media video/mp4): message is >5 minutes older (1631318110) than last bridge message (1631401491)
[Sep 11, 2021 21:52:33] [Portal/5511955578335-1614918606@g.us/DEBUG] Not handling 3272C425B7F50CBD1A8476E26F653409 (media video/mp4): message is >5 minutes older (1631321261) than last bridge message (1631401491)
[Sep 11, 2021 21:52:33] [Portal/5511955578335-1614918606@g.us/DEBUG] Not handling EA65D18DED4E56D72AB308408C39F89F (media image/jpeg): message is >5 minutes older (1631325397) than last bridge message (1631401491)
[Sep 11, 2021 21:52:33] [Portal/5511955578335-1614918606@g.us/DEBUG] Not handling 0F4926C6D345DE97802CC291ABC7E8CF (media video/mp4): message is >5 minutes older (1631325400) than last bridge message (1631401491)
[Sep 11, 2021 21:52:33] [Portal/5511955578335-1614918606@g.us/DEBUG] Not handling 66ED0CB114EA79EEC4781B247CC29775 (media video/mp4): message is >5 minutes older (1631337063) than last bridge message (1631401491)
[Sep 11, 2021 21:52:33] [Portal/5511955578335-1614918606@g.us/DEBUG] Not handling 9ED2D04166AD58CD16B21CE134F8A27F (media video/mp4): message is >5 minutes older (1631372719) than last bridge message (1631401491)
[Sep 11, 2021 21:52:33] [Portal/5511955578335-1614918606@g.us/DEBUG] Not handling B9508CB9DFAFA9C19DFE2F5E261B61CE (media video/mp4): message is >5 minutes older (1631384571) than last bridge message (1631401491)
[Sep 11, 2021 21:52:33] [Matrix/@whatsapp_5511985133939:lenovo/DEBUG] req #94: PUT http://localhost:8008/_matrix/client/r0/rooms/%21eDTDQnVuPXsHyRIUam:lenovo/send/m.room.message/mautrix-go_1631407953814996016_2?ts=1630168481000&user_id=%40whatsapp_5511985133939%3Alenovo {"msgtype":"m.image","body":"image.jfif","url":"mxc://lenovo/WNPNVhQBBluEbhhLzScVCKlX","info":{"mimetype":"image/jpeg","w":1280,"h":720,"size":155554}}
[Sep 11, 2021 21:52:35] [Matrix/@whatsapp_5519981758100:lenovo/DEBUG] req #95: PUT http://localhost:8008/_matrix/client/r0/rooms/%21AglgqoaidGLJRmfwkX:lenovo/send/m.room.message/mautrix-go_1631407955391867135_1?ts=1631192512000&user_id=%40whatsapp_5519981758100%3Alenovo {"msgtype":"m.image","body":"image.jfif","url":"mxc://lenovo/ONWfwEimmmxYbAteMsyPouDN","info":{"mimetype":"image/jpeg","w":526,"h":520,"size":59347}}
[Sep 11, 2021 21:52:36] [Matrix/@whatsapp_5511932948779:lenovo/DEBUG] req #96: PUT http://localhost:8008/_matrix/client/r0/profile/@whatsapp_5511932948779:lenovo/avatar_url?user_id=%40whatsapp_5511932948779%3Alenovo {"avatar_url":"mxc://lenovo/trQDngYGecVTDtFfYTBDfUjU"}
[Sep 11, 2021 21:52:39] [Portal/5519991400502-1505137163@g.us/DEBUG] Handled message A70D6281AA1E3E70457691F09E8F451A -> $hr9h3frD2UFAl_fhMpI5hQXZeAkkXYxStdT5qXI4F3s
[Sep 11, 2021 21:52:43] [Portal/5511985133939@s.whatsapp.net-5511992798005@s.whatsapp.net/DEBUG] Handled message 6B658F1D95EE90ABB0F3174B4F5AEEDD -> $GtDfiYmy3JR1dzKFJ4bAjIBrRgjyXugZ0kXhvUdI7X8
[Sep 11, 2021 21:52:45] [Matrix/@whatsapp_5511945254201:lenovo/DEBUG] req #97: POST http://localhost:8008/_matrix/media/r0/upload?user_id=%40whatsapp_5511945254201%3Alenovo 59379 bytes
[Sep 11, 2021 21:52:50] [Portal/5511947430375-1531832995@g.us/DEBUG] Handled message 3A30C0B9220EEB167DE2 -> $e6YYatcUKkf5DZqyv71A9CK8kszWCgsi1d5pKSy-KNk
[Sep 11, 2021 21:53:03] [Matrix/@whatsapp_5511945254201:lenovo/DEBUG] req #98: PUT http://localhost:8008/_matrix/client/r0/profile/@whatsapp_5511945254201:lenovo/avatar_url?user_id=%40whatsapp_5511945254201%3Alenovo {"avatar_url":"mxc://lenovo/YHSWfvkQsLssfSvWCojGZGFB"}
[Sep 11, 2021 21:53:07] [User/@rodrigo:lenovo/INFO] Finished syncing puppet info from contacts
[Sep 11, 2021 21:57:02] [User/@rodrigo:lenovo/DEBUG] JSON message with tag s19: ["Stream","asleep"]
[Sep 11, 2021 22:22:06] [INFO] Interrupt received, stopping...
[Sep 11, 2021 22:22:06] [Matrix/DEBUG] Listener stopped.
[Sep 11, 2021 22:22:06] [DEBUG] Disconnecting @rodrigo:lenovo
[Sep 11, 2021 22:22:06] [User/@rodrigo:lenovo/Conn/DEBUG] Disconnecting websocket
[Sep 11, 2021 22:22:06] [User/@rodrigo:lenovo/Conn/DEBUG] Websocket read pump exiting 0xc000694730
[Sep 11, 2021 22:22:06] [User/@rodrigo:lenovo/Conn/DEBUG] Websocket keepalive loop exiting 0xc000694730
[Sep 11, 2021 22:22:06] [User/@rodrigo:lenovo/Conn/DEBUG] Websocket disconnection complete
[Sep 11, 2021 22:22:06] [INFO] Bridge stopped.
